{"meta": {"version": "7.3.2", "timestamp": "2025-12-05T09:38:47.021424", "branch_coverage": true, "show_contexts": false}, "files": {"app/__init__.py": {"executed_lines": [1, 18, 19, 20], "summary": {"covered_lines": 3, "num_statements": 3, "percent_covered": 100.0, "percent_covered_display": "100.00", "missing_lines": 0, "excluded_lines": 0, "num_branches": 0, "num_partial_branches": 0, "covered_branches": 0, "missing_branches": 0}, "missing_lines": [], "excluded_lines": [], "executed_branches": [], "missing_branches": []}, "app/api/__init__.py": {"executed_lines": [], "summary": {"covered_lines": 0, "num_statements": 0, "percent_covered": 100.0, "percent_covered_display": "100.00", "missing_lines": 0, "excluded_lines": 0, "num_branches": 0, "num_partial_branches": 0, "covered_branches": 0, "missing_branches": 0}, "missing_lines": [], "excluded_lines": [], "executed_branches": [], "missing_branches": []}, "app/api/admin.py": {"executed_lines": [1, 12, 13, 14, 15, 16, 18, 22, 23, 24, 25, 27, 30, 34, 35, 36, 37, 38, 39, 40, 43, 44, 45, 46, 47, 48, 49, 52, 53, 54, 55, 56, 57, 58, 59, 60, 61, 62, 63, 66, 67, 68, 69, 73, 74, 112, 113, 183, 184, 224, 225, 251, 261, 276, 302, 316, 328, 338, 349, 350, 392, 393, 441, 442, 479, 480, 528, 529, 569, 570, 622, 624], "summary": {"covered_lines": 71, "num_statements": 238, "percent_covered": 27.575757575757574, "percent_covered_display": "27.58", "missing_lines": 167, "excluded_lines": 0, "num_branches": 92, "num_partial_branches": 0, "covered_branches": 20, "missing_branches": 72}, "missing_lines": [80, 81, 82, 84, 85, 86, 102, 104, 105, 106, 120, 121, 123, 132, 133, 139, 146, 160, 163, 167, 173, 174, 175, 176, 177, 191, 192, 193, 195, 196, 200, 214, 215, 216, 217, 218, 233, 234, 235, 236, 237, 238, 239, 240, 241, 242, 243, 244, 245, 253, 254, 255, 258, 265, 270, 280, 281, 282, 284, 285, 286, 288, 289, 291, 292, 294, 295, 297, 298, 299, 304, 309, 310, 318, 321, 322, 330, 335, 342, 343, 357, 358, 359, 361, 362, 367, 368, 373, 374, 377, 378, 380, 382, 383, 384, 385, 386, 400, 401, 402, 404, 405, 410, 411, 417, 418, 423, 426, 428, 430, 431, 432, 433, 434, 448, 451, 453, 455, 456, 467, 471, 472, 473, 486, 487, 489, 492, 493, 499, 500, 501, 508, 512, 518, 519, 520, 521, 522, 535, 536, 538, 540, 541, 546, 547, 548, 550, 554, 558, 559, 560, 561, 562, 576, 577, 578, 579, 580, 583, 586, 591, 593, 594, 598, 613, 614, 615], "excluded_lines": [], "executed_branches": [[74, 73], [74, 74], [74, 112], [113, 112], [113, 113], [113, 183], [184, 183], [184, 184], [184, 224], [225, 224], [225, 225], [225, 251], [350, 349], [350, 350], [350, 392], [393, 392], [393, 393], [393, 441], [442, 441], [442, 442], [442, 479], [480, 479], [480, 480], [480, 528], [529, 528], [529, 529], [529, 569], [570, 569], [570, 570], [570, 622]], "missing_branches": [[81, -73], [81, 82], [85, 86], [85, 102], [121, -112], [121, 123], [132, 133], [132, 139], [173, 174], [173, 175], [192, -183], [192, 193], [195, 196], [195, 200], [214, 215], [214, 216], [234, -224], [234, 235], [241, 242], [241, 243], [254, 255], [254, 258], [265, -261], [265, 270], [280, 281], [280, 284], [284, 285], [284, 288], [288, 289], [288, 291], [291, 292], [291, 294], [294, 295], [294, 297], [297, -276], [297, 298], [309, -302], [309, 310], [321, -316], [321, 322], [342, -338], [342, 343], [358, -349], [358, 359], [361, 362], [361, 367], [367, 368], [367, 373], [382, 383], [382, 384], [401, -392], [401, 402], [404, 405], [404, 410], [410, 411], [410, 417], [417, 418], [417, 423], [430, 431], [430, 432], [455, 456], [455, 467], [492, 493], [492, 499], [518, 519], [518, 520], [540, 541], [540, 546], [558, 559], [558, 560], [577, -569], [577, 578]]}, "app/api/ai_models.py": {"executed_lines": [1, 18, 19, 20, 22, 23, 24, 26, 27, 28, 30, 33, 37, 38, 40, 41, 42, 43, 44, 45, 46, 47, 48, 49, 50, 53, 54, 56, 57, 58, 59, 60, 63, 64, 66, 67, 68, 69, 70, 76, 77, 87, 88, 89, 91, 92, 93, 98, 99, 101, 102, 103, 106, 108, 109, 110, 113, 115, 116, 118, 119, 128, 135, 136, 137, 138, 141, 162, 163, 166, 167, 169, 170, 171, 176, 177, 190, 191, 193, 194, 197, 201, 208, 210, 211, 212, 213, 214, 219, 220, 235, 237, 238, 239, 242, 245, 246, 247, 248, 249, 252, 254, 255, 258, 259, 263, 264, 265, 266, 267, 270, 271, 284, 285, 286, 287, 289, 291, 292, 294, 296, 297, 299, 301, 308, 309, 310, 311, 312, 315, 316, 331, 332, 334, 335, 337, 339, 346, 347, 348, 349, 350, 355, 356, 371, 372, 374, 375, 379, 381, 382, 383, 384, 385, 390, 391, 404, 405, 412, 413, 414, 415, 416, 418, 426, 427, 428, 433, 434, 441, 442, 443, 445, 446, 447, 452, 453, 460, 462, 463, 465, 466, 467, 468, 469, 470, 477, 479, 488, 489, 490, 495, 496, 506, 507, 508, 509, 510, 511, 512, 515, 516, 517, 522, 526, 527, 528, 529, 530, 533, 537, 538, 539, 540, 541, 544, 546, 549, 550, 554, 563, 565, 566, 567, 568, 569, 576, 577, 578, 581, 582, 587, 592, 593, 595, 598, 606, 620, 621, 638, 639, 643, 647, 649, 650, 651, 653, 656, 658, 666, 667, 668, 669, 670, 675, 676, 691, 692, 694, 696, 697, 699, 705, 706, 707, 710, 713, 716, 717, 718, 720, 722, 732, 734, 735, 736, 741, 742, 749, 750, 759, 761, 762, 763, 768, 769, 776, 777, 778, 780, 781, 782, 783, 785, 798, 800, 801, 802], "summary": {"covered_lines": 294, "num_statements": 294, "percent_covered": 100.0, "percent_covered_display": "100.00", "missing_lines": 0, "excluded_lines": 0, "num_branches": 110, "num_partial_branches": 0, "covered_branches": 110, "missing_branches": 0}, "missing_lines": [], "excluded_lines": [], "executed_branches": [[77, 76], [77, 98], [99, 98], [99, 106], [101, 102], [101, 103], [108, 109], [108, 110], [115, 116], [115, 118], [177, 176], [177, 177], [177, 219], [193, 194], [193, 197], [210, 211], [210, 212], [220, 219], [220, 220], [220, 270], [238, 239], [238, 242], [245, 246], [245, 252], [254, 255], [254, 258], [263, 264], [263, 265], [271, 270], [271, 271], [271, 315], [286, 287], [286, 289], [291, 292], [291, 294], [296, 297], [296, 299], [308, 309], [308, 310], [316, 315], [316, 316], [316, 355], [334, 335], [334, 337], [346, 347], [346, 348], [356, 355], [356, 356], [356, 390], [374, 375], [374, 379], [381, 382], [381, 383], [391, 390], [391, 391], [391, 433], [413, 414], [413, 418], [415, 413], [415, 416], [434, 433], [434, 452], [453, 452], [453, 495], [465, 466], [465, 477], [496, 495], [496, 496], [496, 522], [526, 527], [526, 528], [528, 529], [528, 530], [537, 538], [537, 539], [539, 540], [539, 541], [546, -546], [546, 546], [546, 549], [549, -549], [549, 549], [549, 550], [550, -550], [550, 550], [550, 554], [566, 567], [566, 587], [568, 569], [568, 576], [592, 593], [592, 595], [621, 620], [621, 621], [621, 675], [638, 639], [638, 643], [647, 649], [647, 656], [650, 651], [650, 653], [666, 667], [666, 668], [676, 675], [676, 676], [676, 741], [694, 696], [694, 699], [696, 697], [696, 699], [705, 706], [705, 707], [707, 710], [707, 732], [716, 717], [716, 720], [742, 741], [742, 768], [769, -1], [769, 768], [780, 781], [780, 798]], "missing_branches": []}, "app/api/auth.py": {"executed_lines": [1, 5, 6, 7, 8, 9, 11, 18, 19, 22, 25, 26, 27, 30, 31, 32, 33, 34, 35, 36, 37, 40, 41, 42, 43, 44, 45, 46, 47, 48, 49, 50, 53, 54, 55, 56, 59, 60, 62, 63, 64, 69, 70, 73, 77, 95, 96, 101, 104, 105, 110, 111, 112, 114, 115, 116, 117, 119, 131, 132, 133, 136, 140, 158, 159, 161, 175, 176, 186, 187, 188, 189, 190, 191, 192, 193, 194, 195, 197, 198, 199, 201, 204, 205, 211, 212, 216, 217, 234, 235, 237, 240, 241, 245, 246, 248], "summary": {"covered_lines": 95, "num_statements": 95, "percent_covered": 100.0, "percent_covered_display": "100.00", "missing_lines": 0, "excluded_lines": 0, "num_branches": 34, "num_partial_branches": 0, "covered_branches": 34, "missing_branches": 0}, "missing_lines": [], "excluded_lines": [], "executed_branches": [[60, 59], [60, 95], [63, 64], [63, 69], [96, 95], [96, 96], [96, 158], [104, 105], [104, 110], [111, 112], [111, 114], [159, 158], [159, 175], [176, 175], [176, 176], [176, 204], [186, 187], [186, 188], [188, 189], [188, 190], [190, 191], [190, 192], [192, 193], [192, 194], [194, 195], [194, 197], [205, 204], [205, 205], [205, 234], [211, 212], [211, 216], [235, 234], [235, 240], [241, -1], [241, 240], [241, 241], [245, 246], [245, 248]], "missing_branches": []}, "app/api/content.py": {"executed_lines": [1, 14, 15, 16, 17, 18, 19, 27, 28, 30, 35, 36, 38, 42, 43, 45, 46, 47, 48, 49, 52, 53, 55, 56, 57, 58, 59, 60, 61, 64, 65, 67, 68, 73, 74, 77, 78, 80, 81, 82, 83, 84, 85, 86, 87, 88, 91, 92, 94, 95, 96, 97, 98, 99, 100, 101, 102, 105, 106, 108, 109, 110, 111, 112, 113, 114, 115, 116, 119, 120, 122, 123, 124, 125, 128, 129, 162, 163, 219, 220, 250, 251, 308, 309, 318, 327, 336, 343, 363, 386, 387, 418, 419, 450, 451, 478, 479, 520, 521], "summary": {"covered_lines": 91, "num_statements": 207, "percent_covered": 40.65934065934066, "percent_covered_display": "40.66", "missing_lines": 116, "excluded_lines": 0, "num_branches": 66, "num_partial_branches": 0, "covered_branches": 20, "missing_branches": 46}, "missing_lines": [137, 139, 144, 150, 156, 157, 176, 178, 179, 181, 182, 188, 189, 191, 195, 196, 199, 202, 209, 215, 216, 224, 225, 227, 228, 232, 244, 245, 246, 247, 255, 256, 258, 259, 264, 280, 295, 302, 303, 304, 305, 313, 314, 315, 322, 323, 324, 331, 332, 333, 340, 347, 372, 373, 375, 376, 377, 378, 380, 382, 383, 396, 398, 399, 400, 401, 402, 403, 404, 407, 410, 412, 414, 415, 423, 425, 426, 427, 428, 440, 444, 445, 446, 447, 455, 456, 457, 462, 465, 466, 468, 470, 471, 472, 473, 481, 482, 485, 486, 487, 490, 491, 492, 493, 496, 497, 498, 499, 501, 515, 516, 523, 525, 546, 548, 549], "excluded_lines": [], "executed_branches": [[129, 128], [129, 129], [129, 162], [163, 162], [163, 163], [163, 219], [220, 219], [220, 220], [220, 250], [251, 250], [251, 251], [251, 308], [309, 308], [309, 309], [309, 318], [387, 386], [387, 387], [387, 418], [419, 418], [419, 419], [419, 450], [451, 450], [451, 451], [451, 478], [479, 478], [479, 520], [521, -1], [521, 520]], "missing_branches": [[181, 182], [181, 188], [195, 196], [195, 199], [227, 228], [227, 232], [244, 245], [244, 246], [258, 259], [258, 264], [302, 303], [302, 304], [313, 314], [313, 315], [322, 323], [322, 324], [331, 332], [331, 333], [399, 400], [399, 401], [401, 402], [401, 403], [403, 404], [403, 407], [425, 426], [425, 440], [426, 425], [426, 427], [427, 426], [427, 428], [444, 445], [444, 446], [456, 457], [456, 462], [465, 466], [465, 468], [470, 471], [470, 472], [486, -486], [486, 487], [487, -487], [487, 490], [491, 492], [491, 496], [497, 498], [497, 501]]}, "app/api/conversations.py": {"executed_lines": [1, 5, 6, 7, 9, 10, 11, 13, 14, 15, 16, 17, 19, 22, 25, 26, 27, 28, 29, 32, 33, 34, 35, 36, 37, 38, 39, 42, 43, 44, 45, 46, 49, 51, 52, 53, 54, 57, 59, 60, 61, 64, 68, 72, 75, 82, 85, 86, 88, 91, 93, 103, 105, 115, 119, 120, 122, 123, 126, 127, 128, 129, 132, 133, 139, 140, 142, 143, 144, 147, 148, 149, 150, 153, 155, 159, 169, 170, 171, 172, 176, 187, 188, 195, 216, 217, 221, 223, 224, 226, 227, 230, 232, 235, 237, 241, 247, 248, 250, 253, 254, 270, 272, 273, 274, 275, 277, 278, 281, 283, 288, 290, 292, 299, 300, 301, 304, 305, 307, 349, 350, 368, 370, 371, 375, 379, 381, 382, 387, 388, 395, 398, 399, 404], "summary": {"covered_lines": 133, "num_statements": 133, "percent_covered": 100.0, "percent_covered_display": "100.00", "missing_lines": 0, "excluded_lines": 0, "num_branches": 26, "num_partial_branches": 0, "covered_branches": 26, "missing_branches": 0}, "missing_lines": [], "excluded_lines": [], "executed_branches": [[72, 72], [72, 75], [72, 88], [119, 120], [119, 122], [133, 132], [133, 133], [133, 187], [188, 187], [188, 188], [188, 216], [217, 216], [217, 217], [217, 253], [226, 227], [226, 230], [254, 253], [254, 254], [254, 304], [277, 278], [277, 281], [305, 304], [305, 349], [350, 349], [350, 387], [370, 371], [370, 375], [388, 387], [388, 388], [388, 398], [399, -1], [399, 398], [399, 399]], "missing_branches": []}, "app/api/feature_toggles.py": {"executed_lines": [1, 6, 7, 8, 9, 10, 12, 24, 25, 30, 32, 33, 36, 42, 83, 89, 119, 126, 157, 163, 205, 211, 243, 249, 286, 292, 329, 335, 360, 365, 376, 383, 390, 400, 409, 414, 429, 449, 455, 512, 518, 544, 550, 583, 589, 631, 637], "summary": {"covered_lines": 46, "num_statements": 214, "percent_covered": 25.087108013937282, "percent_covered_display": "25.09", "missing_lines": 168, "excluded_lines": 0, "num_branches": 73, "num_partial_branches": 0, "covered_branches": 26, "missing_branches": 47}, "missing_lines": [55, 57, 58, 59, 62, 63, 64, 65, 66, 68, 76, 77, 96, 98, 99, 100, 102, 103, 108, 110, 111, 112, 113, 133, 135, 136, 137, 139, 145, 146, 150, 151, 171, 173, 174, 175, 179, 180, 185, 191, 192, 193, 194, 198, 199, 218, 220, 221, 222, 224, 225, 230, 234, 235, 236, 237, 256, 258, 259, 260, 261, 265, 266, 271, 277, 278, 279, 280, 299, 301, 302, 303, 304, 308, 309, 314, 320, 321, 322, 323, 342, 344, 345, 346, 347, 348, 349, 350, 351, 352, 353, 354, 362, 367, 368, 369, 373, 378, 379, 380, 385, 386, 387, 392, 396, 397, 402, 405, 406, 411, 419, 426, 433, 469, 471, 472, 475, 476, 477, 479, 481, 491, 492, 497, 498, 503, 504, 505, 506, 526, 528, 529, 532, 534, 535, 537, 538, 554, 556, 557, 558, 560, 576, 577, 596, 598, 599, 601, 602, 604, 605, 606, 609, 610, 612, 613, 614, 616, 623, 624, 643, 644, 646, 647, 649, 651, 657, 658], "excluded_lines": [], "executed_branches": [[42, 36], [42, 42], [42, 83], [89, 83], [89, 89], [89, 119], [126, 119], [126, 126], [126, 157], [163, 157], [163, 163], [163, 205], [211, 205], [211, 211], [211, 243], [249, 243], [249, 249], [249, 286], [292, 286], [292, 292], [292, 329], [335, 329], [335, 335], [335, 360], [455, 449], [455, 455], [455, 512], [518, 512], [518, 518], [518, 544], [550, 544], [550, 583], [589, 583], [589, 589], [589, 631], [637, -1], [637, 631], [637, 637]], "missing_branches": [[102, 103], [102, 108], [110, 111], [110, 112], [145, 146], [145, 150], [179, 180], [179, 185], [191, 192], [191, 193], [193, 194], [193, 198], [224, 225], [224, 230], [234, 235], [234, 236], [265, 266], [265, 271], [277, 278], [277, 279], [308, 309], [308, 314], [320, 321], [320, 322], [351, 352], [351, 353], [368, 369], [368, 373], [378, 379], [378, 380], [385, 386], [385, 387], [392, 396], [392, 397], [402, -402], [402, 405], [402, 406], [476, 477], [476, 481], [491, 492], [491, 497], [503, 504], [503, 505], [604, 605], [604, 616], [609, 610], [609, 612]]}, "app/api/language_config.py": {"executed_lines": [1, 10, 11, 12, 13, 14, 15, 16, 17, 19, 20, 21, 23, 25, 29, 30, 32, 33, 34, 35, 36, 37, 38, 39, 40, 41, 42, 43, 46, 47, 49, 50, 51, 52, 53, 54, 55, 56, 57, 58, 59, 60, 61, 62, 63, 66, 67, 69, 70, 71, 72, 73, 74, 75, 76, 77, 78, 79, 82, 83, 85, 86, 87, 90, 91, 93, 94, 95, 96, 97, 98, 99, 100, 103, 104, 106, 107, 113, 114, 223, 224, 278, 279, 309, 322, 331, 351, 382, 405, 406, 417, 426, 441, 450, 482, 502], "summary": {"covered_lines": 89, "num_statements": 214, "percent_covered": 35.925925925925924, "percent_covered_display": "35.93", "missing_lines": 125, "excluded_lines": 0, "num_branches": 56, "num_partial_branches": 0, "covered_branches": 8, "missing_branches": 48}, "missing_lines": [118, 119, 121, 143, 144, 147, 153, 154, 156, 159, 161, 162, 163, 164, 165, 166, 168, 186, 187, 189, 213, 215, 216, 217, 229, 230, 231, 232, 237, 239, 243, 245, 246, 247, 248, 249, 252, 253, 255, 268, 270, 271, 272, 285, 286, 287, 288, 289, 291, 292, 296, 297, 298, 299, 300, 303, 311, 315, 316, 324, 328, 333, 334, 336, 337, 338, 340, 341, 342, 344, 345, 346, 348, 359, 361, 363, 368, 371, 376, 378, 379, 386, 408, 409, 410, 414, 419, 420, 421, 422, 423, 428, 443, 444, 445, 446, 447, 454, 455, 456, 457, 458, 460, 489, 490, 491, 492, 494, 495, 496, 497, 499, 506, 507, 509, 510, 511, 512, 516, 518, 525, 526, 527, 528, 529], "excluded_lines": [], "executed_branches": [[114, 113], [114, 114], [114, 223], [224, 223], [224, 224], [224, 278], [279, 278], [279, 279], [279, 309], [406, 405], [406, 417]], "missing_branches": [[119, -113], [119, 121], [154, 156], [154, 213], [161, 162], [161, 186], [230, -223], [230, 231], [231, 232], [231, 239], [246, 247], [246, 268], [286, -278], [286, 287], [291, 292], [291, 296], [297, 298], [297, 299], [315, -309], [315, 316], [336, 337], [336, 340], [340, 341], [340, 344], [344, 345], [344, 348], [361, 363], [361, 371], [371, -371], [371, 376], [409, 410], [409, 414], [421, 422], [421, 423], [443, 444], [443, 445], [445, 446], [445, 447], [490, 491], [490, 499], [491, 492], [491, 494], [495, 490], [495, 496], [509, -502], [509, 510], [525, 526], [525, 527]]}, "app/api/learning_analytics.py": {"executed_lines": [], "summary": {"covered_lines": 0, "num_statements": 215, "percent_covered": 0.0, "percent_covered_display": "0.00", "missing_lines": 215, "excluded_lines": 0, "num_branches": 36, "num_partial_branches": 0, "covered_branches": 0, "missing_branches": 36}, "missing_lines": [9, 10, 11, 12, 13, 14, 15, 17, 23, 24, 27, 28, 31, 34, 40, 43, 44, 45, 46, 49, 52, 53, 54, 55, 56, 59, 62, 63, 64, 65, 68, 71, 72, 75, 76, 77, 78, 79, 82, 85, 86, 87, 88, 91, 94, 95, 96, 99, 104, 107, 108, 111, 112, 115, 116, 117, 118, 121, 124, 125, 126, 127, 130, 133, 136, 139, 142, 145, 146, 149, 150, 151, 152, 153, 154, 157, 158, 159, 160, 161, 164, 167, 168, 169, 170, 171, 172, 173, 174, 175, 176, 177, 178, 179, 180, 181, 182, 188, 189, 191, 193, 195, 210, 219, 220, 221, 224, 225, 227, 229, 231, 238, 239, 248, 250, 251, 252, 255, 256, 262, 263, 267, 276, 277, 278, 284, 285, 287, 289, 291, 302, 311, 312, 313, 316, 317, 319, 320, 331, 332, 341, 343, 344, 345, 351, 352, 360, 361, 365, 374, 375, 376, 379, 380, 384, 385, 387, 396, 397, 398, 404, 405, 407, 408, 411, 415, 424, 425, 426, 429, 430, 440, 443, 452, 453, 454, 460, 461, 467, 470, 479, 480, 481, 487, 488, 492, 493, 495, 504, 505, 506, 509, 510, 514, 516, 518, 519, 523, 525, 526, 535, 539, 540, 541, 547, 548, 550, 564, 565, 567, 569, 585, 586, 587, 591], "excluded_lines": [], "executed_branches": [], "missing_branches": [[189, 188], [189, 224], [225, 224], [225, 255], [238, 239], [238, 248], [256, 255], [256, 284], [285, 284], [285, 316], [317, 316], [317, 351], [331, 332], [331, 341], [352, 351], [352, 379], [380, 379], [380, 404], [405, 404], [405, 429], [430, 429], [430, 460], [461, 460], [461, 487], [488, 487], [488, 509], [510, 509], [510, 547], [518, 519], [518, 523], [525, 526], [525, 535], [548, 547], [548, 564], [565, 564], [565, 591]]}, "app/api/progress_analytics.py": {"executed_lines": [], "summary": {"covered_lines": 0, "num_statements": 223, "percent_covered": 0.0, "percent_covered_display": "0.00", "missing_lines": 223, "excluded_lines": 0, "num_branches": 38, "num_partial_branches": 0, "covered_branches": 0, "missing_branches": 38}, "missing_lines": [10, 11, 12, 13, 14, 15, 16, 18, 26, 27, 30, 31, 34, 37, 43, 46, 47, 48, 49, 50, 51, 52, 53, 56, 59, 60, 61, 62, 63, 64, 65, 66, 69, 72, 73, 74, 75, 76, 79, 82, 83, 84, 87, 90, 91, 94, 97, 98, 99, 102, 103, 104, 107, 110, 113, 118, 121, 124, 125, 126, 131, 134, 137, 140, 145, 148, 153, 154, 157, 160, 161, 164, 167, 170, 173, 176, 179, 184, 185, 188, 191, 196, 199, 202, 205, 210, 213, 216, 221, 224, 227, 231, 234, 235, 239, 242, 245, 246, 251, 254, 257, 262, 263, 268, 271, 276, 281, 284, 289, 292, 293, 296, 301, 302, 305, 311, 312, 316, 318, 350, 352, 353, 362, 366, 367, 368, 371, 372, 378, 379, 383, 392, 393, 394, 400, 401, 403, 405, 406, 408, 409, 413, 418, 446, 448, 449, 462, 466, 467, 468, 471, 472, 477, 478, 480, 489, 490, 491, 494, 495, 503, 506, 522, 523, 524, 530, 531, 535, 538, 563, 583, 584, 585, 588, 589, 595, 598, 612, 613, 614, 620, 621, 625, 628, 650, 683, 684, 685, 688, 689, 697, 700, 716, 717, 718, 724, 725, 731, 733, 738, 743, 768, 777, 778, 779, 785, 786, 791, 794, 812, 813, 814, 820, 821, 823, 843, 844, 846, 847, 864, 865, 866, 870], "excluded_lines": [], "executed_branches": [], "missing_branches": [[231, 234], [231, 235], [234, 231], [234, 235], [235, -157], [235, 234], [312, 311], [312, 371], [352, 353], [352, 362], [372, 371], [372, 400], [401, 400], [401, 471], [408, 409], [408, 418], [448, 449], [448, 462], [472, 471], [472, 494], [495, 494], [495, 530], [531, 530], [531, 588], [589, 588], [589, 620], [621, 620], [621, 688], [689, 688], [689, 724], [725, 724], [725, 785], [786, 785], [786, 820], [821, 820], [821, 843], [844, 843], [844, 870]]}, "app/api/realtime_analysis.py": {"executed_lines": [1, 20, 21, 22, 23, 24, 25, 27, 35, 36, 38, 40, 44, 45, 47, 48, 51, 56, 57, 59, 60, 61, 62, 63, 64, 67, 68, 70, 71, 72, 73, 76, 79, 80, 82, 83, 84, 85, 86, 87, 88, 89, 90, 93, 94, 95, 98, 99, 101, 102, 103, 104, 105, 108, 109, 111, 112, 113, 115, 128, 144, 165, 171, 172, 211, 212, 220, 228, 243, 266, 276, 292, 323, 324, 353, 354, 387, 388, 432, 433, 505, 506], "summary": {"covered_lines": 75, "num_statements": 217, "percent_covered": 31.228070175438596, "percent_covered_display": "31.23", "missing_lines": 142, "excluded_lines": 0, "num_branches": 68, "num_partial_branches": 0, "covered_branches": 14, "missing_branches": 54}, "missing_lines": [117, 118, 119, 121, 122, 123, 125, 126, 130, 131, 133, 134, 139, 140, 142, 146, 147, 148, 149, 150, 151, 152, 153, 154, 157, 160, 161, 177, 179, 180, 181, 182, 183, 184, 189, 195, 203, 204, 206, 207, 208, 214, 215, 216, 217, 222, 223, 224, 225, 230, 245, 246, 248, 249, 258, 259, 268, 269, 270, 271, 272, 273, 280, 281, 289, 296, 297, 298, 300, 308, 309, 311, 314, 316, 317, 318, 319, 320, 329, 330, 333, 334, 336, 344, 346, 347, 348, 349, 350, 359, 360, 363, 364, 367, 373, 375, 376, 382, 383, 384, 393, 395, 396, 397, 399, 400, 402, 405, 406, 407, 418, 420, 422, 423, 424, 425, 426, 436, 438, 441, 443, 453, 454, 456, 459, 460, 464, 466, 467, 468, 476, 477, 485, 486, 487, 488, 489, 497, 498, 500, 501, 509], "excluded_lines": [], "executed_branches": [[172, 171], [172, 172], [172, 211], [212, 211], [212, 220], [324, 323], [324, 324], [324, 353], [354, 353], [354, 354], [354, 387], [388, 387], [388, 388], [388, 432], [433, 432], [433, 505], [506, -1], [506, 505]], "missing_branches": [[121, 122], [121, 123], [130, 131], [130, 133], [133, 134], [133, 142], [139, 140], [139, 142], [146, -144], [146, 147], [148, 149], [148, 160], [149, 148], [149, 150], [160, -144], [160, 161], [180, 181], [180, 189], [223, 224], [223, 225], [245, 246], [245, 248], [248, 249], [248, 258], [258, -243], [258, 259], [269, 270], [269, 273], [280, -276], [280, 281], [316, 317], [316, 318], [333, 334], [333, 336], [346, 347], [346, 348], [363, 364], [363, 367], [396, 397], [396, 399], [399, 400], [399, 402], [406, 407], [406, 420], [422, 423], [422, 424], [459, 460], [459, 464], [464, 453], [464, 466], [485, 486], [485, 487], [500, -432], [500, 501]]}, "app/api/scenario_management.py": {"executed_lines": [1, 16, 17, 18, 19, 20, 21, 22, 24, 29, 38, 40, 45, 56, 57, 59, 60, 61, 62, 63, 64, 65, 66, 67, 70, 71, 73, 74, 75, 76, 77, 78, 79, 80, 81, 82, 83, 84, 85, 86, 87, 88, 89, 91, 92, 93, 94, 95, 96, 97, 99, 100, 101, 102, 103, 104, 105, 107, 108, 109, 110, 111, 112, 113, 116, 117, 119, 120, 121, 122, 123, 124, 125, 126, 127, 128, 129, 130, 131, 134, 135, 137, 138, 139, 140, 141, 142, 143, 144, 145, 146, 147, 148, 149, 150, 153, 154, 156, 157, 158, 159, 160, 161, 162, 163, 164, 165, 166, 169, 170, 172, 173, 181, 182, 191, 192, 203, 204, 205, 211, 218, 219, 220, 221, 222, 223, 224, 227, 229, 230, 231, 232, 233, 236, 238, 272, 273, 275, 276, 277, 279, 280, 321, 322, 323, 324, 325, 331, 332, 337, 338, 341, 344, 345, 346, 357, 360, 378, 379, 380, 383, 386, 419, 420, 422, 423, 424, 430, 431, 437, 438, 439, 440, 441, 442, 443, 444, 445, 446, 447, 448, 449, 450, 451, 457, 459, 460, 461, 465, 468, 470, 471, 472, 473, 474, 475, 477, 480, 482, 483, 484, 495, 496, 499, 501, 502, 503, 504, 505, 506, 509, 510, 514, 515, 518, 519, 520, 526, 528, 529, 534, 535, 536, 537, 538, 549, 550, 552, 555, 557, 558, 560, 561, 562, 568, 569, 574, 578, 579, 581, 582, 583, 594, 595, 600, 601, 602, 604, 605, 606, 607, 608, 609, 610, 611, 614, 615, 616, 617, 619, 620, 621, 625, 628, 633, 634, 635, 646, 647, 649, 650, 688, 689, 691, 692, 693, 699, 700, 702, 704, 740, 741, 743, 744, 745], "summary": {"covered_lines": 278, "num_statements": 288, "percent_covered": 96.56084656084656, "percent_covered_display": "96.56", "missing_lines": 10, "excluded_lines": 0, "num_branches": 90, "num_partial_branches": 3, "covered_branches": 87, "missing_branches": 3}, "missing_lines": [47, 48, 193, 194, 197, 198, 199, 202, 286, 319], "excluded_lines": [], "executed_branches": [[91, 92], [91, 93], [92, 91], [92, 93], [93, 92], [93, 99], [95, 96], [95, 97], [99, 100], [99, 101], [100, 99], [100, 101], [101, 100], [101, 107], [103, 104], [103, 105], [107, 108], [107, 109], [108, 107], [108, 109], [109, -70], [109, 108], [111, 112], [111, 113], [182, 181], [182, 182], [182, 211], [218, 219], [218, 220], [220, 221], [220, 222], [222, 223], [222, 224], [230, 231], [230, 233], [273, 272], [273, 331], [279, 280], [321, 322], [321, 323], [332, 331], [332, 332], [332, 430], [345, 346], [345, 360], [431, 430], [431, 431], [431, 457], [447, 448], [447, 449], [460, 461], [460, 465], [470, -468], [470, 471], [471, 472], [471, 474], [474, 475], [474, 477], [483, 484], [483, 496], [501, 502], [501, 503], [503, 504], [503, 505], [505, 506], [510, 509], [510, 510], [510, 549], [519, 520], [519, 526], [534, 535], [534, 536], [550, 549], [550, 568], [569, 568], [569, 569], [569, 594], [595, 594], [595, 595], [595, 646], [604, 605], [604, 625], [606, 607], [606, 609], [609, 610], [609, 614], [614, 615], [614, 617], [617, 619], [647, 646], [647, 699], [700, -1], [700, 699]], "missing_branches": [[279, 286], [505, -499], [617, 604]]}, "app/api/scenarios.py": {"executed_lines": [1, 16, 17, 18, 19, 20, 22, 30, 31, 32, 33, 35, 38, 42, 43, 45, 46, 47, 52, 53, 55, 56, 57, 62, 63, 65, 66, 67, 72, 73, 75, 76, 77, 78, 82, 83, 116, 132, 141, 155, 156, 196, 197, 261, 262, 312, 313, 370, 371, 435, 436, 467, 468, 492, 493, 515, 516, 518, 519, 522, 525, 528, 531, 532, 596, 597, 629, 649], "summary": {"covered_lines": 62, "num_statements": 215, "percent_covered": 30.107526881720432, "percent_covered_display": "30.11", "missing_lines": 153, "excluded_lines": 0, "num_branches": 64, "num_partial_branches": 0, "covered_branches": 22, "missing_branches": 42}, "missing_lines": [101, 102, 103, 106, 107, 108, 109, 110, 111, 120, 121, 125, 126, 134, 135, 138, 143, 169, 170, 172, 173, 177, 181, 187, 188, 189, 190, 191, 210, 212, 213, 214, 215, 221, 229, 230, 231, 232, 234, 238, 250, 251, 252, 253, 256, 275, 277, 278, 282, 283, 284, 289, 295, 299, 303, 304, 305, 306, 307, 326, 328, 329, 333, 334, 335, 340, 341, 342, 345, 349, 355, 357, 361, 362, 363, 364, 365, 384, 386, 387, 391, 392, 393, 398, 399, 400, 401, 402, 403, 406, 410, 416, 420, 426, 427, 428, 429, 430, 443, 444, 453, 459, 460, 461, 472, 473, 475, 485, 486, 487, 495, 496, 498, 508, 509, 510, 536, 538, 539, 540, 541, 547, 550, 551, 552, 553, 554, 560, 568, 569, 574, 576, 587, 588, 589, 590, 591, 601, 603, 604, 605, 606, 607, 612, 614, 620, 621, 622, 623, 624, 631, 643, 651], "excluded_lines": [], "executed_branches": [[83, 82], [83, 83], [83, 116], [156, 155], [156, 156], [156, 196], [197, 196], [197, 197], [197, 261], [262, 261], [262, 262], [262, 312], [313, 312], [313, 313], [313, 370], [371, 370], [371, 371], [371, 435], [436, 435], [436, 467], [468, 467], [468, 468], [468, 492], [493, 492], [493, 515], [532, 531], [532, 532], [532, 596], [597, 596], [597, 597], [597, 629]], "missing_branches": [[120, 121], [120, 125], [125, -116], [125, 126], [134, 135], [134, 138], [172, 173], [172, 177], [187, 188], [187, 189], [231, 232], [231, 234], [250, 251], [250, 252], [277, 278], [277, 282], [283, 284], [283, 289], [303, 304], [303, 305], [328, 329], [328, 333], [334, 335], [334, 340], [341, 342], [341, 345], [361, 362], [361, 363], [386, 387], [386, 391], [392, 393], [392, 398], [399, 400], [399, 406], [426, 427], [426, 428], [568, 569], [568, 574], [587, 588], [587, 589], [620, 621], [620, 622]]}, "app/api/tutor_modes.py": {"executed_lines": [1, 20, 21, 22, 23, 24, 26, 31, 32, 34, 37, 41, 42, 44, 47, 48, 49, 52, 53, 55, 56, 57, 58, 59, 60, 61, 62, 65, 66, 68, 69, 70, 75, 76, 78, 79, 80, 81, 82, 85, 86, 88, 89, 90, 91, 92, 95, 96, 98, 99, 100, 101, 102, 103, 104, 105, 108, 109, 128, 129, 189, 190, 226, 227, 251, 252, 277, 278, 317, 318, 340, 341, 379, 380], "summary": {"covered_lines": 67, "num_statements": 156, "percent_covered": 44.73684210526316, "percent_covered_display": "44.74", "missing_lines": 89, "excluded_lines": 0, "num_branches": 34, "num_partial_branches": 0, "covered_branches": 18, "missing_branches": 16}, "missing_lines": [117, 118, 119, 121, 122, 123, 138, 140, 141, 142, 143, 148, 149, 150, 151, 157, 166, 168, 170, 181, 182, 183, 184, 185, 186, 199, 201, 202, 203, 206, 212, 219, 220, 221, 222, 223, 235, 236, 237, 238, 240, 242, 243, 244, 245, 246, 260, 261, 263, 269, 270, 271, 272, 273, 274, 286, 288, 289, 290, 291, 293, 295, 310, 311, 312, 313, 314, 326, 327, 329, 335, 336, 337, 351, 353, 354, 356, 359, 366, 368, 374, 375, 376, 386, 387, 405, 407, 408, 409], "excluded_lines": [], "executed_branches": [[109, 108], [109, 109], [109, 128], [129, 128], [129, 129], [129, 189], [190, 189], [190, 190], [190, 226], [227, 226], [227, 227], [227, 251], [252, 251], [252, 252], [252, 277], [278, 277], [278, 278], [278, 317], [318, 317], [318, 318], [318, 340], [341, 340], [341, 341], [341, 379], [380, -1], [380, 379]], "missing_branches": [[181, 182], [181, 184], [202, 203], [202, 206], [219, 220], [219, 221], [237, 238], [237, 240], [242, 243], [242, 244], [269, 270], [269, 272], [310, 311], [310, 312], [354, 356], [354, 359]]}, "app/api/visual_learning.py": {"executed_lines": [1, 14, 15, 16, 18, 25, 27, 33, 34, 36, 37, 38, 39, 40, 41, 44, 45, 47, 48, 49, 50, 51, 52, 53, 56, 57, 59, 60, 61, 64, 65, 67, 68, 69, 70, 71, 72, 73, 74, 79, 80, 82, 83, 84, 85, 86, 87, 88, 89, 92, 93, 95, 96, 97, 98, 99, 100, 101, 102, 108, 109, 143, 144, 174, 175, 202, 203, 240, 241, 269, 270, 306, 307, 355, 356, 392, 393, 441, 442, 470, 471, 506, 507], "summary": {"covered_lines": 76, "num_statements": 141, "percent_covered": 56.42458100558659, "percent_covered_display": "56.42", "missing_lines": 65, "excluded_lines": 0, "num_branches": 38, "num_partial_branches": 1, "covered_branches": 25, "missing_branches": 13}, "missing_lines": [119, 120, 121, 122, 127, 136, 154, 155, 165, 170, 171, 185, 186, 192, 198, 199, 208, 210, 211, 213, 251, 252, 253, 254, 255, 256, 261, 263, 280, 281, 282, 283, 288, 299, 318, 319, 320, 321, 322, 323, 328, 332, 366, 367, 368, 369, 374, 385, 403, 404, 405, 406, 407, 408, 413, 417, 452, 463, 481, 485, 511, 512, 514, 515, 517], "excluded_lines": [], "executed_branches": [[74, -64], [74, 74], [109, 108], [109, 109], [109, 143], [144, 143], [144, 144], [144, 174], [175, 174], [175, 175], [175, 202], [203, 202], [203, 203], [203, 240], [241, 240], [241, 241], [241, 269], [270, 269], [270, 270], [270, 306], [307, 306], [307, 307], [307, 355], [356, 355], [356, 356], [356, 392], [393, 392], [393, 393], [393, 441], [442, 441], [442, 442], [442, 470], [471, 470], [471, 471], [471, 506], [507, -1], [507, 506], [507, 507]], "missing_branches": [[74, -74], [210, 211], [210, 213], [252, 253], [252, 261], [319, 320], [319, 328], [404, 405], [404, 413], [512, -512], [512, 514], [514, 515], [514, 517]]}, "app/core/__init__.py": {"executed_lines": [], "summary": {"covered_lines": 0, "num_statements": 0, "percent_covered": 100.0, "percent_covered_display": "100.00", "missing_lines": 0, "excluded_lines": 0, "num_branches": 0, "num_partial_branches": 0, "covered_branches": 0, "missing_branches": 0}, "missing_lines": [], "excluded_lines": [], "executed_branches": [], "missing_branches": []}, "app/core/config.py": {"executed_lines": [1, 6, 7, 8, 10, 11, 14, 15, 18, 19, 20, 21, 22, 28, 32, 35, 40, 43, 46, 49, 57, 62, 65, 70, 73, 74, 79, 82, 84, 89, 90, 92, 96, 98, 99, 107, 108, 112], "summary": {"covered_lines": 36, "num_statements": 36, "percent_covered": 100.0, "percent_covered_display": "100.00", "missing_lines": 0, "excluded_lines": 0, "num_branches": 4, "num_partial_branches": 0, "covered_branches": 4, "missing_branches": 0}, "missing_lines": [], "excluded_lines": [], "executed_branches": [[90, 89], [90, 96], [107, -96], [107, 108]], "missing_branches": []}, "app/core/security.py": {"executed_lines": [1, 7, 8, 9, 10, 11, 12, 13, 15, 16, 17, 20, 23, 26, 27, 28, 31, 33, 34, 35, 37, 41, 42, 43, 46, 48, 49, 50, 51, 52, 55, 57, 58, 61, 62, 65, 67, 68, 69, 72, 74, 75, 76, 77, 79, 80, 81, 82, 85, 90, 91, 93, 94, 95, 96, 98, 99, 100, 102, 103, 106, 111, 112, 113, 118], "summary": {"covered_lines": 64, "num_statements": 64, "percent_covered": 100.0, "percent_covered_display": "100.00", "missing_lines": 0, "excluded_lines": 0, "num_branches": 16, "num_partial_branches": 0, "covered_branches": 16, "missing_branches": 0}, "missing_lines": [], "excluded_lines": [], "executed_branches": [[34, 35], [34, 37], [75, 76], [75, 77], [77, 79], [77, 80], [80, 81], [80, 82], [90, 91], [90, 93], [95, 96], [95, 98], [99, 100], [99, 102], [112, 113], [112, 118]], "missing_branches": []}, "app/database/__init__.py": {"executed_lines": [], "summary": {"covered_lines": 0, "num_statements": 0, "percent_covered": 100.0, "percent_covered_display": "100.00", "missing_lines": 0, "excluded_lines": 0, "num_branches": 0, "num_partial_branches": 0, "covered_branches": 0, "missing_branches": 0}, "missing_lines": [], "excluded_lines": [], "executed_branches": [], "missing_branches": []}, "app/database/chromadb_config.py": {"executed_lines": [1, 11, 12, 13, 14, 15, 16, 17, 18, 21, 24, 25, 27, 34, 35, 36, 37, 40, 42, 43, 45, 46, 53, 55, 56, 58, 60, 61, 63, 74, 75, 77, 78, 79, 80, 82, 86, 88, 89, 91, 93, 111, 112, 113, 115, 134, 137, 140, 143, 157, 158, 160, 179, 182, 185, 188, 202, 203, 205, 226, 229, 232, 233, 234, 235, 236, 239, 246, 247, 249, 260, 268, 281, 288, 290, 291, 292, 295, 297, 298, 299, 301, 302, 304, 306, 308, 309, 310, 311, 312, 313, 314, 315, 317, 319, 321, 322, 323, 325, 326, 327, 328, 330, 332, 333, 334, 337, 338, 342, 347, 349, 352, 354, 357, 359, 368, 370], "summary": {"covered_lines": 115, "num_statements": 115, "percent_covered": 100.0, "percent_covered_display": "100.00", "missing_lines": 0, "excluded_lines": 0, "num_branches": 26, "num_partial_branches": 0, "covered_branches": 26, "missing_branches": 0}, "missing_lines": [], "excluded_lines": [], "executed_branches": [[43, 42], [43, 55], [45, 46], [45, 53], [56, 55], [56, 63], [58, 60], [58, 61], [74, 75], [74, 77], [111, -91], [111, 112], [233, 234], [233, 235], [235, 236], [235, 239], [290, -281], [290, 291], [297, 290], [297, 298], [308, 309], [308, 317], [325, -319], [325, 326], [333, 334], [333, 337]], "missing_branches": []}, "app/database/config.py": {"executed_lines": [1, 17, 18, 19, 20, 21, 23, 24, 25, 26, 27, 28, 31, 33, 34, 35, 36, 37, 39, 42, 43, 46, 47, 48, 51, 52, 55, 56, 57, 59, 61, 62, 65, 67, 68, 69, 71, 74, 75, 77, 78, 79, 80, 81, 82, 83, 88, 89, 91, 93, 94, 96, 99, 100, 102, 104, 105, 107, 109, 110, 112, 114, 116, 117, 119, 120, 122, 125, 145, 147, 148, 150, 151, 158, 160, 161, 163, 164, 165, 167, 169, 172, 174, 176, 177, 178, 179, 180, 182, 188, 189, 190, 191, 192, 198, 200, 201, 202, 203, 206, 208, 210, 216, 217, 218, 219, 225, 227, 228, 229, 232, 233, 235, 241, 242, 243, 244, 245, 251, 253, 255, 257, 260, 261, 264, 265, 267, 269, 271, 272, 275, 276, 277, 283, 284, 290, 291, 296, 302, 304, 305, 307, 308, 311, 312, 314, 316, 318, 319, 324, 326, 328, 329, 330, 332, 333, 334, 340, 344, 347, 348, 349, 351, 352, 354, 357, 358, 360, 363, 364, 365, 366, 367, 368, 369, 371, 374, 376, 379, 381, 384, 386, 390, 392, 393, 394, 398, 399, 407, 408, 409, 410, 417, 419, 420, 421, 424, 426], "summary": {"covered_lines": 195, "num_statements": 195, "percent_covered": 100.0, "percent_covered_display": "100.00", "missing_lines": 0, "excluded_lines": 0, "num_branches": 44, "num_partial_branches": 0, "covered_branches": 44, "missing_branches": 0}, "missing_lines": [], "excluded_lines": [], "executed_branches": [[62, -42], [62, 61], [68, 69], [68, 71], [100, 99], [100, 104], [105, 104], [105, 109], [110, -96], [110, 109], [120, 119], [120, 147], [122, 125], [122, 145], [148, 147], [148, 160], [150, 151], [150, 158], [161, 160], [161, 167], [163, 164], [163, 165], [202, 203], [202, 208], [202, 216], [272, 275], [272, 296], [276, 277], [276, 283], [307, 308], [307, 311], [311, -311], [311, 311], [311, 312], [318, 319], [318, 324], [328, 329], [328, 332], [332, -326], [332, 333], [358, 357], [358, 374], [394, -394], [394, 394], [394, 398], [398, 399], [398, 407]], "missing_branches": []}, "app/database/local_config.py": {"executed_lines": [1, 10, 11, 12, 13, 14, 15, 16, 17, 18, 19, 22, 25, 26, 28, 35, 36, 39, 40, 43, 44, 45, 47, 48, 50, 51, 52, 53, 55, 56, 58, 59, 69, 71, 72, 74, 75, 80, 82, 84, 86, 87, 90, 91, 93, 94, 95, 97, 99, 100, 101, 103, 105, 201, 202, 203, 204, 205, 207, 209, 276, 277, 278, 279, 280, 281, 282, 284, 285, 287, 288, 289, 290, 291, 292, 293, 295, 297, 298, 300, 301, 302, 303, 304, 306, 308, 309, 310, 313, 325, 326, 327, 328, 329, 331, 333, 334, 335, 340, 341, 349, 350, 351, 352, 354, 358, 359, 360, 362, 375, 376, 377, 378, 380, 382, 383, 384, 392, 403, 404, 405, 407, 409, 410, 412, 424, 426, 427, 434, 435, 436, 437, 439, 441, 442, 449, 450, 453, 454, 457, 458, 459, 460, 462, 464, 466, 471, 472, 473, 477, 478, 482, 483, 484, 485, 486, 488, 489, 490, 491, 492, 494, 496, 498, 500, 501, 505, 506, 507, 508, 509, 511, 513, 514, 518, 519, 520, 521, 522, 523, 524, 525, 527, 529, 531, 532, 533, 535, 536, 537, 538, 542, 547, 549, 552, 554, 557, 559, 562, 564], "summary": {"covered_lines": 198, "num_statements": 198, "percent_covered": 100.0, "percent_covered_display": "100.00", "missing_lines": 0, "excluded_lines": 0, "num_branches": 60, "num_partial_branches": 0, "covered_branches": 60, "missing_branches": 0}, "missing_lines": [], "excluded_lines": [], "executed_branches": [[48, 47], [48, 55], [50, 51], [50, 53], [56, 55], [56, 71], [58, 59], [58, 69], [72, 71], [72, 82], [74, 75], [74, 80], [201, -103], [201, 202], [202, 203], [202, 205], [203, 202], [203, 204], [277, -207], [277, 278], [285, 284], [285, 297], [298, 297], [298, 306], [309, -306], [309, 310], [309, 327], [334, -331], [334, 335], [334, 350], [340, 341], [340, 349], [359, -354], [359, 360], [359, 376], [383, -380], [383, 384], [383, 403], [410, -407], [410, 412], [410, 435], [426, 427], [426, 434], [449, 450], [449, 457], [471, 472], [471, 477], [471, 490], [472, 471], [472, 473], [477, 478], [477, 488], [482, 477], [482, 483], [500, 501], [500, 508], [500, 511], [505, 500], [505, 506], [513, 514], [513, 524], [513, 527], [518, 513], [518, 519], [531, 532], [531, 535], [535, -529], [535, 536]], "missing_branches": []}, "app/database/migrations.py": {"executed_lines": [1, 12, 13, 14, 15, 16, 18, 19, 20, 21, 23, 24, 25, 26, 27, 29, 32, 33, 35, 36, 37, 38, 39, 40, 41, 43, 45, 46, 47, 49, 51, 53, 54, 57, 58, 60, 61, 62, 63, 64, 66, 68, 178, 179, 181, 183, 252, 253, 254, 257, 283, 284, 285, 287, 289, 290, 293, 299, 300, 301, 302, 303, 305, 307, 308, 309, 310, 311, 312, 313, 314, 316, 318, 319, 320, 321, 322, 323, 324, 325, 327, 329, 330, 331, 333, 334, 335, 336, 338, 340, 341, 342, 351, 352, 353, 354, 356, 358, 361, 362, 363, 364, 365, 366, 367, 370, 371, 372, 373, 374, 375, 376, 379, 380, 381, 382, 383, 384, 385, 387, 389, 391, 392, 393, 395, 396, 397, 400, 438, 439, 442, 451, 453, 454, 455, 456, 458, 460, 461, 462, 463, 464, 466, 468, 469, 470, 472, 474, 476, 477, 479, 480, 482, 483, 485, 486, 487, 488, 490, 491, 492, 493, 495, 497, 498, 499, 500, 501, 503, 505, 513, 514, 515, 517, 523, 524, 525, 528, 529, 530, 531, 532, 535, 536, 537, 538, 539, 541, 545, 549, 551, 554, 556, 559, 561, 564, 566], "summary": {"covered_lines": 195, "num_statements": 195, "percent_covered": 100.0, "percent_covered_display": "100.00", "missing_lines": 0, "excluded_lines": 0, "num_branches": 27, "num_partial_branches": 0, "covered_branches": 27, "missing_branches": 0}, "missing_lines": [], "excluded_lines": [], "executed_branches": [[53, 54], [53, 57], [57, 58], [57, 60], [178, -66], [178, 179], [253, -181], [253, 254], [253, 257], [284, -181], [284, 285], [341, 342], [341, 351], [395, 396], [395, 400], [438, 439], [438, 442], [458, -389], [458, 460], [458, 462], [468, 469], [468, 472], [482, 483], [482, 495], [485, 482], [485, 486], [490, 485], [490, 491]], "missing_branches": []}, "app/frontend/__init__.py": {"executed_lines": [1, 8, 9, 11], "summary": {"covered_lines": 3, "num_statements": 3, "percent_covered": 100.0, "percent_covered_display": "100.00", "missing_lines": 0, "excluded_lines": 0, "num_branches": 0, "num_partial_branches": 0, "covered_branches": 0, "missing_branches": 0}, "missing_lines": [], "excluded_lines": [], "executed_branches": [], "missing_branches": []}, "app/frontend/admin_ai_models.py": {"executed_lines": [1, 18, 19, 20, 22, 25, 569, 610, 736, 753, 900], "summary": {"covered_lines": 10, "num_statements": 25, "percent_covered": 37.03703703703704, "percent_covered_display": "37.04", "missing_lines": 15, "excluded_lines": 0, "num_branches": 2, "num_partial_branches": 0, "covered_branches": 0, "missing_branches": 2}, "missing_lines": [29, 457, 572, 573, 575, 614, 615, 623, 624, 626, 739, 740, 750, 756, 903], "excluded_lines": [], "executed_branches": [], "missing_branches": [[739, 740], [739, 750]]}, "app/frontend/admin_dashboard.py": {"executed_lines": [1, 9, 10, 11, 13, 14, 17, 60, 73, 81, 119, 131, 157, 185, 198, 320, 375], "summary": {"covered_lines": 16, "num_statements": 46, "percent_covered": 32.0, "percent_covered_display": "32.00", "missing_lines": 30, "excluded_lines": 0, "num_branches": 4, "num_partial_branches": 0, "covered_branches": 0, "missing_branches": 4}, "missing_lines": [19, 62, 68, 69, 70, 75, 76, 77, 78, 89, 90, 92, 121, 122, 123, 124, 127, 128, 133, 159, 160, 162, 187, 188, 190, 200, 322, 323, 354, 382], "excluded_lines": [], "executed_branches": [], "missing_branches": [[121, 122], [121, 123], [322, 323], [322, 354]]}, "app/frontend/admin_feature_toggles.py": {"executed_lines": [1, 6, 9, 95, 177, 451, 498, 540, 582, 1160], "summary": {"covered_lines": 9, "num_statements": 17, "percent_covered": 52.94117647058823, "percent_covered_display": "52.94", "missing_lines": 8, "excluded_lines": 0, "num_branches": 0, "num_partial_branches": 0, "covered_branches": 0, "missing_branches": 0}, "missing_lines": [12, 98, 180, 454, 501, 543, 585, 1162], "excluded_lines": [], "executed_branches": [], "missing_branches": []}, "app/frontend/admin_language_config.py": {"executed_lines": [1, 10, 11, 12, 14, 17, 61, 175, 226, 291, 351, 510, 855], "summary": {"covered_lines": 12, "num_statements": 42, "percent_covered": 27.272727272727273, "percent_covered_display": "27.27", "missing_lines": 30, "excluded_lines": 0, "num_branches": 2, "num_partial_branches": 0, "covered_branches": 0, "missing_branches": 2}, "missing_lines": [19, 71, 72, 73, 77, 82, 83, 86, 95, 178, 229, 230, 231, 232, 233, 234, 237, 244, 294, 295, 296, 297, 298, 299, 302, 311, 354, 355, 359, 513], "excluded_lines": [], "executed_branches": [], "missing_branches": [[72, 73], [72, 77]]}, "app/frontend/admin_learning_analytics.py": {"executed_lines": [], "summary": {"covered_lines": 0, "num_statements": 25, "percent_covered": 0.0, "percent_covered_display": "0.00", "missing_lines": 25, "excluded_lines": 0, "num_branches": 4, "num_partial_branches": 0, "covered_branches": 0, "missing_branches": 4}, "missing_lines": [9, 10, 13, 15, 390, 396, 397, 417, 418, 428, 462, 465, 522, 525, 690, 693, 842, 845, 942, 945, 1050, 1052, 1142, 1146, 1153], "excluded_lines": [], "executed_branches": [], "missing_branches": [[396, 397], [396, 417], [417, 418], [417, 428]]}, "app/frontend/admin_routes.py": {"executed_lines": [1, 9, 10, 11, 12, 14, 18, 19, 20, 21, 22, 26, 27, 28, 29, 34, 37, 40, 41, 62, 63, 130, 131, 191, 192, 255, 256, 307, 308, 349, 350, 415, 416, 564, 568, 573], "summary": {"covered_lines": 35, "num_statements": 135, "percent_covered": 25.888324873096447, "percent_covered_display": "25.89", "missing_lines": 100, "excluded_lines": 0, "num_branches": 62, "num_partial_branches": 0, "covered_branches": 16, "missing_branches": 46}, "missing_lines": [45, 47, 48, 53, 55, 56, 57, 67, 69, 70, 76, 77, 79, 80, 81, 104, 106, 108, 109, 110, 119, 121, 122, 123, 124, 125, 135, 137, 138, 144, 147, 153, 154, 156, 182, 183, 184, 185, 186, 196, 198, 199, 205, 208, 214, 215, 217, 246, 247, 248, 249, 250, 260, 262, 263, 269, 273, 279, 281, 298, 299, 300, 301, 302, 312, 314, 315, 321, 340, 341, 342, 343, 344, 354, 356, 357, 363, 366, 372, 373, 375, 406, 407, 408, 409, 410, 420, 422, 423, 429, 432, 438, 439, 442, 521, 554, 555, 556, 557, 558], "excluded_lines": [], "executed_branches": [[41, 40], [41, 41], [41, 62], [63, 62], [63, 63], [63, 130], [131, 130], [131, 131], [131, 191], [192, 191], [192, 192], [192, 255], [256, 255], [256, 256], [256, 307], [308, 307], [308, 308], [308, 349], [350, 349], [350, 350], [350, 415], [416, -37], [416, 415], [416, 416]], "missing_branches": [[47, 48], [47, 53], [69, 70], [69, 76], [76, 77], [76, 104], [80, 76], [80, 81], [109, 110], [109, 119], [121, 122], [121, 123], [137, 138], [137, 144], [144, 147], [144, 153], [182, 183], [182, 184], [198, 199], [198, 205], [205, 208], [205, 214], [246, 247], [246, 248], [262, 263], [262, 269], [269, 273], [269, 279], [298, 299], [298, 300], [314, 315], [314, 321], [340, 341], [340, 342], [356, 357], [356, 363], [363, 366], [363, 372], [406, 407], [406, 408], [422, 423], [422, 429], [429, 432], [429, 438], [554, 555], [554, 556]]}, "app/frontend/admin_scenario_management.py": {"executed_lines": [1, 16, 19, 372, 515, 586, 751, 828, 879, 1018], "summary": {"covered_lines": 9, "num_statements": 17, "percent_covered": 52.94117647058823, "percent_covered_display": "52.94", "missing_lines": 8, "excluded_lines": 0, "num_branches": 0, "num_partial_branches": 0, "covered_branches": 0, "missing_branches": 0}, "missing_lines": [21, 374, 517, 588, 753, 830, 881, 1020], "excluded_lines": [], "executed_branches": [], "missing_branches": []}, "app/frontend/chat.py": {"executed_lines": [1, 12, 14, 17, 20, 21, 351], "summary": {"covered_lines": 6, "num_statements": 8, "percent_covered": 80.0, "percent_covered_display": "80.00", "missing_lines": 2, "excluded_lines": 0, "num_branches": 2, "num_partial_branches": 0, "covered_branches": 2, "missing_branches": 0}, "missing_lines": [23, 353], "excluded_lines": [], "executed_branches": [[21, -17], [21, 20]], "missing_branches": []}, "app/frontend/content_view.py": {"executed_lines": [1, 12, 15, 18, 19], "summary": {"covered_lines": 4, "num_statements": 5, "percent_covered": 85.71428571428571, "percent_covered_display": "85.71", "missing_lines": 1, "excluded_lines": 0, "num_branches": 2, "num_partial_branches": 0, "covered_branches": 2, "missing_branches": 0}, "missing_lines": [21], "excluded_lines": [], "executed_branches": [[19, -15], [19, 18]], "missing_branches": []}, "app/frontend/diagnostic.py": {"executed_lines": [1, 12, 15, 18, 19, 97], "summary": {"covered_lines": 5, "num_statements": 7, "percent_covered": 77.77777777777777, "percent_covered_display": "77.78", "missing_lines": 2, "excluded_lines": 0, "num_branches": 2, "num_partial_branches": 0, "covered_branches": 2, "missing_branches": 0}, "missing_lines": [21, 99], "excluded_lines": [], "executed_branches": [[19, -15], [19, 18]], "missing_branches": []}, "app/frontend/home.py": {"executed_lines": [1, 12, 13, 16, 18, 41, 44, 46, 253, 255, 849, 851, 1012, 1014, 1191, 1194, 1195, 1197, 1377, 1378, 1380], "summary": {"covered_lines": 20, "num_statements": 20, "percent_covered": 100.0, "percent_covered_display": "100.00", "missing_lines": 0, "excluded_lines": 0, "num_branches": 4, "num_partial_branches": 0, "covered_branches": 4, "missing_branches": 0}, "missing_lines": [], "excluded_lines": [], "executed_branches": [[1195, 1194], [1195, 1377], [1378, -1191], [1378, 1377]], "missing_branches": []}, "app/frontend/layout.py": {"executed_lines": [1, 11, 12, 15, 51, 63, 80, 94, 100, 120, 132, 144, 158, 265], "summary": {"covered_lines": 13, "num_statements": 50, "percent_covered": 21.666666666666668, "percent_covered_display": "21.67", "missing_lines": 37, "excluded_lines": 0, "num_branches": 10, "num_partial_branches": 0, "covered_branches": 0, "missing_branches": 10}, "missing_lines": [17, 53, 67, 82, 83, 84, 86, 87, 89, 91, 96, 97, 102, 104, 114, 115, 117, 122, 124, 126, 127, 129, 134, 136, 137, 141, 148, 150, 152, 153, 155, 162, 214, 268, 271, 272, 274], "excluded_lines": [], "executed_branches": [], "missing_branches": [[83, 84], [83, 86], [86, 87], [86, 89], [136, 137], [136, 141], [152, 153], [152, 155], [271, 272], [271, 274]]}, "app/frontend/learning_analytics_dashboard.py": {"executed_lines": [], "summary": {"covered_lines": 0, "num_statements": 61, "percent_covered": 0.0, "percent_covered_display": "0.00", "missing_lines": 61, "excluded_lines": 0, "num_branches": 16, "num_partial_branches": 0, "covered_branches": 0, "missing_branches": 16}, "missing_lines": [9, 10, 11, 14, 16, 425, 429, 430, 437, 438, 494, 532, 535, 536, 537, 539, 622, 625, 626, 629, 630, 631, 632, 633, 634, 635, 636, 637, 639, 640, 642, 651, 654, 655, 656, 657, 660, 687, 731, 734, 736, 752, 755, 756, 765, 775, 779, 788, 790, 803, 806, 807, 816, 823, 826, 828, 850, 853, 854, 856, 874], "excluded_lines": [], "executed_branches": [], "missing_branches": [[429, 430], [429, 437], [437, 438], [437, 494], [629, 630], [629, 632], [632, 633], [632, 635], [635, 636], [635, 639], [755, 756], [755, 765], [806, 807], [806, 816], [853, 854], [853, 856]]}, "app/frontend/main.py": {"executed_lines": [1, 12, 13, 16, 19, 20, 21, 22, 23, 24, 25, 26, 29, 32, 34, 37, 44, 45, 46, 47, 48, 49, 50, 53, 55, 59], "summary": {"covered_lines": 25, "num_statements": 25, "percent_covered": 100.0, "percent_covered_display": "100.00", "missing_lines": 0, "excluded_lines": 0, "num_branches": 0, "num_partial_branches": 0, "covered_branches": 0, "missing_branches": 0}, "missing_lines": [], "excluded_lines": [], "executed_branches": [], "missing_branches": []}, "app/frontend/profile.py": {"executed_lines": [1, 12, 13, 16, 19, 20, 339], "summary": {"covered_lines": 6, "num_statements": 8, "percent_covered": 80.0, "percent_covered_display": "80.00", "missing_lines": 2, "excluded_lines": 0, "num_branches": 2, "num_partial_branches": 0, "covered_branches": 2, "missing_branches": 0}, "missing_lines": [22, 341], "excluded_lines": [], "executed_branches": [[20, -16], [20, 19]], "missing_branches": []}, "app/frontend/progress.py": {"executed_lines": [1, 11, 12, 15, 18, 19], "summary": {"covered_lines": 5, "num_statements": 6, "percent_covered": 87.5, "percent_covered_display": "87.50", "missing_lines": 1, "excluded_lines": 0, "num_branches": 2, "num_partial_branches": 0, "covered_branches": 2, "missing_branches": 0}, "missing_lines": [21], "excluded_lines": [], "executed_branches": [[19, -15], [19, 18]], "missing_branches": []}, "app/frontend/progress_analytics_dashboard.py": {"executed_lines": [1, 18, 19, 20, 23, 706, 821, 853, 875, 1006, 1046, 1101, 1118, 1175, 1223, 1237, 1331, 1345, 1418, 1432, 1466, 1498, 1512, 1566, 1585, 1599, 1644], "summary": {"covered_lines": 26, "num_statements": 69, "percent_covered": 31.325301204819276, "percent_covered_display": "31.33", "missing_lines": 43, "excluded_lines": 0, "num_branches": 14, "num_partial_branches": 0, "covered_branches": 0, "missing_branches": 14}, "missing_lines": [25, 712, 713, 720, 721, 729, 823, 855, 877, 878, 879, 880, 882, 1009, 1017, 1019, 1048, 1049, 1068, 1103, 1120, 1177, 1178, 1180, 1225, 1239, 1240, 1242, 1333, 1347, 1348, 1350, 1420, 1434, 1435, 1437, 1439, 1468, 1500, 1514, 1568, 1587, 1601], "excluded_lines": [], "executed_branches": [], "missing_branches": [[712, 713], [712, 720], [720, 721], [720, 729], [1048, 1049], [1048, 1068], [1177, 1178], [1177, 1180], [1239, 1240], [1239, 1242], [1347, 1348], [1347, 1350], [1434, 1435], [1434, 1437]]}, "app/frontend/server.py": {"executed_lines": [1, 8, 9, 12, 19], "summary": {"covered_lines": 4, "num_statements": 6, "percent_covered": 62.5, "percent_covered_display": "62.50", "missing_lines": 2, "excluded_lines": 0, "num_branches": 2, "num_partial_branches": 1, "covered_branches": 1, "missing_branches": 1}, "missing_lines": [14, 20], "excluded_lines": [], "executed_branches": [[19, -1]], "missing_branches": [[19, 20]]}, "app/frontend/styles.py": {"executed_lines": [1, 12, 15, 915, 929], "summary": {"covered_lines": 4, "num_statements": 9, "percent_covered": 44.44444444444444, "percent_covered_display": "44.44", "missing_lines": 5, "excluded_lines": 0, "num_branches": 0, "num_partial_branches": 0, "covered_branches": 0, "missing_branches": 0}, "missing_lines": [17, 917, 926, 931, 937], "excluded_lines": [], "executed_branches": [], "missing_branches": []}, "app/frontend/user_ui.py": {"executed_lines": [1, 12, 13, 14, 16, 19, 21, 66, 78, 105, 107, 120, 122, 132, 213, 215, 257, 284, 286, 364, 414, 416, 423, 429, 439, 468, 500], "summary": {"covered_lines": 26, "num_statements": 36, "percent_covered": 72.22222222222223, "percent_covered_display": "72.22", "missing_lines": 10, "excluded_lines": 0, "num_branches": 0, "num_partial_branches": 0, "covered_branches": 0, "missing_branches": 0}, "missing_lines": [68, 80, 82, 134, 259, 366, 431, 441, 470, 502], "excluded_lines": [], "executed_branches": [], "missing_branches": []}, "app/frontend/visual_learning.py": {"executed_lines": [1, 14, 15, 18, 21, 22, 154, 155, 236, 237, 414, 415, 467, 468, 512, 543, 561, 587, 641], "summary": {"covered_lines": 18, "num_statements": 33, "percent_covered": 65.11627906976744, "percent_covered_display": "65.12", "missing_lines": 15, "excluded_lines": 0, "num_branches": 10, "num_partial_branches": 0, "covered_branches": 10, "missing_branches": 0}, "missing_lines": [24, 157, 239, 417, 470, 516, 517, 519, 545, 563, 565, 596, 598, 645, 647], "excluded_lines": [], "executed_branches": [[22, 21], [22, 154], [155, 154], [155, 236], [237, 236], [237, 414], [415, 414], [415, 467], [468, -18], [468, 467]], "missing_branches": []}, "app/frontend_main.py": {"executed_lines": [1, 20, 23, 27, 29, 31, 35, 38], "summary": {"covered_lines": 7, "num_statements": 20, "percent_covered": 36.36363636363637, "percent_covered_display": "36.36", "missing_lines": 13, "excluded_lines": 0, "num_branches": 2, "num_partial_branches": 1, "covered_branches": 1, "missing_branches": 1}, "missing_lines": [39, 40, 41, 42, 43, 44, 45, 46, 47, 48, 49, 50, 51], "excluded_lines": [], "executed_branches": [[38, -1]], "missing_branches": [[38, 39]]}, "app/main.py": {"executed_lines": [1, 6, 7, 8, 9, 10, 13, 14, 15, 16, 17, 18, 19, 20, 21, 22, 23, 26, 28, 30, 39, 48, 49, 52, 53, 54, 55, 56, 57, 58, 59, 60, 61, 64, 65, 66, 69, 70, 71, 79, 83, 86, 88, 89, 98], "summary": {"covered_lines": 44, "num_statements": 45, "percent_covered": 96.07843137254902, "percent_covered_display": "96.08", "missing_lines": 1, "excluded_lines": 0, "num_branches": 6, "num_partial_branches": 1, "covered_branches": 5, "missing_branches": 1}, "missing_lines": [99], "excluded_lines": [], "executed_branches": [[65, 64], [65, 69], [70, 69], [70, 79], [98, -1]], "missing_branches": [[98, 99]]}, "app/models/__init__.py": {"executed_lines": [], "summary": {"covered_lines": 0, "num_statements": 0, "percent_covered": 100.0, "percent_covered_display": "100.00", "missing_lines": 0, "excluded_lines": 0, "num_branches": 0, "num_partial_branches": 0, "covered_branches": 0, "missing_branches": 0}, "missing_lines": [], "excluded_lines": [], "executed_branches": [], "missing_branches": []}, "app/models/database.py": {"executed_lines": [1, 8, 10, 25, 26, 28, 32, 33, 35, 36, 37, 40, 41, 43, 44, 45, 46, 47, 50, 51, 53, 54, 55, 58, 59, 61, 62, 63, 64, 65, 66, 69, 70, 72, 73, 74, 75, 79, 90, 91, 93, 95, 96, 97, 98, 99, 100, 103, 104, 105, 106, 109, 110, 111, 114, 115, 118, 119, 120, 123, 124, 130, 144, 150, 151, 153, 154, 155, 157, 158, 160, 161, 162, 164, 166, 184, 187, 188, 190, 192, 193, 194, 195, 196, 199, 200, 201, 206, 207, 219, 220, 222, 224, 225, 226, 229, 230, 231, 234, 237, 238, 239, 240, 243, 244, 245, 248, 249, 256, 262, 263, 282, 283, 285, 288, 289, 291, 293, 294, 297, 298, 299, 302, 303, 304, 307, 308, 309, 312, 313, 314, 317, 320, 323, 328, 329, 348, 349, 351, 353, 354, 355, 358, 359, 360, 361, 362, 365, 366, 367, 370, 371, 374, 375, 376, 379, 380, 381, 382, 383, 386, 387, 391, 394, 400, 401, 426, 427, 428, 430, 433, 434, 436, 438, 439, 440, 443, 446, 447, 448, 451, 452, 453, 454, 457, 458, 459, 462, 463, 464, 467, 468, 469, 472, 477, 485, 486, 512, 513, 515, 517, 518, 519, 522, 523, 524, 525, 526, 529, 530, 531, 534, 535, 536, 537, 540, 541, 542, 545, 546, 547, 550, 551, 552, 555, 560, 567, 568, 602, 603, 605, 607, 608, 611, 612, 613, 616, 617, 618, 621, 622, 625, 626, 629, 632, 638, 639, 657, 665, 667, 668, 670, 671, 672, 673, 674, 675, 677, 678, 682], "summary": {"covered_lines": 246, "num_statements": 246, "percent_covered": 100.0, "percent_covered_display": "100.00", "missing_lines": 0, "excluded_lines": 0, "num_branches": 16, "num_partial_branches": 0, "covered_branches": 16, "missing_branches": 0}, "missing_lines": [], "excluded_lines": [], "executed_branches": [[151, 150], [151, 157], [153, 154], [153, 155], [158, 157], [158, 164], [160, 161], [160, 162], [282, 283], [282, 285], [426, 427], [426, 430], [673, 674], [673, 675], [677, -657], [677, 678]], "missing_branches": []}, "app/models/feature_toggle.py": {"executed_lines": [1, 6, 7, 8, 9, 12, 13, 15, 16, 17, 18, 21, 22, 24, 25, 26, 27, 28, 31, 32, 34, 35, 36, 37, 38, 39, 40, 41, 44, 45, 47, 50, 53, 56, 61, 62, 64, 65, 66, 69, 72, 75, 80, 83, 86, 91, 94, 97, 98, 103, 106, 109, 110, 115, 118, 123, 129, 132, 136, 138, 139, 141, 144, 145, 147, 148, 149, 152, 155, 156, 161, 164, 165, 168, 170, 172, 173, 175, 178, 179, 181, 182, 183, 188, 191, 192, 195, 196, 199, 200, 203, 207, 209, 210, 212, 215, 216, 218, 219, 222, 223, 226, 230, 231, 232, 234, 237, 238, 239, 243, 244, 246, 251, 254, 255, 257, 260, 263, 266, 267, 269, 272, 275, 277, 280, 281, 282, 286, 287, 289, 292, 295, 296, 298, 299, 300, 301, 304, 305, 307, 308, 309, 310, 311, 314, 315, 317, 318, 319, 320, 321, 324, 325, 327, 328, 329, 330, 334, 337, 340, 344, 347], "summary": {"covered_lines": 148, "num_statements": 148, "percent_covered": 100.0, "percent_covered_display": "100.00", "missing_lines": 0, "excluded_lines": 0, "num_branches": 6, "num_partial_branches": 0, "covered_branches": 6, "missing_branches": 0}, "missing_lines": [], "excluded_lines": [], "executed_branches": [[139, -61], [139, 138], [173, -144], [173, 172], [210, -178], [210, 209]], "missing_branches": []}, "app/models/schemas.py": {"executed_lines": [1, 8, 15, 16, 17, 21, 22, 24, 25, 26, 29, 30, 32, 33, 34, 35, 36, 39, 40, 42, 43, 44, 47, 48, 50, 51, 52, 53, 54, 55, 58, 59, 61, 62, 63, 64, 68, 69, 71, 75, 76, 78, 79, 80, 81, 82, 83, 84, 87, 88, 90, 91, 92, 93, 95, 96, 97, 99, 100, 103, 106, 107, 109, 110, 111, 112, 113, 114, 115, 116, 117, 120, 121, 123, 124, 125, 126, 127, 128, 129, 130, 131, 134, 135, 137, 138, 139, 140, 144, 145, 147, 148, 149, 150, 151, 152, 155, 156, 158, 161, 162, 164, 165, 169, 170, 172, 173, 174, 177, 178, 180, 181, 184, 185, 187, 188, 189, 192, 193, 195, 196, 197, 198, 199, 200, 201, 202, 203, 204, 205, 209, 210, 212, 213, 214, 217, 218, 220, 221, 224, 225, 227, 228, 229, 230, 231, 232, 233, 234, 235, 236, 237, 238, 242, 243, 245, 246, 247, 250, 251, 253, 254, 255, 256, 259, 260, 262, 263, 264, 265, 266, 269, 270, 272, 273, 274, 275, 276, 277, 278, 279, 280, 281, 282, 283, 284, 285, 286, 287, 288, 291, 292, 294, 295, 299, 300, 302, 303, 304, 307, 308, 310, 311, 314, 315, 317, 318, 319, 320, 321, 322, 323, 324, 325, 328, 329, 331, 332, 333, 334, 335, 336, 337, 338, 339, 340, 341, 342, 343, 344, 345, 346, 347, 351, 352, 354, 355, 356, 357, 358, 361, 362, 364, 365, 366, 367, 368, 371, 372, 374, 375, 376, 377, 378, 379, 380, 381, 384, 385, 387, 388, 389, 390, 391, 392, 393, 394, 395, 396, 397, 398, 399, 400, 401, 402, 403, 404, 405, 409, 410, 412, 413, 414, 417, 418, 420, 421, 422, 423, 424, 425, 426, 429, 430, 432, 433, 434, 435, 436, 437, 438, 439, 440, 441, 445, 446, 448, 451, 452, 454, 455, 456, 459, 460, 462, 463, 464, 467, 468, 470, 471, 472, 473, 474, 475, 478, 479, 481, 482, 483, 484, 487, 488, 490, 491, 492, 493, 494, 495, 498, 499, 501, 502, 503, 504, 507, 508, 510, 511, 512, 516], "summary": {"covered_lines": 305, "num_statements": 305, "percent_covered": 100.0, "percent_covered_display": "100.00", "missing_lines": 0, "excluded_lines": 0, "num_branches": 8, "num_partial_branches": 0, "covered_branches": 8, "missing_branches": 0}, "missing_lines": [], "excluded_lines": [], "executed_branches": [[95, 96], [95, 97], [96, 95], [96, 97], [97, -87], [97, 96], [99, 100], [99, 103]], "missing_branches": []}, "app/models/simple_user.py": {"executed_lines": [1, 6, 7, 8, 9, 11, 14, 15, 17, 18, 19, 22, 23, 25, 27, 28, 29, 30, 31, 32, 35, 36, 39, 42, 43, 44, 47, 48, 52, 54], "summary": {"covered_lines": 27, "num_statements": 27, "percent_covered": 100.0, "percent_covered_display": "100.00", "missing_lines": 0, "excluded_lines": 0, "num_branches": 0, "num_partial_branches": 0, "covered_branches": 0, "missing_branches": 0}, "missing_lines": [], "excluded_lines": [], "executed_branches": [], "missing_branches": []}, "app/services/__init__.py": {"executed_lines": [], "summary": {"covered_lines": 0, "num_statements": 0, "percent_covered": 100.0, "percent_covered_display": "100.00", "missing_lines": 0, "excluded_lines": 0, "num_branches": 0, "num_partial_branches": 0, "covered_branches": 0, "missing_branches": 0}, "missing_lines": [], "excluded_lines": [], "executed_branches": [], "missing_branches": []}, "app/services/admin_auth.py": {"executed_lines": [1, 12, 13, 14, 15, 16, 18, 19, 20, 21, 23, 26, 27, 30, 31, 32, 33, 36, 37, 38, 39, 42, 43, 44, 47, 48, 49, 52, 53, 55, 56, 57, 59, 61, 90, 92, 93, 95, 97, 99, 102, 103, 104, 106, 107, 108, 113, 114, 115, 120, 122, 124, 126, 128, 129, 130, 131, 132, 133, 135, 136, 139, 140, 142, 143, 144, 146, 150, 151, 153, 154, 156, 157, 158, 160, 161, 164, 166, 180, 182, 183, 185, 186, 187, 189, 191, 192, 194, 196, 197, 201, 205, 209, 210, 213, 216, 220, 221, 225, 228, 232, 233, 236, 240, 243, 246, 249, 250, 251, 255, 257, 261, 264, 265, 267, 268, 269, 272, 274, 277, 280, 281, 282, 283, 284, 288, 290, 294, 295, 297, 298, 299, 301, 305, 306, 307, 309, 310, 317, 318, 320, 322, 323, 325, 326, 327, 328, 329, 331, 333, 335, 337, 339, 340, 341, 345, 349, 351, 353, 355, 356, 358, 360, 363, 364, 365, 373, 378, 379, 380, 381, 382, 387, 390, 391, 392, 393, 394, 398, 400, 404, 406, 407, 408, 410, 414, 415, 417, 419, 422, 424, 425, 426, 432, 433, 442, 444, 445, 446, 450, 454, 455, 459, 460, 461, 467, 470, 473, 474, 475, 476, 477, 481, 482, 483, 488, 490, 492], "summary": {"covered_lines": 214, "num_statements": 214, "percent_covered": 100.0, "percent_covered_display": "100.00", "missing_lines": 0, "excluded_lines": 0, "num_branches": 66, "num_partial_branches": 0, "covered_branches": 66, "missing_branches": 0}, "missing_lines": [], "excluded_lines": [], "executed_branches": [[104, 103], [104, 122], [107, 108], [107, 113], [114, 115], [114, 120], [129, -126], [129, 130], [129, 142], [131, 132], [131, 135], [151, -146], [151, 153], [151, 185], [154, 156], [154, 164], [156, 157], [156, 161], [209, 210], [209, 213], [220, 221], [220, 225], [233, 233], [233, 236], [233, 240], [250, 251], [250, 255], [265, 264], [265, 274], [268, 269], [268, 272], [281, 280], [281, 290], [283, 284], [283, 288], [305, 306], [305, 309], [322, 323], [322, 325], [325, 326], [325, 331], [339, 340], [339, 341], [358, 360], [358, 363], [364, 365], [364, 373], [378, 379], [378, 380], [391, 390], [391, 400], [393, 394], [393, 398], [414, 415], [414, 417], [425, -422], [425, 426], [425, 444], [432, 433], [432, 442], [454, 455], [454, 459], [460, 461], [460, 467], [475, 474], [475, 490], [476, 477], [476, 481], [482, 483], [482, 488]], "missing_branches": []}, "app/services/ai_model_manager.py": {"executed_lines": [1, 18, 19, 20, 21, 22, 23, 24, 25, 28, 30, 32, 33, 34, 36, 39, 40, 42, 43, 44, 45, 46, 49, 50, 52, 53, 54, 55, 56, 57, 60, 61, 63, 64, 65, 66, 69, 70, 71, 73, 74, 75, 76, 77, 78, 81, 82, 83, 84, 87, 88, 91, 92, 93, 94, 97, 98, 99, 100, 103, 104, 105, 108, 109, 110, 112, 113, 114, 115, 116, 119, 120, 121, 123, 124, 125, 128, 129, 130, 131, 132, 135, 136, 137, 140, 141, 144, 145, 146, 148, 149, 152, 153, 154, 156, 157, 160, 161, 162, 165, 166, 167, 168, 171, 172, 175, 176, 179, 180, 182, 183, 184, 185, 186, 187, 188, 189, 190, 192, 194, 195, 228, 252, 268, 273, 278, 280, 399, 400, 401, 402, 405, 406, 412, 414, 416, 417, 455, 457, 458, 486, 490, 492, 493, 494, 495, 496, 499, 508, 551, 554, 555, 557, 559, 560, 562, 564, 565, 567, 570, 585, 586, 587, 588, 589, 590, 592, 593, 596, 598, 600, 602, 604, 606, 608, 610, 611, 612, 614, 624, 625, 627, 628, 631, 632, 633, 635, 637, 638, 639, 642, 643, 644, 645, 647, 651, 652, 655, 656, 657, 660, 665, 668, 672, 681, 682, 691, 695, 696, 699, 700, 701, 703, 704, 707, 708, 709, 710, 712, 728, 730, 731, 733, 734, 747, 749, 750, 751, 753, 757, 758, 759, 761, 762, 764, 766, 768, 770, 771, 772, 776, 779, 782, 785, 787, 794, 796, 798, 799, 800, 801, 802, 803, 804, 805, 806, 807, 809, 811, 813, 815, 816, 817, 818, 819, 820, 821, 822, 824, 826, 828, 830, 831, 832, 833, 834, 836, 844, 846, 847, 850, 851, 853, 861, 863, 864, 872, 874, 875, 876, 877, 878, 885, 886, 887, 888, 891, 893, 895, 899, 905, 916, 918, 923, 930, 932, 933, 935, 937, 941, 948, 949, 951, 953, 957, 958, 959, 961, 963, 967, 969, 970, 971, 972, 973, 974, 975, 977, 979, 981, 983, 985, 987, 989, 990, 991, 992, 993, 995, 997, 999, 1001, 1003, 1005, 1006, 1007, 1009, 1011, 1013, 1015, 1018, 1020, 1022, 1023, 1026, 1027, 1028, 1029, 1035, 1053], "summary": {"covered_lines": 352, "num_statements": 352, "percent_covered": 100.0, "percent_covered_display": "100.00", "missing_lines": 0, "excluded_lines": 0, "num_branches": 120, "num_partial_branches": 0, "covered_branches": 120, "missing_branches": 0}, "missing_lines": [], "excluded_lines": [], "executed_branches": [[69, 70], [69, 71], [113, 114], [113, 115], [115, -112], [115, 116], [119, 120], [119, 121], [152, 153], [152, 154], [194, -192], [194, 195], [399, -278], [399, 400], [405, 399], [405, 406], [416, -414], [416, 417], [457, -455], [457, 458], [492, 493], [492, 554], [493, 494], [493, 495], [495, 496], [495, 499], [554, -554], [554, 555], [560, -560], [560, -557], [560, 560], [564, 565], [564, 567], [585, 586], [585, 592], [586, 585], [586, 587], [587, 588], [587, 589], [589, 585], [589, 590], [610, 611], [610, 612], [624, 625], [624, 627], [627, -614], [627, 628], [632, 633], [632, 635], [642, 643], [642, 647], [655, 656], [655, 665], [656, 657], [656, 660], [681, -672], [681, 682], [695, 696], [695, 699], [700, 701], [700, 703], [733, 734], [733, 749], [749, 750], [749, 751], [770, -770], [770, 771], [771, -771], [771, 772], [772, -772], [772, 772], [772, 776], [776, -776], [776, 776], [776, 779], [779, -779], [779, 779], [779, 782], [782, -782], [782, 782], [782, 785], [798, 799], [798, 800], [800, 801], [800, 802], [802, 803], [802, 804], [804, 805], [804, 806], [806, 807], [806, 809], [815, 816], [815, 817], [817, 818], [817, 819], [819, 820], [819, 824], [821, 822], [821, 824], [850, -850], [850, 850], [850, 851], [851, -851], [851, 851], [851, 853], [875, 876], [875, 893], [877, 878], [877, 885], [886, 887], [886, 888], [899, -899], [899, 899], [899, 905], [948, 949], [948, 951], [957, 958], [957, 961], [989, 990], [989, 991], [991, 992], [991, 993], [1005, 1006], [1005, 1007], [1015, -1015], [1015, 1015], [1015, 1018], [1027, 1028], [1027, 1035]], "missing_branches": []}, "app/services/ai_router.py": {"executed_lines": [1, 20, 21, 22, 23, 24, 26, 32, 33, 34, 35, 36, 37, 39, 42, 43, 45, 46, 47, 48, 49, 52, 53, 55, 56, 57, 58, 59, 60, 63, 64, 65, 67, 68, 69, 70, 71, 72, 73, 74, 77, 78, 80, 81, 82, 83, 84, 85, 86, 87, 89, 91, 109, 111, 112, 114, 116, 117, 119, 121, 122, 127, 130, 131, 132, 135, 137, 138, 140, 142, 143, 144, 145, 146, 148, 150, 152, 156, 157, 158, 159, 160, 162, 164, 166, 168, 171, 173, 177, 178, 180, 181, 183, 186, 188, 192, 193, 197, 199, 209, 210, 211, 213, 221, 222, 225, 226, 227, 229, 249, 250, 253, 256, 257, 260, 263, 264, 269, 272, 273, 276, 279, 281, 287, 288, 290, 292, 293, 299, 301, 312, 314, 323, 325, 331, 339, 347, 348, 351, 352, 356, 358, 380, 382, 384, 391, 396, 401, 402, 410, 411, 425, 427, 428, 431, 432, 433, 434, 435, 439, 441, 453, 455, 462, 465, 466, 473, 474, 475, 477, 480, 488, 504, 505, 508, 509, 510, 511, 512, 515, 517, 519, 522, 525, 526, 527, 530, 532, 549, 551, 552, 554, 556, 557, 559, 576, 577, 585, 592, 598, 600, 601, 604, 605, 608, 609, 612, 613, 616, 617, 620, 623, 625, 626, 628, 637, 638, 640, 643, 644, 646, 647, 650, 651, 652, 653, 654, 655, 657, 658, 660, 661, 663, 669, 670, 673, 676, 690, 694, 697, 698, 699, 701, 702, 706, 712, 713, 715, 731, 732, 735, 736, 743, 745, 747, 750, 751, 756, 757, 764, 767, 771, 774, 777, 779, 782, 785, 788, 789, 791, 792, 794, 810, 813, 815], "summary": {"covered_lines": 270, "num_statements": 270, "percent_covered": 100.0, "percent_covered_display": "100.00", "missing_lines": 0, "excluded_lines": 0, "num_branches": 76, "num_partial_branches": 0, "covered_branches": 76, "missing_branches": 0}, "missing_lines": [], "excluded_lines": [], "executed_branches": [[63, 64], [63, 65], [116, 117], [116, 119], [122, 122], [122, 127], [122, 130], [131, 132], [131, 135], [156, 157], [156, 158], [158, 159], [158, 160], [177, 178], [177, 180], [183, 186], [183, 188], [192, 193], [192, 199], [221, 222], [221, 227], [225, 221], [225, 226], [249, 250], [249, 253], [256, 257], [256, 263], [272, 273], [272, 276], [287, 288], [287, 290], [292, 293], [292, 299], [401, 402], [401, 410], [431, 432], [431, 439], [465, 466], [465, 480], [466, -441], [466, 466], [466, 473], [508, 509], [508, 517], [512, -441], [512, 512], [512, 515], [526, 527], [526, 530], [600, 601], [600, 604], [608, 609], [608, 612], [612, 613], [612, 616], [616, 617], [616, 620], [637, 638], [637, 640], [646, 647], [646, 650], [650, 651], [650, 653], [653, 654], [653, 657], [669, 670], [669, 673], [690, -690], [690, -663], [690, 690], [713, 715], [713, 731], [735, 736], [735, 743], [756, 757], [756, 764], [771, -767], [771, 771], [771, 774], [789, 791], [789, 794]], "missing_branches": []}, "app/services/ai_service_base.py": {"executed_lines": [1, 15, 16, 17, 18, 19, 22, 23, 24, 25, 26, 27, 28, 31, 32, 33, 34, 35, 36, 37, 38, 39, 40, 41, 42, 44, 45, 46, 49, 50, 51, 52, 53, 54, 55, 56, 57, 58, 59, 60, 62, 63, 64, 67, 68, 75, 76, 77, 78, 79, 80, 81, 82, 83, 85, 86, 106, 126, 128, 143, 150, 160, 175, 176, 177, 179, 189, 190, 192, 194, 210, 222, 228, 231, 232, 235, 240, 242, 259, 260, 263, 264, 267, 268, 271, 272, 273, 276, 277, 278, 280, 281, 282, 284, 291, 306, 322, 323, 325, 326, 327, 328, 329, 330, 332, 342, 343, 345, 348, 355, 357, 373], "summary": {"covered_lines": 106, "num_statements": 106, "percent_covered": 100.0, "percent_covered_display": "100.00", "missing_lines": 0, "excluded_lines": 0, "num_branches": 26, "num_partial_branches": 0, "covered_branches": 26, "missing_branches": 0}, "missing_lines": [], "excluded_lines": [], "executed_branches": [[31, 32], [31, 33], [45, -44], [45, 46], [49, 50], [49, 51], [63, -62], [63, 64], [86, 85], [86, 86], [86, 106], [189, 190], [189, 192], [231, 232], [231, 235], [263, 264], [263, 267], [267, 268], [267, 271], [271, -271], [271, 271], [271, 272], [272, 273], [272, 276], [277, 278], [277, 280], [281, 282], [281, 284]], "missing_branches": []}, "app/services/ai_test_suite.py": {"executed_lines": [1, 8, 9, 10, 11, 12, 13, 14, 15, 16, 17, 20, 22, 23, 24, 28, 30, 33, 34, 36, 37, 38, 39, 42, 43, 44, 46, 47, 48, 49, 52, 53, 55, 56, 57, 59, 62, 63, 66, 81, 82, 83, 84, 85, 87, 88, 90, 91, 92, 93, 95, 102, 103, 105, 106, 107, 115, 116, 118, 119, 121, 122, 130, 131, 133, 141, 142, 145, 146, 147, 149, 160, 161, 165, 167, 169, 170, 171, 173, 174, 176, 177, 178, 180, 182, 184, 185, 187, 188, 189, 192, 193, 194, 195, 197, 199, 201, 202, 205, 206, 207, 208, 211, 212, 214, 216, 217, 219, 225, 226, 228, 229, 230, 232, 233, 235, 237, 239, 240, 241, 244, 245, 248, 249, 251, 253, 255, 257, 258, 259, 261, 262, 263, 265, 267, 268, 270, 277, 284, 285, 287, 289, 290, 292, 294, 295, 296, 298, 299, 301, 303, 305, 307, 308, 309, 310, 312, 313, 315, 320, 322, 323, 325, 332, 333, 334, 337, 338, 339, 341, 343, 344, 346, 349, 351, 352, 353, 356, 358, 360, 362, 363, 367, 368, 369, 370, 372, 374, 375, 376, 377, 378, 379, 380, 381, 382, 384, 385, 386, 387, 388, 391, 392, 393, 395, 396, 400, 404, 406, 410, 412, 413, 414, 416, 417, 418, 420, 422, 425], "summary": {"covered_lines": 215, "num_statements": 216, "percent_covered": 99.17355371900827, "percent_covered_display": "99.17", "missing_lines": 1, "excluded_lines": 0, "num_branches": 26, "num_partial_branches": 1, "covered_branches": 25, "missing_branches": 1}, "missing_lines": [426], "excluded_lines": [], "executed_branches": [[22, 23], [22, 24], [42, 43], [42, 44], [87, 88], [87, 145], [105, 106], [105, 118], [121, 122], [121, 133], [147, -147], [147, 147], [147, 149], [294, -287], [294, 295], [307, 308], [307, 312], [384, 385], [384, 391], [386, 387], [386, 391], [387, 386], [387, 388], [391, 392], [391, 395], [425, -1]], "missing_branches": [[425, 426]]}, "app/services/auth.py": {"executed_lines": [1, 12, 13, 14, 15, 16, 18, 19, 20, 21, 22, 24, 25, 27, 30, 31, 33, 34, 37, 38, 39, 40, 43, 44, 47, 48, 51, 52, 56, 59, 62, 63, 65, 66, 67, 68, 69, 70, 73, 74, 76, 77, 78, 79, 80, 81, 82, 85, 86, 88, 89, 90, 91, 94, 96, 97, 100, 101, 102, 104, 106, 108, 111, 112, 113, 115, 117, 118, 120, 121, 123, 124, 127, 128, 130, 132, 134, 137, 138, 141, 143, 147, 149, 151, 153, 156, 160, 162, 163, 165, 169, 173, 174, 177, 178, 179, 180, 185, 187, 196, 197, 202, 208, 209, 210, 211, 216, 218, 219, 222, 223, 224, 229, 230, 236, 238, 239, 245, 246, 251, 252, 257, 262, 265, 268, 269, 271, 273, 274, 278, 279, 283, 285, 286, 291, 293, 294, 295, 297, 298, 299, 300, 303, 307, 309, 320, 325, 327, 328, 330, 331, 333, 335, 337, 338, 341, 342, 345, 346, 348, 350, 352, 353, 354, 355, 356, 358, 360, 361, 362, 363, 364, 366, 368, 369, 370, 371, 372, 373, 376, 381, 382, 388, 391, 398, 399, 401, 409, 414, 415, 416, 421, 424, 431, 436, 443, 445, 447, 448, 453, 454, 455, 456, 457, 463, 465, 467, 469, 470, 473, 474, 477, 478, 481, 487, 488, 489, 491, 495, 499, 503, 504, 510, 513, 518, 521, 524, 527, 528, 529, 533, 535, 539, 541, 544, 546, 549, 551, 554, 556, 560, 562, 565, 567, 570, 572, 575, 577, 581, 582, 584, 585, 587, 589, 590, 593, 594, 598, 601, 603, 604, 607, 608, 612, 615, 619, 620, 622, 623], "summary": {"covered_lines": 263, "num_statements": 263, "percent_covered": 100.0, "percent_covered_display": "100.00", "missing_lines": 0, "excluded_lines": 0, "num_branches": 72, "num_partial_branches": 0, "covered_branches": 72, "missing_branches": 0}, "missing_lines": [], "excluded_lines": [], "executed_branches": [[96, 97], [96, 100], [117, 118], [117, 120], [120, 121], [120, 123], [123, 124], [123, 127], [127, -127], [127, 127], [127, 128], [128, -128], [128, 128], [128, 130], [137, -137], [137, 137], [137, 138], [143, -143], [143, -141], [143, 143], [162, 163], [162, 165], [223, 224], [223, 229], [245, 246], [245, 251], [252, 252], [252, 257], [252, 262], [273, 274], [273, 278], [293, 294], [293, 297], [325, 327], [325, 330], [327, -327], [327, 328], [337, 338], [337, 341], [342, 342], [342, 345], [342, 348], [353, 354], [353, 356], [361, 362], [361, 364], [369, 370], [369, 373], [370, 369], [370, 371], [381, 382], [381, 388], [415, 416], [415, 421], [447, 448], [447, 453], [454, 455], [454, 465], [456, 457], [456, 463], [473, 474], [473, 481], [474, 473], [474, 474], [474, 477], [487, 488], [487, 491], [503, 504], [503, 510], [528, 529], [528, 533], [593, 594], [593, 598], [601, -601], [601, 601], [601, 603], [603, 604], [603, 607], [622, -615], [622, 623]], "missing_branches": []}, "app/services/budget_manager.py": {"executed_lines": [1, 12, 13, 14, 15, 16, 17, 19, 20, 21, 24, 27, 28, 30, 31, 32, 33, 34, 37, 38, 40, 41, 42, 43, 46, 47, 48, 50, 51, 52, 53, 54, 55, 56, 57, 60, 61, 62, 64, 65, 66, 67, 68, 71, 72, 74, 75, 76, 77, 85, 107, 109, 110, 112, 113, 116, 124, 125, 128, 131, 132, 134, 135, 138, 139, 140, 142, 153, 154, 155, 166, 168, 170, 171, 172, 173, 174, 175, 176, 177, 179, 181, 206, 207, 217, 225, 226, 227, 231, 242, 243, 247, 248, 249, 253, 254, 263, 273, 274, 275, 276, 277, 278, 280, 282, 286, 287, 288, 289, 290, 291, 293, 295, 296, 297, 299, 301, 302, 303, 305, 314, 317, 319, 323, 331, 340, 342, 343, 345, 346, 348, 350, 352, 365, 368, 371, 374, 376, 377, 379, 381, 383, 412, 413, 415, 416, 417, 418, 419, 422, 435, 436, 438, 441, 443, 444, 445, 446, 448, 450, 460, 461, 462, 465, 478, 489, 500, 528, 529, 530, 540, 542, 544, 545, 547, 550, 551, 561, 565, 566, 567, 577, 578, 587, 589, 593, 594, 596, 597, 598, 599, 600, 601, 603, 605, 607, 608, 610, 611, 620, 621, 630, 631, 640, 642, 663, 664, 674, 675, 676, 680, 684, 686, 689, 691, 694, 703, 708, 712], "summary": {"covered_lines": 213, "num_statements": 213, "percent_covered": 100.0, "percent_covered_display": "100.00", "missing_lines": 0, "excluded_lines": 0, "num_branches": 68, "num_partial_branches": 0, "covered_branches": 68, "missing_branches": 0}, "missing_lines": [], "excluded_lines": [], "executed_branches": [[46, 47], [46, 48], [60, 61], [60, 62], [131, 132], [131, 134], [170, 171], [170, 172], [172, 173], [172, 174], [174, 175], [174, 176], [176, 177], [176, 179], [242, 243], [242, 247], [248, 249], [248, 253], [273, 274], [273, 275], [275, 276], [275, 277], [277, 278], [277, 280], [287, 288], [287, 289], [289, 290], [289, 291], [295, 296], [295, 297], [301, 302], [301, 303], [340, 342], [340, 343], [343, 345], [343, 346], [346, 348], [346, 350], [374, 376], [374, 377], [377, 379], [377, 381], [416, 417], [416, 422], [418, 419], [418, 422], [500, -500], [500, 500], [500, 540], [550, 551], [550, 561], [565, 566], [565, 577], [577, 578], [577, 587], [593, 594], [593, 596], [596, 597], [596, 598], [598, 599], [598, 600], [600, 601], [600, 603], [610, 611], [610, 620], [620, 621], [620, 630], [630, 631], [630, 640]], "missing_branches": []}, "app/services/claude_service.py": {"executed_lines": [1, 8, 9, 10, 12, 13, 15, 16, 17, 18, 20, 21, 23, 26, 27, 29, 30, 31, 32, 33, 34, 35, 36, 37, 39, 40, 42, 47, 48, 51, 52, 53, 54, 56, 59, 61, 70, 71, 72, 73, 74, 75, 76, 77, 79, 162, 165, 166, 168, 169, 170, 171, 174, 181, 200, 202, 204, 205, 209, 213, 214, 215, 216, 218, 220, 222, 224, 228, 235, 237, 239, 241, 242, 243, 247, 249, 250, 251, 252, 253, 254, 256, 257, 259, 261, 272, 288, 296, 297, 309, 320, 322, 324, 325, 326, 327, 331, 334, 336, 337, 338, 340, 350, 351, 352, 354, 356, 357, 359, 361, 366, 367, 368, 369, 371, 373, 375, 389], "summary": {"covered_lines": 116, "num_statements": 116, "percent_covered": 100.0, "percent_covered_display": "100.00", "missing_lines": 0, "excluded_lines": 0, "num_branches": 31, "num_partial_branches": 0, "covered_branches": 31, "missing_branches": 0}, "missing_lines": [], "excluded_lines": [], "executed_branches": [[42, 42], [42, 47], [42, 56], [71, 72], [71, 79], [73, 74], [73, 76], [74, 73], [74, 75], [76, 77], [76, 79], [168, 169], [168, 174], [169, -169], [169, 168], [169, 169], [169, 170], [204, -202], [204, 205], [213, 214], [213, 215], [215, 216], [215, 218], [250, 251], [250, 256], [251, 252], [251, 256], [252, 251], [252, 253], [256, 257], [256, 259], [356, 357], [356, 359]], "missing_branches": []}, "app/services/content_processor.py": {"executed_lines": [1, 15, 16, 17, 18, 19, 20, 21, 22, 23, 24, 25, 27, 28, 31, 32, 33, 36, 37, 39, 42, 44, 47, 48, 50, 51, 52, 53, 5
[...]
 [225, 226], [228, 229], [228, 231], [243, 244], [243, 249], [256, 257], [256, 260], [272, 273], [272, 278], [285, 286], [285, 289], [376, 377], [376, 384], [392, 393], [392, 400], [488, 489], [488, 492], [492, 493], [492, 496], [496, 497], [496, 500], [500, 501], [500, 503], [515, 516], [515, 518], [543, 544], [543, 546], [567, 568], [567, 570], [632, -630], [632, 633], [639, 640], [639, 641], [654, 655], [654, 657], [660, 661], [660, 662], [668, 669], [668, 671], [690, 691], [690, 695], [695, 696], [695, 700], [711, 712], [711, 714], [775, 776], [775, 780], [859, 860], [859, 889], [865, 866], [865, 872], [879, 880], [879, 889], [917, 918], [917, 922], [940, 941], [940, 944], [947, 948], [947, 951], [954, 956], [954, 962], [962, 964], [962, 976], [968, 970], [968, 976], [997, 998], [997, 999], [999, 1000], [999, 1001], [1001, 1002], [1001, 1003], [1003, 1004], [1003, 1006], [1013, 1014], [1013, 1024], [1031, 1032], [1031, 1039], [1039, 1040], [1039, 1041], [1048, 1049], [1048, 1051], [1049, -1049], [1049, 1048], [1049, 1049], [1049, 1050], [1111, 1112], [1111, 1115], [1112, 1111], [1112, 1113], [1141, 1142], [1141, 1147], [1147, 1148], [1147, 1151], [1154, 1155], [1154, 1157], [1166, 1167], [1166, 1170], [1170, 1171], [1170, 1174], [1179, 1180], [1179, 1185], [1179, 1188], [1202, 1203], [1202, 1206], [1209, 1210], [1209, 1214], [1218, 1219], [1218, 1223], [1232, 1233], [1232, 1236], [1239, 1240], [1239, 1244], [1247, 1248], [1247, 1254], [1249, 1250], [1249, 1254], [1280, 1281], [1280, 1284], [1292, 1293], [1292, 1295], [1298, 1299], [1298, 1306], [1299, 1298], [1299, 1300], [1310, 1311], [1310, 1312], [1312, 1313], [1312, 1314], [1314, 1315], [1314, 1316], [1316, 1317], [1316, 1318], [1349, -1349], [1349, 1349], [1349, 1350], [1349, 1352], [1354, 1355], [1354, 1358], [1358, 1359], [1358, 1364], [1359, 1358], [1359, 1360], [1387, 1388], [1387, 1389], [1389, 1390], [1389, 1391], [1395, 1396], [1395, 1397]], "missing_branches": []}, "app/services/sr_algorithm.py": {"executed_lines": [1, 9, 10, 11, 12, 13, 15, 16, 22, 25, 26, 39, 46, 47, 49, 76, 77, 78, 79, 90, 91, 92, 95, 96, 115, 117, 118, 119, 138, 169, 170, 171, 174, 176, 180, 181, 182, 184, 188, 189, 190, 192, 193, 194, 195, 197, 198, 199, 201, 205, 206, 208, 209, 212, 215, 217, 219, 260, 261, 278, 280, 281, 282, 285, 293, 294, 295, 296, 299, 330, 331, 332, 334, 335, 336, 338, 365, 366, 367, 370, 377, 378, 379, 380, 383, 384, 385, 386, 388, 389, 392, 395, 400, 401, 406, 407, 409, 410, 413, 418, 421, 422, 423, 425, 430, 433, 434, 435, 436, 437, 438, 441, 442, 445, 475, 477, 480, 482, 483, 484, 486, 506, 507, 508, 510, 524, 525, 526, 527, 532, 537, 539, 541, 542, 543, 545, 561, 562, 563, 566, 567, 576, 579, 582, 583, 584, 585, 586, 589, 591, 592, 593, 595, 596, 598, 599, 600, 603], "summary": {"covered_lines": 156, "num_statements": 156, "percent_covered": 100.0, "percent_covered_display": "100.00", "missing_lines": 0, "excluded_lines": 0, "num_branches": 50, "num_partial_branches": 0, "covered_branches": 50, "missing_branches": 0}, "missing_lines": [], "excluded_lines": [], "executed_branches": [[77, -49], [77, 78], [77, 117], [91, 92], [91, 95], [95, 96], [95, 115], [174, 176], [174, 182], [182, 184], [182, 190], [190, 192], [190, 199], [192, 193], [192, 194], [194, 195], [194, 197], [199, 201], [199, 212], [205, 206], [205, 208], [281, -219], [281, 282], [281, 334], [294, 295], [294, 299], [366, -338], [366, 367], [366, 482], [378, 379], [378, 383], [401, 401], [401, 406], [401, 409], [421, 422], [421, 430], [422, 423], [422, 425], [441, 442], [441, 445], [507, -486], [507, 508], [507, 541], [525, 526], [525, 539], [562, -545], [562, 563], [562, 598], [566, 567], [566, 576], [583, 584], [583, 591], [585, 583], [585, 586], [591, 592], [591, 595]], "missing_branches": []}, "app/services/sr_analytics.py": {"executed_lines": [1, 9, 10, 11, 13, 15, 18, 19, 28, 35, 36, 38, 40, 42, 62, 63, 64, 67, 81, 84, 97, 100, 109, 110, 121, 131, 134, 143, 145, 156, 158, 159, 160, 162, 166, 174, 175, 176, 178, 182, 190, 191, 192, 193, 194, 195, 196, 197, 199, 203, 211, 212, 213, 214, 215, 218, 219, 223, 239, 241, 242, 243, 245, 246, 249, 253, 254, 256, 258, 272, 273, 274, 277, 287, 290, 298, 301, 309, 311, 318, 319, 320, 324], "summary": {"covered_lines": 81, "num_statements": 81, "percent_covered": 100.0, "percent_covered_display": "100.00", "missing_lines": 0, "excluded_lines": 0, "num_branches": 20, "num_partial_branches": 0, "covered_branches": 20, "missing_branches": 0}, "missing_lines": [], "excluded_lines": [], "executed_branches": [[63, -42], [63, 64], [63, 158], [175, -162], [175, 176], [191, -178], [191, 192], [194, 195], [194, 196], [196, -178], [196, 197], [212, -199], [212, 213], [214, 215], [214, 218], [218, -199], [218, 219], [242, 243], [242, 253], [242, 256], [273, -258], [273, 274], [273, 318]], "missing_branches": []}, "app/services/sr_database.py": {"executed_lines": [1, 6, 7, 8, 9, 10, 13, 15, 17, 20, 21, 23, 24, 26, 28, 29, 30, 32, 33, 35, 36, 37, 39, 40, 42, 43, 44, 45, 46, 48, 49, 51, 52, 53, 54, 55, 56, 58, 59, 61, 62, 63, 64, 65, 67, 68, 70, 71, 72, 73, 74, 75, 77, 78, 80, 81, 82, 84, 85, 87, 88, 89, 91, 95, 96, 97, 98, 100, 101, 102, 104, 105, 106, 107, 108, 110, 112, 113, 114, 115, 116, 117, 118, 119, 120, 122, 124, 125, 126, 127, 128, 129, 130, 131, 132, 136, 139, 142, 143, 144], "summary": {"covered_lines": 98, "num_statements": 98, "percent_covered": 100.0, "percent_covered_display": "100.00", "missing_lines": 0, "excluded_lines": 0, "num_branches": 42, "num_partial_branches": 0, "covered_branches": 42, "missing_branches": 0}, "missing_lines": [], "excluded_lines": [], "executed_branches": [[33, 32], [33, 39], [35, 36], [35, 37], [40, 39], [40, 48], [42, 43], [42, 44], [44, 45], [44, 46], [49, 48], [49, 58], [51, 52], [51, 53], [59, 58], [59, 67], [61, 62], [61, 63], [63, 64], [63, 65], [68, 67], [68, 77], [70, 71], [70, 72], [78, 77], [78, 84], [80, 81], [80, 82], [85, 84], [85, 91], [87, 88], [87, 89], [96, -91], [96, 97], [96, 106], [100, 101], [100, 104], [113, -110], [113, 114], [113, 118], [125, -122], [125, 126], [125, 130], [142, 143], [142, 144]], "missing_branches": []}, "app/services/sr_gamification.py": {"executed_lines": [1, 9, 10, 11, 12, 13, 15, 16, 19, 22, 23, 28, 36, 37, 39, 41, 47, 48, 50, 51, 52, 54, 56, 70, 73, 74, 75, 83, 84, 94, 95, 105, 106, 115, 150, 151, 152, 154, 157, 166, 167, 168, 170, 198, 199, 201, 202], "summary": {"covered_lines": 45, "num_statements": 45, "percent_covered": 100.0, "percent_covered_display": "100.00", "missing_lines": 0, "excluded_lines": 0, "num_branches": 16, "num_partial_branches": 0, "covered_branches": 16, "missing_branches": 0}, "missing_lines": [], "excluded_lines": [], "executed_branches": [[48, 47], [48, 56], [73, 74], [73, 94], [74, 75], [74, 83], [83, 84], [83, 94], [94, 95], [94, 105], [105, -56], [105, 106], [151, -115], [151, 152], [151, 201], [166, 167], [166, 170]], "missing_branches": []}, "app/services/sr_models.py": {"executed_lines": [1, 6, 7, 8, 9, 12, 13, 15, 16, 17, 18, 21, 22, 24, 25, 26, 27, 28, 31, 32, 34, 35, 36, 37, 40, 41, 43, 44, 45, 46, 47, 48, 51, 52, 53, 58, 59, 60, 61, 62, 63, 64, 65, 66, 67, 68, 69, 70, 71, 72, 73, 74, 75, 76, 77, 78, 79, 80, 81, 82, 83, 84, 85, 86, 87, 88, 90, 91, 92, 93, 94, 95, 96, 99, 100, 101, 103, 104, 105, 106, 107, 108, 109, 110, 111, 112, 113, 114, 115, 116, 117, 118, 119, 120, 121, 122, 123, 124, 125, 126, 128, 129, 130, 131, 132, 135, 136, 137, 139, 140, 141, 142, 143, 144, 145, 146, 147, 148, 149, 150, 151, 152, 153, 154, 155, 156, 157, 158, 159, 160, 161, 163, 164, 165, 166, 167], "summary": {"covered_lines": 128, "num_statements": 128, "percent_covered": 100.0, "percent_covered_display": "100.00", "missing_lines": 0, "excluded_lines": 0, "num_branches": 20, "num_partial_branches": 0, "covered_branches": 20, "missing_branches": 0}, "missing_lines": [], "excluded_lines": [], "executed_branches": [[51, 52], [51, 53], [91, 92], [91, 93], [93, 94], [93, 95], [95, -90], [95, 96], [99, 100], [99, 101], [129, 130], [129, 131], [131, -128], [131, 132], [135, 136], [135, 137], [164, 165], [164, 166], [166, -163], [166, 167]], "missing_branches": []}, "app/services/sr_sessions.py": {"executed_lines": [1, 6, 7, 8, 9, 10, 12, 13, 15, 18, 19, 29, 36, 38, 68, 69, 83, 84, 85, 87, 108, 109, 110, 112, 113, 114, 116, 152, 153, 154, 157, 164, 165, 166, 167, 169, 171, 172, 173, 174, 177, 178, 183, 208, 211, 219, 220, 221, 223, 226, 228, 229, 230, 232, 247, 248, 250, 251, 252, 254, 255, 256, 259, 267, 269, 271, 276, 278, 280, 281, 283, 284, 286, 289, 292, 293, 295, 315, 324, 326, 329, 331, 332, 334, 358, 368, 369, 371, 380, 403, 404, 405, 407, 410, 419, 420, 421, 424, 426, 451, 452, 454, 455, 458], "summary": {"covered_lines": 102, "num_statements": 102, "percent_covered": 100.0, "percent_covered_display": "100.00", "missing_lines": 0, "excluded_lines": 0, "num_branches": 28, "num_partial_branches": 0, "covered_branches": 28, "missing_branches": 0}, "missing_lines": [], "excluded_lines": [], "executed_branches": [[84, -38], [84, 85], [84, 112], [153, -116], [153, 154], [153, 228], [165, 166], [165, 169], [171, 172], [171, 173], [220, 221], [220, 223], [247, 248], [247, 250], [255, -232], [255, 256], [255, 331], [269, 271], [269, 315], [278, 280], [278, 281], [281, 283], [281, 284], [284, 286], [284, 289], [368, -334], [368, 369], [404, -380], [404, 405], [404, 454], [419, 420], [419, 424]], "missing_branches": []}, "app/services/sync.py": {"executed_lines": [1, 18, 19, 20, 21, 22, 23, 25, 27, 28, 29, 30, 37, 40, 41, 43, 44, 45, 48, 49, 51, 52, 53, 54, 55, 58, 59, 61, 62, 63, 64, 67, 68, 69, 71, 72, 73, 74, 75, 76, 77, 80, 81, 82, 84, 85, 86, 87, 88, 89, 90, 91, 94, 95, 97, 98, 99, 100, 101, 102, 103, 104, 107, 120, 121, 123, 124, 125, 137, 145, 146, 147, 148, 149, 150, 151, 152, 154, 158, 159, 160, 161, 164, 167, 169, 172, 174, 175, 176, 187, 189, 193, 195, 196, 198, 199, 200, 201, 202, 208, 209, 210, 212, 213, 215, 217, 219, 220, 222, 223, 224, 227, 229, 232, 234, 236, 239, 240, 241, 242, 243, 245, 251, 252, 254, 256, 257, 258, 259, 261, 263, 267, 269, 270, 272, 273, 275, 276, 278, 279, 280, 281, 283, 285, 287, 289, 293, 294, 295, 299, 300, 301, 303, 305, 307, 319, 321, 328, 332, 333, 346, 347, 348, 350, 352, 354, 357, 361, 362, 363, 364, 365, 366, 368, 371, 373, 375, 377, 378, 379, 380, 381, 382, 383, 385, 389, 390, 393, 395, 399, 405, 406, 414, 415, 417, 419, 423, 424, 425, 432, 433, 434, 436, 440, 452, 454, 458, 460, 461, 463, 464, 465, 468, 471, 472, 474, 476, 477, 478, 479, 481, 483, 487, 489, 491, 495, 497, 498, 500, 501, 502, 505, 506, 512, 513, 515, 516, 527, 528, 529, 530, 533, 535, 537, 538, 539, 540, 542, 545, 558, 559, 561, 562, 563, 564, 565, 566, 569, 572, 575, 582, 584, 588, 589, 590, 591, 594, 596, 597, 598, 601, 603, 605, 614, 616, 617, 618, 619, 620, 622, 626, 640, 644, 648, 651, 653, 656, 658], "summary": {"covered_lines": 281, "num_statements": 281, "percent_covered": 100.0, "percent_covered_display": "100.00", "missing_lines": 0, "excluded_lines": 0, "num_branches": 66, "num_partial_branches": 0, "covered_branches": 66, "missing_branches": 0}, "missing_lines": [], "excluded_lines": [], "executed_branches": [[67, 68], [67, 69], [80, 81], [80, 82], [145, 146], [145, 164], [196, 198], [196, 217], [201, 202], [201, 215], [209, 210], [209, 212], [217, 219], [217, 261], [220, 222], [220, 261], [227, 229], [227, 254], [234, 236], [234, 243], [243, 245], [243, 254], [272, 273], [272, 275], [275, 276], [275, 283], [299, 300], [299, 303], [332, -328], [332, 333], [347, 348], [347, 350], [364, 365], [364, 368], [378, 379], [378, 383], [380, 381], [380, 382], [389, -385], [389, 390], [405, 406], [405, 417], [423, -419], [423, 424], [424, 423], [424, 425], [461, 463], [461, 481], [468, 471], [468, 474], [498, 500], [498, 542], [505, 506], [505, 535], [512, 513], [512, 535], [513, 512], [513, 515], [561, 562], [561, 563], [563, 564], [563, 565], [565, 566], [565, 575], [590, 591], [590, 594]], "missing_branches": []}, "app/services/tutor_mode_manager.py": {"executed_lines": [1, 21, 22, 23, 24, 25, 26, 27, 29, 31, 34, 35, 37, 38, 39, 40, 41, 42, 45, 46, 48, 49, 50, 53, 54, 56, 57, 58, 59, 62, 63, 64, 66, 67, 68, 69, 70, 71, 72, 73, 74, 75, 76, 77, 78, 81, 82, 83, 85, 86, 87, 88, 89, 90, 91, 92, 93, 94, 95, 96, 97, 99, 100, 101, 102, 103, 104, 105, 106, 107, 108, 109, 110, 111, 114, 115, 122, 124, 125, 126, 127, 129, 132, 558, 560, 562, 573, 583, 586, 587, 588, 591, 600, 602, 603, 605, 608, 609, 610, 612, 615, 621, 623, 626, 627, 628, 630, 631, 634, 635, 640, 642, 650, 651, 652, 654, 657, 660, 661, 664, 665, 668, 671, 672, 679, 680, 682, 695, 696, 697, 699, 702, 703, 704, 707, 709, 721, 723, 724, 726, 729, 730, 731, 733, 744, 747, 755, 756, 757, 758, 759, 762, 763, 764, 768, 772], "summary": {"covered_lines": 149, "num_statements": 149, "percent_covered": 100.0, "percent_covered_display": "100.00", "missing_lines": 0, "excluded_lines": 0, "num_branches": 38, "num_partial_branches": 0, "covered_branches": 38, "missing_branches": 0}, "missing_lines": [], "excluded_lines": [], "executed_branches": [[62, 63], [62, 64], [81, 82], [81, 83], [100, 101], [100, 102], [102, 103], [102, 104], [104, 105], [104, 106], [106, 107], [106, 108], [108, 109], [108, 110], [110, -99], [110, 111], [587, 588], [587, 591], [609, 610], [609, 612], [627, 628], [627, 630], [634, 635], [634, 640], [651, 652], [651, 654], [664, 665], [664, 668], [703, 704], [703, 707], [730, 731], [730, 733], [755, 756], [755, 762], [757, 758], [757, 759], [762, 763], [762, 768]], "missing_branches": []}, "app/services/user_management.py": {"executed_lines": [1, 12, 13, 14, 16, 17, 19, 20, 21, 29, 39, 41, 44, 45, 47, 48, 50, 52, 55, 68, 69, 71, 74, 75, 78, 79, 82, 83, 86, 102, 103, 104, 106, 107, 108, 110, 111, 114, 121, 124, 141, 143, 144, 146, 147, 148, 149, 150, 151, 152, 153, 155, 157, 170, 171, 172, 173, 174, 176, 177, 179, 180, 181, 183, 185, 195, 196, 197, 198, 199, 202, 203, 208, 220, 226, 229, 230, 235, 236, 245, 247, 248, 249, 251, 253, 266, 267, 268, 269, 270, 273, 274, 275, 276, 278, 279, 282, 289, 290, 291, 293, 294, 295, 296, 298, 300, 311, 312, 313, 314, 315, 317, 319, 320, 321, 322, 325, 326, 329, 331, 333, 335, 336, 337, 338, 340, 342, 361, 362, 363, 366, 367, 368, 369, 372, 374, 376, 377, 378, 380, 383, 402, 403, 404, 405, 406, 409, 420, 422, 434, 444, 445, 456, 457, 458, 460, 461, 462, 463, 465, 467, 477, 478, 479, 480, 481, 483, 489, 501, 502, 503, 505, 507, 518, 519, 520, 521, 522, 524, 533, 534, 535, 537, 538, 539, 540, 542, 545, 558, 559, 560, 561, 562, 565, 577, 578, 582, 593, 594, 596, 598, 599, 600, 601, 603, 605, 624, 625, 626, 627, 628, 630, 642, 643, 646, 647, 648, 649, 651, 652, 654, 656, 658, 659, 660, 661, 663, 665, 678, 679, 680, 681, 682, 684, 688, 689, 691, 693, 698, 699, 700, 702, 705, 718, 719, 720, 721, 722, 725, 726, 728, 729, 731, 734, 741, 742, 744, 745, 746, 747, 749, 751, 761, 762, 763, 764, 765, 767, 769, 770, 771, 773, 776, 786, 787, 791, 792, 793, 798, 811, 813, 814, 815, 817, 820, 830, 831, 832, 833, 834, 837, 838, 839, 842, 848, 849, 852, 854, 863, 875, 876, 877, 879, 883, 887, 889, 892, 894, 897, 899, 902, 904], "summary": {"covered_lines": 310, "num_statements": 310, "percent_covered": 100.0, "percent_covered_display": "100.00", "missing_lines": 0, "excluded_lines": 0, "num_branches": 72, "num_partial_branches": 0, "covered_branches": 72, "missing_branches": 0}, "missing_lines": [], "excluded_lines": [], "executed_branches": [[74, 75], [74, 78], [78, 79], [78, 86], [82, 83], [82, 86], [102, 103], [102, 104], [104, 106], [104, 110], [146, 147], [146, 150], [173, 174], [173, 176], [198, 199], [198, 202], [203, 203], [203, 208], [203, 220], [203, 247], [230, -230], [230, 230], [230, 235], [269, 270], [269, 273], [274, 275], [274, 278], [275, 274], [275, 276], [314, 315], [314, 317], [317, 319], [317, 325], [366, 367], [366, 368], [368, 369], [368, 372], [405, 406], [405, 409], [420, 422], [420, 434], [444, 445], [444, 456], [480, 481], [480, 483], [521, 522], [521, 524], [561, 562], [561, 565], [577, 578], [577, 582], [627, 628], [627, 630], [642, 643], [642, 646], [647, 648], [647, 651], [647, 658], [648, 647], [648, 649], [681, 682], [681, 684], [688, 689], [688, 691], [721, 722], [721, 725], [764, 765], [764, 767], [792, 793], [792, 798], [833, 834], [833, 837], [848, -848], [848, 848], [848, 849], [849, -849], [849, 849], [849, 852]], "missing_branches": []}, "app/services/visual_learning_service.py": {"executed_lines": [1, 15, 16, 17, 18, 19, 20, 21, 23, 26, 27, 29, 30, 31, 32, 33, 34, 35, 36, 39, 40, 42, 43, 44, 45, 46, 47, 48, 49, 52, 53, 55, 56, 57, 58, 59, 60, 63, 64, 65, 67, 68, 69, 70, 71, 72, 73, 74, 75, 78, 79, 80, 82, 83, 84, 85, 86, 87, 88, 89, 90, 91, 92, 95, 96, 97, 99, 100, 101, 102, 103, 104, 105, 106, 107, 110, 111, 114, 115, 116, 118, 119, 120, 121, 122, 123, 124, 125, 126, 127, 128, 129, 130, 131, 134, 135, 136, 138, 139, 140, 141, 142, 143, 144, 145, 146, 147, 148, 149, 150, 153, 154, 164, 166, 167, 170, 171, 172, 173, 175, 181, 183, 187, 210, 212, 225, 226, 227, 229, 240, 241, 242, 244, 245, 255, 256, 257, 258, 260, 264, 265, 266, 269, 270, 271, 274, 275, 276, 277, 278, 280, 281, 282, 284, 286, 288, 289, 290, 292, 293, 294, 297, 311, 312, 313, 314, 316, 322, 324, 325, 326, 327, 330, 331, 332, 333, 335, 346, 347, 349, 353, 365, 367, 379, 380, 381, 383, 387, 389, 390, 391, 392, 394, 408, 412, 413, 414, 416, 420, 432, 434, 446, 447, 448, 450, 456, 458, 459, 460, 461, 463, 482, 486, 487, 488, 490, 494, 506, 508, 520, 521, 522, 524, 528, 530, 531, 532, 533, 535, 551, 555, 556, 557, 559, 563, 565, 566, 569, 583, 584, 586, 588, 589, 591, 605, 606, 608, 610, 611, 613, 630, 631, 633, 635, 636, 638, 654, 655, 659, 662, 665, 666, 667], "summary": {"covered_lines": 253, "num_statements": 253, "percent_covered": 100.0, "percent_covered_display": "100.00", "missing_lines": 0, "excluded_lines": 0, "num_branches": 66, "num_partial_branches": 0, "covered_branches": 66, "missing_branches": 0}, "missing_lines": [], "excluded_lines": [], "executed_branches": [[63, 64], [63, 65], [78, 79], [78, 80], [95, 96], [95, 97], [107, -107], [107, 107], [107, 110], [114, 115], [114, 116], [134, 135], [134, 136], [175, 175], [175, 181], [175, 183], [241, 242], [241, 244], [265, 266], [265, 269], [270, 271], [270, 284], [274, 275], [274, 280], [275, 274], [275, 276], [276, 277], [276, 278], [289, 290], [289, 292], [293, 294], [293, 297], [293, 312], [324, 325], [324, 349], [326, 327], [326, 330], [326, 346], [330, 331], [330, 332], [332, 333], [332, 335], [389, 390], [389, 416], [391, 392], [391, 394], [391, 413], [408, 389], [408, 408], [408, 412], [458, 459], [458, 490], [460, 461], [460, 463], [460, 487], [482, 458], [482, 482], [482, 486], [530, 531], [530, 559], [532, 533], [532, 535], [532, 556], [551, 530], [551, 551], [551, 555], [583, -563], [583, 584], [605, -586], [605, 606], [630, -608], [630, 631], [654, -633], [654, 655], [665, 666], [665, 667]], "missing_branches": []}, "app/utils/sqlite_adapters.py": {"executed_lines": [1, 12, 13, 14, 17, 28, 30, 31, 34, 44, 47, 91, 111, 121, 122, 125, 126, 127, 131], "summary": {"covered_lines": 18, "num_statements": 43, "percent_covered": 34.54545454545455, "percent_covered_display": "34.55", "missing_lines": 25, "excluded_lines": 0, "num_branches": 12, "num_partial_branches": 1, "covered_branches": 1, "missing_branches": 11}, "missing_lines": [57, 59, 63, 65, 66, 67, 68, 71, 74, 75, 76, 77, 80, 82, 83, 85, 87, 88, 101, 102, 103, 104, 105, 107, 108], "excluded_lines": [], "executed_branches": [[28, 30]], "missing_branches": [[28, 31], [63, 65], [63, 74], [65, 66], [65, 67], [67, 68], [67, 71], [74, 75], [74, 76], [76, 77], [76, 80]]}}, "totals": {"covered_lines": 11201, "num_statements": 13111, "percent_covered": 85.3309265944645, "percent_covered_display": "85.33", "missing_lines": 1910, "excluded_lines": 0, "num_branches": 3509, "num_partial_branches": 9, "covered_branches": 2981, "missing_branches": 528}}