{"meta": {"version": "7.3.2", "timestamp": "2025-12-18T09:05:46.736535", "branch_coverage": true, "show_contexts": false}, "files": {"app/__init__.py": {"executed_lines": [1, 18, 19, 20], "summary": {"covered_lines": 3, "num_statements": 3, "percent_covered": 100.0, "percent_covered_display": "100.00", "missing_lines": 0, "excluded_lines": 0, "num_branches": 0, "num_partial_branches": 0, "covered_branches": 0, "missing_branches": 0}, "missing_lines": [], "excluded_lines": [], "executed_branches": [], "missing_branches": []}, "app/api/__init__.py": {"executed_lines": [], "summary": {"covered_lines": 0, "num_statements": 0, "percent_covered": 100.0, "percent_covered_display": "100.00", "missing_lines": 0, "excluded_lines": 0, "num_branches": 0, "num_partial_branches": 0, "covered_branches": 0, "missing_branches": 0}, "missing_lines": [], "excluded_lines": [], "executed_branches": [], "missing_branches": []}, "app/api/admin.py": {"executed_lines": [1, 12, 13, 14, 15, 16, 18, 22, 23, 24, 25, 27, 30, 34, 35, 36, 37, 38, 39, 40, 43, 44, 45, 46, 47, 48, 49, 52, 53, 54, 55, 56, 57, 58, 59, 60, 61, 62, 63, 66, 67, 68, 69, 73, 74, 80, 81, 82, 84, 85, 86, 102, 104, 105, 106, 112, 113, 120, 121, 123, 132, 133, 139, 146, 160, 163, 167, 173, 174, 175, 176, 177, 183, 184, 191, 192, 193, 195, 196, 200, 214, 215, 216, 217, 218, 224, 225, 233, 234, 235, 236, 237, 238, 239, 240, 241, 242, 243, 244, 245, 251, 253, 254, 255, 258, 261, 265, 270, 276, 280, 281, 282, 284, 285, 286, 288, 289, 291, 292, 294, 295, 297, 298, 299, 302, 304, 309, 310, 316, 318, 321, 322, 328, 330, 335, 338, 342, 343, 349, 350, 357, 358, 359, 361, 362, 367, 368, 373, 374, 377, 378, 380, 382, 383, 384, 385, 386, 392, 393, 400, 401, 402, 404, 405, 410, 411, 417, 418, 423, 426, 428, 430, 431, 432, 433, 434, 441, 442, 448, 451, 453, 455, 456, 467, 471, 472, 473, 479, 480, 486, 487, 489, 492, 493, 499, 500, 501, 508, 512, 518, 519, 520, 521, 522, 528, 529, 535, 536, 538, 540, 541, 546, 547, 548, 550, 554, 558, 559, 560, 561, 562, 569, 570, 576, 577, 578, 579, 580, 583, 586, 591, 593, 594, 598, 613, 614, 615, 622, 624], "summary": {"covered_lines": 238, "num_statements": 238, "percent_covered": 100.0, "percent_covered_display": "100.00", "missing_lines": 0, "excluded_lines": 0, "num_branches": 92, "num_partial_branches": 0, "covered_branches": 92, "missing_branches": 0}, "missing_lines": [], "excluded_lines": [], "executed_branches": [[74, 73], [74, 74], [74, 112], [81, -73], [81, 82], [81, 104], [85, 86], [85, 102], [113, 112], [113, 113], [113, 183], [121, -112], [121, 123], [121, 173], [132, 133], [132, 139], [173, 174], [173, 175], [184, 183], [184, 184], [184, 224], [192, -183], [192, 193], [192, 214], [195, 196], [195, 200], [214, 215], [214, 216], [225, 224], [225, 225], [225, 251], [234, -224], [234, 235], [234, 241], [241, 242], [241, 243], [254, 255], [254, 258], [265, -261], [265, 265], [265, 270], [280, 281], [280, 284], [284, 285], [284, 288], [288, 289], [288, 291], [291, 292], [291, 294], [294, 295], [294, 297], [297, -276], [297, 298], [309, -302], [309, 310], [321, -316], [321, 322], [342, -338], [342, 343], [350, 349], [350, 350], [350, 392], [358, -349], [358, 359], [358, 382], [361, 362], [361, 367], [367, 368], [367, 373], [382, 383], [382, 384], [393, 392], [393, 393], [393, 441], [401, -392], [401, 402], [401, 430], [404, 405], [404, 410], [410, 411], [410, 417], [417, 418], [417, 423], [430, 431], [430, 432], [442, 441], [442, 442], [442, 479], [455, 456], [455, 467], [480, 479], [480, 480], [480, 528], [492, 493], [492, 499], [518, 519], [518, 520], [529, 528], [529, 529], [529, 569], [540, 541], [540, 546], [558, 559], [558, 560], [570, 569], [570, 570], [570, 622], [577, -569], [577, 578], [577, 613]], "missing_branches": []}, "app/api/ai_models.py": {"executed_lines": [1, 18, 19, 20, 22, 23, 24, 26, 27, 28, 30, 33, 37, 38, 40, 41, 42, 43, 44, 45, 46, 47, 48, 49, 50, 53, 54, 56, 57, 58, 59, 60, 63, 64, 66, 67, 68, 69, 70, 76, 77, 87, 88, 89, 91, 92, 93, 98, 99, 101, 102, 103, 106, 108, 109, 110, 113, 115, 116, 118, 119, 128, 135, 136, 137, 138, 141, 162, 163, 166, 167, 169, 170, 171, 176, 177, 190, 191, 193, 194, 197, 201, 208, 210, 211, 212, 213, 214, 219, 220, 235, 237, 238, 239, 242, 245, 246, 247, 248, 249, 252, 254, 255, 258, 259, 263, 264, 265, 266, 267, 270, 271, 284, 285, 286, 287, 289, 291, 292, 294, 296, 297, 299, 301, 308, 309, 310, 311, 312, 315, 316, 331, 332, 334, 335, 337, 339, 346, 347, 348, 349, 350, 355, 356, 371, 372, 374, 375, 379, 381, 382, 383, 384, 385, 390, 391, 404, 405, 412, 413, 414, 415, 416, 418, 426, 427, 428, 433, 434, 441, 442, 443, 445, 446, 447, 452, 453, 460, 462, 463, 465, 466, 467, 468, 469, 470, 477, 479, 488, 489, 490, 495, 496, 506, 507, 508, 509, 510, 511, 512, 515, 516, 517, 522, 526, 527, 528, 529, 530, 533, 537, 538, 539, 540, 541, 544, 546, 549, 550, 554, 563, 565, 566, 567, 568, 569, 576, 577, 578, 581, 582, 587, 592, 593, 595, 598, 606, 620, 621, 638, 639, 643, 647, 649, 650, 651, 653, 656, 658, 666, 667, 668, 669, 670, 675, 676, 691, 692, 694, 696, 697, 699, 705, 706, 707, 710, 713, 716, 717, 718, 720, 722, 732, 734, 735, 736, 741, 742, 749, 750, 759, 761, 762, 763, 768, 769, 776, 777, 778, 780, 781, 782, 783, 785, 798, 800, 801, 802], "summary": {"covered_lines": 294, "num_statements": 294, "percent_covered": 100.0, "percent_covered_display": "100.00", "missing_lines": 0, "excluded_lines": 0, "num_branches": 110, "num_partial_branches": 0, "covered_branches": 110, "missing_branches": 0}, "missing_lines": [], "excluded_lines": [], "executed_branches": [[77, 76], [77, 98], [99, 98], [99, 106], [101, 102], [101, 103], [108, 109], [108, 110], [115, 116], [115, 118], [177, 176], [177, 177], [177, 219], [193, 194], [193, 197], [210, 211], [210, 212], [220, 219], [220, 220], [220, 270], [238, 239], [238, 242], [245, 246], [245, 252], [254, 255], [254, 258], [263, 264], [263, 265], [271, 270], [271, 271], [271, 315], [286, 287], [286, 289], [291, 292], [291, 294], [296, 297], [296, 299], [308, 309], [308, 310], [316, 315], [316, 316], [316, 355], [334, 335], [334, 337], [346, 347], [346, 348], [356, 355], [356, 356], [356, 390], [374, 375], [374, 379], [381, 382], [381, 383], [391, 390], [391, 391], [391, 433], [413, 414], [413, 418], [415, 413], [415, 416], [434, 433], [434, 452], [453, 452], [453, 495], [465, 466], [465, 477], [496, 495], [496, 496], [496, 522], [526, 527], [526, 528], [528, 529], [528, 530], [537, 538], [537, 539], [539, 540], [539, 541], [546, -546], [546, 546], [546, 549], [549, -549], [549, 549], [549, 550], [550, -550], [550, 550], [550, 554], [566, 567], [566, 587], [568, 569], [568, 576], [592, 593], [592, 595], [621, 620], [621, 621], [621, 675], [638, 639], [638, 643], [647, 649], [647, 656], [650, 651], [650, 653], [666, 667], [666, 668], [676, 675], [676, 676], [676, 741], [694, 696], [694, 699], [696, 697], [696, 699], [705, 706], [705, 707], [707, 710], [707, 732], [716, 717], [716, 720], [742, 741], [742, 768], [769, -1], [769, 768], [780, 781], [780, 798]], "missing_branches": []}, "app/api/auth.py": {"executed_lines": [1, 5, 6, 8, 9, 10, 12, 19, 20, 22, 25, 26, 27, 30, 31, 32, 33, 34, 35, 36, 37, 40, 41, 42, 43, 44, 45, 46, 47, 48, 49, 50, 53, 54, 55, 56, 59, 60, 62, 63, 64, 69, 70, 73, 77, 95, 96, 101, 104, 105, 110, 111, 112, 114, 115, 116, 117, 119, 131, 132, 133, 136, 140, 158, 159, 161, 175, 176, 186, 187, 188, 189, 190, 191, 192, 193, 194, 195, 197, 198, 199, 201, 204, 205, 211, 212, 216, 217, 234, 235, 237, 240, 241, 245, 246, 248], "summary": {"covered_lines": 95, "num_statements": 95, "percent_covered": 100.0, "percent_covered_display": "100.00", "missing_lines": 0, "excluded_lines": 0, "num_branches": 34, "num_partial_branches": 0, "covered_branches": 34, "missing_branches": 0}, "missing_lines": [], "excluded_lines": [], "executed_branches": [[60, 59], [60, 95], [63, 64], [63, 69], [96, 95], [96, 96], [96, 158], [104, 105], [104, 110], [111, 112], [111, 114], [159, 158], [159, 175], [176, 175], [176, 176], [176, 204], [186, 187], [186, 188], [188, 189], [188, 190], [190, 191], [190, 192], [192, 193], [192, 194], [194, 195], [194, 197], [205, 204], [205, 205], [205, 234], [211, 212], [211, 216], [235, 234], [235, 240], [241, -1], [241, 240], [241, 241], [245, 246], [245, 248]], "missing_branches": []}, "app/api/budget.py": {"executed_lines": [1, 11, 12, 13, 15, 16, 17, 18, 20, 21, 22, 28, 29, 30, 32, 34, 38, 39, 41, 42, 43, 44, 45, 46, 47, 48, 49, 50, 51, 52, 53, 54, 55, 58, 59, 61, 62, 63, 64, 65, 66, 67, 68, 69, 70, 71, 72, 73, 74, 75, 76, 79, 80, 82, 83, 84, 87, 88, 89, 90, 91, 92, 93, 96, 97, 99, 100, 101, 102, 103, 104, 107, 108, 110, 113, 114, 116, 117, 118, 119, 120, 121, 122, 123, 129, 131, 137, 139, 156, 157, 158, 160, 163, 165, 167, 168, 169, 190, 195, 196, 199, 200, 201, 202, 203, 204, 212, 213, 229, 232, 233, 241, 252, 253, 254, 257, 258, 259, 260, 261, 262, 264, 267, 268, 269, 270, 273, 274, 276, 277, 287, 310, 311, 316, 319, 324, 327, 328, 339, 342, 343, 349, 350, 352, 355, 362, 365, 366, 368, 371, 374, 375, 377, 378, 380, 384, 389, 394, 395, 397, 400, 401, 411, 414, 415, 421, 432, 447, 450, 451, 454, 456, 458, 469, 470, 479, 482, 488, 498, 499, 500, 502, 504, 505, 510, 511, 516, 519, 520, 521, 522, 525, 540, 542, 556, 557, 563, 566, 572, 580, 586, 587, 603, 606, 607, 609, 610, 612, 613, 615, 616, 618, 619, 621, 623, 624, 626, 629, 630, 635, 636, 639, 640, 647, 650, 651, 655, 666, 681, 684, 685, 688, 690, 692], "summary": {"covered_lines": 227, "num_statements": 257, "percent_covered": 84.01084010840108, "percent_covered_display": "84.01", "missing_lines": 30, "excluded_lines": 0, "num_branches": 112, "num_partial_branches": 15, "covered_branches": 83, "missing_branches": 29}, "missing_lines": [171, 173, 174, 176, 177, 178, 180, 181, 184, 185, 187, 206, 278, 279, 280, 281, 282, 283, 285, 320, 353, 356, 358, 363, 369, 372, 381, 483, 567, 652], "excluded_lines": [], "executed_branches": [[137, 139], [137, 160], [167, 168], [168, 169], [195, 196], [195, 199], [199, 200], [199, 201], [201, 202], [201, 203], [203, 204], [213, 212], [213, 213], [213, 310], [232, 233], [232, 241], [257, 258], [257, 259], [259, 260], [259, 261], [261, 262], [261, 264], [269, 270], [269, 273], [276, 277], [311, 310], [311, 311], [311, 327], [319, 324], [328, 327], [328, 328], [328, 400], [342, 343], [342, 349], [349, 350], [349, 352], [352, 355], [355, 362], [362, 365], [365, 366], [365, 368], [368, 371], [371, 374], [374, 375], [374, 377], [377, 378], [377, 380], [380, 384], [384, 384], [384, 389], [384, 394], [401, 400], [401, 401], [401, 469], [414, 415], [414, 421], [470, 469], [470, 470], [470, 556], [482, 488], [502, 504], [502, 525], [519, 520], [519, 521], [525, -525], [525, 525], [525, 540], [540, -540], [540, 540], [540, 542], [542, -542], [542, -469], [542, 542], [557, 556], [557, 557], [557, 586], [566, 572], [587, 586], [587, 587], [587, 629], [606, 607], [606, 609], [609, 610], [609, 612], [612, 613], [612, 615], [615, 616], [618, 619], [618, 621], [630, 629], [630, 630], [630, 639], [640, -1], [640, 639], [640, 640], [651, 655]], "missing_branches": [[167, 173], [168, 171], [173, 174], [173, 176], [176, 177], [176, 180], [180, 181], [180, 184], [184, 185], [184, 187], [203, 206], [276, 278], [278, 279], [278, 280], [280, 281], [280, 282], [282, 283], [282, 285], [319, 320], [352, 353], [355, 356], [362, 363], [368, 369], [371, 372], [380, 381], [482, 483], [566, 567], [615, 618], [651, 652]]}, "app/api/content.py": {"executed_lines": [1, 14, 15, 16, 17, 18, 19, 27, 28, 30, 35, 36, 38, 42, 43, 45, 46, 47, 48, 49, 52, 53, 55, 56, 57, 58, 59, 60, 61, 64, 65, 67, 68, 73, 74, 77, 78, 80, 81, 82, 83, 84, 85, 86, 87, 88, 91, 92, 94, 95, 96, 97, 98, 99, 100, 101, 102, 105, 106, 108, 109, 110, 111, 112, 113, 114, 115, 116, 119, 120, 122, 123, 124, 125, 128, 129, 137, 139, 144, 150, 156, 157, 162, 163, 176, 178, 179, 181, 182, 188, 189, 191, 195, 196, 199, 202, 209, 215, 216, 219, 220, 224, 225, 227, 228, 232, 244, 245, 246, 247, 250, 251, 255, 256, 258, 259, 264, 280, 295, 302, 303, 304, 305, 308, 309, 313, 314, 315, 318, 322, 323, 324, 327, 331, 332, 333, 336, 340, 343, 347, 363, 372, 373, 375, 376, 377, 378, 380, 382, 383, 386, 387, 396, 398, 399, 400, 401, 402, 403, 404, 407, 410, 412, 414, 415, 418, 419, 423, 425, 426, 427, 428, 440, 444, 445, 446, 447, 450, 451, 455, 456, 457, 462, 465, 466, 468, 470, 471, 472, 473, 478, 479, 481, 482, 485, 486, 487, 490, 491, 492, 493, 496, 497, 498, 499, 501, 515, 516, 520, 521, 523, 525, 546, 548, 549], "summary": {"covered_lines": 207, "num_statements": 207, "percent_covered": 100.0, "percent_covered_display": "100.00", "missing_lines": 0, "excluded_lines": 0, "num_branches": 66, "num_partial_branches": 0, "covered_branches": 66, "missing_branches": 0}, "missing_lines": [], "excluded_lines": [], "executed_branches": [[129, 128], [129, 129], [129, 162], [163, 162], [163, 163], [163, 219], [181, 182], [181, 188], [195, 196], [195, 199], [220, 219], [220, 220], [220, 250], [227, 228], [227, 232], [244, 245], [244, 246], [251, 250], [251, 251], [251, 308], [258, 259], [258, 264], [302, 303], [302, 304], [309, 308], [309, 309], [309, 318], [313, 314], [313, 315], [322, 323], [322, 324], [331, 332], [331, 333], [387, 386], [387, 387], [387, 418], [399, 400], [399, 401], [401, 402], [401, 403], [403, 404], [403, 407], [419, 418], [419, 419], [419, 450], [425, 426], [425, 440], [425, 444], [426, 425], [426, 427], [427, 426], [427, 428], [444, 445], [444, 446], [451, 450], [451, 451], [451, 478], [456, 457], [456, 462], [456, 470], [465, 466], [465, 468], [470, 471], [470, 472], [479, 478], [479, 520], [486, -486], [486, 486], [486, 487], [487, -487], [487, 487], [487, 490], [491, 492], [491, 496], [497, 498], [497, 501], [521, -1], [521, 520]], "missing_branches": []}, "app/api/conversations.py": {"executed_lines": [1, 5, 6, 7, 8, 10, 11, 12, 14, 15, 16, 17, 20, 22, 25, 29, 30, 33, 34, 35, 36, 37, 40, 41, 42, 43, 44, 45, 46, 47, 50, 51, 52, 53, 54, 57, 59, 60, 61, 62, 65, 67, 68, 69, 72, 80, 83, 84, 87, 90, 93, 102, 107, 108, 113, 117, 118, 119, 120, 122, 129, 132, 133, 135, 138, 140, 150, 152, 162, 167, 183, 198, 199, 204, 208, 209, 211, 212, 215, 216, 217, 218, 221, 222, 229, 230, 233, 237, 238, 240, 241, 243, 244, 245, 246, 249, 250, 252, 254, 255, 257, 260, 261, 263, 266, 268, 273, 274, 282, 297, 307, 308, 310, 315, 324, 339, 350, 351, 358, 379, 380, 384, 386, 387, 389, 390, 393, 395, 398, 400, 404, 410, 411, 413, 416, 417, 433, 435, 436, 437, 438, 440, 441, 444, 446, 451, 453, 455, 462, 464, 465, 466, 467, 470, 471, 481, 484, 492, 493, 494, 508, 509, 512, 519, 521, 532, 533, 551, 553, 554, 558, 562, 564, 565, 570, 571, 576, 586, 587, 594, 595, 598, 599, 600, 611, 612, 619, 620, 622, 626, 627, 636, 639, 640, 647, 651, 655, 657, 663, 664, 671], "summary": {"covered_lines": 200, "num_statements": 222, "percent_covered": 85.12658227848101, "percent_covered_display": "85.13", "missing_lines": 22, "excluded_lines": 0, "num_branches": 94, "num_partial_branches": 7, "covered_branches": 69, "missing_branches": 25}, "missing_lines": [169, 170, 171, 173, 175, 176, 177, 178, 179, 180, 187, 188, 189, 191, 193, 194, 195, 316, 608, 623, 648, 652], "excluded_lines": [], "executed_branches": [[102, 102], [102, 107], [102, 113], [113, 113], [113, 117], [113, 135], [118, 119], [118, 120], [167, 183], [183, 198], [208, 209], [208, 211], [222, 221], [222, 222], [222, 350], [229, 230], [229, 233], [238, 240], [238, 249], [240, 241], [240, 249], [241, 240], [241, 243], [244, 240], [244, 245], [249, 250], [249, 252], [273, 274], [273, 282], [315, 324], [351, 350], [351, 351], [351, 379], [380, 379], [380, 380], [380, 416], [389, 390], [389, 393], [417, 416], [417, 417], [417, 470], [440, 441], [440, 444], [462, 464], [462, 465], [471, 470], [471, 532], [493, 494], [493, 521], [508, 509], [508, 519], [533, 532], [533, 570], [553, 554], [553, 558], [571, 570], [571, 571], [571, 586], [587, 586], [587, 587], [587, 611], [594, 595], [594, 598], [598, 599], [612, 611], [612, 612], [612, 639], [620, 622], [620, 636], [622, 626], [626, 620], [626, 627], [640, 639], [640, 640], [640, 663], [647, 651], [651, 655], [664, -1], [664, 663], [664, 664]], "missing_branches": [[167, 169], [169, 170], [169, 183], [170, 169], [170, 171], [173, 169], [173, 175], [176, 169], [176, 177], [177, 176], [177, 178], [179, 176], [179, 180], [183, 187], [187, 188], [187, 198], [188, 187], [188, 189], [194, 187], [194, 195], [315, 316], [598, 608], [622, 623], [647, 648], [651, 652]]}, "app/api/feature_toggles.py": {"executed_lines": [1, 6, 7, 9, 10, 11, 12, 14, 15, 27, 32, 34, 35, 38, 44, 57, 59, 60, 61, 64, 65, 66, 67, 68, 70, 78, 79, 85, 91, 98, 100, 101, 102, 104, 105, 110, 112, 113, 114, 115, 121, 128, 135, 137, 138, 139, 141, 147, 148, 152, 153, 159, 165, 173, 175, 176, 177, 181, 182, 187, 193, 194, 195, 196, 200, 201, 207, 213, 220, 222, 223, 224, 226, 227, 232, 236, 237, 238, 239, 245, 251, 258, 260, 261, 262, 263, 267, 268, 273, 279, 280, 281, 282, 288, 294, 301, 303, 304, 305, 306, 310, 311, 316, 322, 323, 324, 325, 331, 337, 344, 346, 347, 348, 349, 350, 351, 352, 353, 354, 355, 356, 362, 364, 367, 369, 370, 371, 375, 378, 380, 381, 382, 385, 387, 388, 389, 392, 394, 398, 399, 402, 404, 407, 408, 411, 413, 416, 421, 428, 431, 435, 451, 457, 471, 473, 474, 477, 478, 479, 481, 483, 493, 494, 499, 500, 505, 506, 507, 508, 514, 520, 528, 530, 531, 534, 536, 537, 539, 540, 546, 552, 556, 558, 559, 560, 562, 578, 579, 585, 591, 598, 600, 601, 603, 604, 606, 607, 608, 611, 612, 614, 615, 616, 618, 625, 626, 633, 639, 645, 646, 648, 649, 651, 653, 659, 660], "summary": {"covered_lines": 215, "num_statements": 215, "percent_covered": 100.0, "percent_covered_display": "100.00", "missing_lines": 0, "excluded_lines": 0, "num_branches": 73, "num_partial_branches": 0, "covered_branches": 73, "missing_branches": 0}, "missing_lines": [], "excluded_lines": [], "executed_branches": [[44, 38], [44, 44], [44, 85], [91, 85], [91, 91], [91, 121], [104, 105], [104, 110], [112, 113], [112, 114], [128, 121], [128, 128], [128, 159], [147, 148], [147, 152], [165, 159], [165, 165], [165, 207], [181, 182], [181, 187], [193, 194], [193, 195], [195, 196], [195, 200], [213, 207], [213, 213], [213, 245], [226, 227], [226, 232], [236, 237], [236, 238], [251, 245], [251, 251], [251, 288], [267, 268], [267, 273], [279, 280], [279, 281], [294, 288], [294, 294], [294, 331], [310, 311], [310, 316], [322, 323], [322, 324], [337, 331], [337, 337], [337, 362], [353, 354], [353, 355], [370, 371], [370, 375], [380, 381], [380, 382], [387, 388], [387, 389], [394, 394], [394, 398], [394, 399], [404, -404], [404, 404], [404, 407], [404, 408], [457, 451], [457, 457], [457, 514], [478, 479], [478, 483], [493, 494], [493, 499], [505, 506], [505, 507], [520, 514], [520, 520], [520, 546], [552, 546], [552, 585], [591, 585], [591, 591], [591, 633], [606, 607], [606, 618], [611, 612], [611, 614], [639, -1], [639, 633], [639, 639]], "missing_branches": []}, "app/api/language_config.py": {"executed_lines": [1, 10, 11, 12, 13, 14, 15, 16, 17, 19, 20, 21, 23, 25, 29, 30, 32, 33, 34, 35, 36, 37, 38, 39, 40, 41, 42, 43, 46, 47, 49, 50, 51, 52, 53, 54, 55, 56, 57, 58, 59, 60, 61, 62, 63, 66, 67, 69, 70, 71, 72, 73, 74, 75, 76, 77, 78, 79, 82, 83, 85, 86, 87, 90, 91, 93, 94, 95, 96, 97, 98, 99, 100, 103, 104, 106, 107, 113, 114, 118, 119, 121, 143, 144, 147, 153, 154, 156, 159, 161, 162, 163, 164, 165, 166, 168, 186, 187, 189, 213, 215, 216, 217, 223, 224, 229, 230, 231, 232, 237, 239, 243, 245, 246, 247, 248, 249, 252, 253, 255, 268, 270, 271, 272, 278, 279, 285, 286, 287, 288, 289, 291, 292, 296, 297, 298, 299, 300, 303, 309, 311, 315, 316, 322, 324, 328, 331, 333, 334, 336, 337, 338, 340, 341, 342, 344, 345, 346, 348, 351, 359, 361, 363, 368, 371, 376, 378, 379, 382, 386, 405, 406, 408, 409, 410, 414, 417, 419, 420, 421, 422, 423, 426, 428, 441, 443, 444, 445, 446, 447, 450, 454, 455, 456, 457, 458, 460, 482, 489, 490, 491, 492, 494, 495, 496, 497, 499, 502, 506, 507, 509, 510, 511, 512, 516, 518, 525, 526, 527, 528, 529], "summary": {"covered_lines": 214, "num_statements": 214, "percent_covered": 100.0, "percent_covered_display": "100.00", "missing_lines": 0, "excluded_lines": 0, "num_branches": 56, "num_partial_branches": 0, "covered_branches": 56, "missing_branches": 0}, "missing_lines": [], "excluded_lines": [], "executed_branches": [[114, 113], [114, 114], [114, 223], [119, -113], [119, 121], [119, 215], [154, 156], [154, 213], [161, 162], [161, 186], [224, 223], [224, 224], [224, 278], [230, -223], [230, 231], [230, 270], [231, 232], [231, 239], [246, 247], [246, 268], [279, 278], [279, 279], [279, 309], [286, -278], [286, 287], [286, 297], [291, 292], [291, 296], [297, 298], [297, 299], [315, -309], [315, 316], [336, 337], [336, 340], [340, 341], [340, 344], [344, 345], [344, 348], [361, 363], [361, 371], [371, -371], [371, 371], [371, 376], [406, 405], [406, 417], [409, 410], [409, 414], [421, 422], [421, 423], [443, 444], [443, 445], [445, 446], [445, 447], [490, 491], [490, 499], [491, 492], [491, 494], [495, 490], [495, 496], [509, -502], [509, 510], [509, 525], [525, 526], [525, 527]], "missing_branches": []}, "app/api/learning_analytics.py": {"executed_lines": [1, 9, 10, 11, 12, 14, 15, 16, 18, 19, 20, 28, 29, 32, 35, 41, 42, 44, 45, 46, 47, 50, 51, 53, 54, 55, 56, 57, 60, 61, 63, 64, 65, 66, 69, 70, 72, 73, 76, 77, 78, 79, 80, 83, 86, 87, 88, 89, 92, 93, 95, 96, 97, 100, 105, 106, 108, 109, 112, 113, 116, 117, 118, 119, 122, 123, 125, 126, 127, 128, 131, 134, 137, 140, 143, 144, 146, 147, 150, 151, 152, 153, 154, 155, 158, 159, 160, 161, 162, 165, 166, 168, 169, 170, 171, 172, 173, 174, 175, 176, 177, 178, 179, 180, 181, 182, 183, 189, 190, 192, 194, 196, 211, 220, 221, 222, 225, 226, 228, 230, 232, 239, 240, 249, 251, 252, 253, 254, 255, 258, 259, 265, 266, 270, 279, 280, 281, 287, 288, 290, 292, 294, 305, 314, 315, 316, 319, 320, 322, 323, 334, 335, 344, 346, 347, 348, 349, 350, 356, 357, 365, 366, 370, 379, 380, 381, 384, 385, 389, 390, 392, 401, 402, 403, 409, 410, 412, 413, 416, 420, 429, 430, 431, 434, 435, 445, 448, 457, 458, 459, 465, 466, 472, 475, 484, 485, 486, 492, 493, 497, 498, 500, 509, 510, 511, 514, 515, 519, 521, 525, 526, 530, 532, 533, 542, 546, 547, 548, 549, 550, 556, 557, 559, 573, 574, 576, 578, 594, 595, 596, 600], "summary": {"covered_lines": 221, "num_statements": 221, "percent_covered": 100.0, "percent_covered_display": "100.00", "missing_lines": 0, "excluded_lines": 0, "num_branches": 42, "num_partial_branches": 0, "covered_branches": 42, "missing_branches": 0}, "missing_lines": [], "excluded_lines": [], "executed_branches": [[190, 189], [190, 225], [226, 225], [226, 258], [239, 240], [239, 249], [251, 252], [251, 253], [259, 258], [259, 259], [259, 287], [288, 287], [288, 319], [320, 319], [320, 356], [334, 335], [334, 344], [346, 347], [346, 348], [357, 356], [357, 357], [357, 384], [385, 384], [385, 385], [385, 409], [410, 409], [410, 434], [435, 434], [435, 435], [435, 465], [466, 465], [466, 466], [466, 492], [493, 492], [493, 493], [493, 514], [515, 514], [515, 515], [515, 556], [525, 526], [525, 530], [532, 533], [532, 542], [546, 547], [546, 548], [557, 556], [557, 573], [574, 573], [574, 600]], "missing_branches": []}, "app/api/ollama.py": {"executed_lines": [1, 8, 10, 12, 13, 15, 18, 19, 47, 48, 50, 51, 59, 63, 64, 65, 66, 67, 68, 81, 88, 89, 94, 95, 126, 128, 130, 131, 140, 145, 148, 150, 158, 159, 165, 166, 185, 186, 188, 189, 196, 197, 199, 206, 207], "summary": {"covered_lines": 44, "num_statements": 44, "percent_covered": 100.0, "percent_covered_display": "100.00", "missing_lines": 0, "excluded_lines": 0, "num_branches": 16, "num_partial_branches": 0, "covered_branches": 16, "missing_branches": 0}, "missing_lines": [], "excluded_lines": [], "executed_branches": [[19, 18], [19, 94], [50, 51], [50, 59], [64, 65], [64, 81], [66, 64], [66, 67], [95, 94], [95, 95], [95, 165], [130, 131], [130, 140], [166, -1], [166, 165], [188, 189], [188, 196]], "missing_branches": []}, "app/api/progress_analytics.py": {"executed_lines": [1, 10, 11, 12, 13, 14, 15, 16, 18, 26, 27, 30, 31, 34, 37, 43, 44, 46, 47, 48, 49, 50, 51, 52, 53, 56, 57, 59, 60, 61, 62, 63, 64, 65, 66, 69, 70, 72, 73, 74, 75, 76, 79, 80, 82, 83, 84, 87, 90, 91, 94, 97, 98, 99, 102, 103, 104, 107, 110, 113, 118, 121, 124, 125, 126, 131, 134, 137, 140, 145, 148, 153, 154, 157, 158, 160, 161, 164, 167, 170, 173, 176, 179, 184, 185, 188, 191, 196, 199, 202, 205, 210, 213, 216, 221, 224, 227, 231, 234, 235, 239, 242, 243, 245, 246, 251, 254, 257, 262, 263, 268, 271, 276, 281, 284, 289, 290, 292, 293, 296, 301, 302, 305, 311, 312, 316, 318, 350, 352, 353, 362, 366, 367, 368, 371, 372, 378, 379, 383, 392, 393, 394, 400, 401, 403, 405, 406, 408, 409, 413, 418, 446, 448, 449, 462, 466, 467, 468, 471, 472, 477, 478, 480, 489, 490, 491, 494, 495, 503, 506, 522, 523, 524, 530, 531, 535, 538, 563, 583, 584, 585, 588, 589, 595, 598, 612, 613, 614, 620, 621, 625, 628, 650, 683, 684, 685, 688, 689, 697, 700, 716, 717, 718, 724, 725, 731, 733, 738, 743, 768, 777, 778, 779, 785, 786, 791, 794, 812, 813, 814, 820, 821, 823, 843, 844, 846, 847, 864, 865, 866, 870], "summary": {"covered_lines": 223, "num_statements": 223, "percent_covered": 100.0, "percent_covered_display": "100.00", "missing_lines": 0, "excluded_lines": 0, "num_branches": 38, "num_partial_branches": 0, "covered_branches": 38, "missing_branches": 0}, "missing_lines": [], "excluded_lines": [], "executed_branches": [[231, 231], [231, 234], [231, 235], [234, 231], [234, 235], [235, -157], [235, 234], [312, 311], [312, 312], [312, 371], [352, 353], [352, 362], [372, 371], [372, 372], [372, 400], [401, 400], [401, 471], [408, 409], [408, 418], [448, 449], [448, 462], [472, 471], [472, 472], [472, 494], [495, 494], [495, 495], [495, 530], [531, 530], [531, 531], [531, 588], [589, 588], [589, 589], [589, 620], [621, 620], [621, 621], [621, 688], [689, 688], [689, 689], [689, 724], [725, 724], [725, 725], [725, 785], [786, 785], [786, 786], [786, 820], [821, 820], [821, 843], [844, 843], [844, 870]], "missing_branches": []}, "app/api/realtime_analysis.py": {"executed_lines": [1, 20, 21, 22, 23, 25, 26, 28, 29, 30, 39, 41, 45, 46, 48, 49, 52, 57, 58, 60, 61, 62, 63, 64, 65, 68, 69, 71, 72, 73, 74, 77, 80, 81, 83, 84, 85, 86, 87, 88, 89, 90, 91, 94, 95, 96, 99, 100, 102, 103, 104, 105, 106, 109, 110, 112, 113, 114, 116, 118, 119, 120, 122, 123, 124, 126, 127, 129, 131, 132, 134, 135, 140, 141, 143, 145, 147, 148, 149, 150, 151, 152, 153, 154, 155, 158, 161, 162, 166, 172, 173, 178, 180, 181, 182, 183, 184, 185, 190, 196, 204, 205, 207, 208, 209, 210, 211, 214, 215, 217, 218, 219, 220, 223, 225, 226, 227, 228, 231, 233, 246, 248, 249, 251, 252, 261, 262, 269, 271, 272, 273, 274, 275, 276, 279, 283, 284, 292, 295, 299, 300, 301, 303, 311, 312, 314, 317, 319, 320, 321, 322, 323, 326, 327, 332, 333, 336, 337, 339, 347, 349, 350, 351, 352, 353, 356, 357, 362, 363, 366, 367, 370, 376, 378, 379, 385, 386, 387, 388, 389, 392, 393, 398, 400, 401, 402, 404, 405, 407, 410, 411, 412, 423, 425, 427, 428, 429, 430, 431, 437, 438, 441, 443, 446, 448, 458, 459, 461, 464, 465, 469, 471, 472, 473, 481, 482, 490, 491, 492, 493, 494, 502, 503, 505, 506, 510, 511, 514], "summary": {"covered_lines": 221, "num_statements": 221, "percent_covered": 100.0, "percent_covered_display": "100.00", "missing_lines": 0, "excluded_lines": 0, "num_branches": 72, "num_partial_branches": 0, "covered_branches": 72, "missing_branches": 0}, "missing_lines": [], "excluded_lines": [], "executed_branches": [[122, 123], [122, 124], [131, 132], [131, 134], [134, 135], [134, 143], [140, 141], [140, 143], [147, -145], [147, 148], [149, 150], [149, 161], [150, 149], [150, 151], [161, -145], [161, 162], [173, 172], [173, 173], [173, 214], [181, 182], [181, 190], [207, 208], [207, 209], [215, 214], [215, 223], [226, 227], [226, 228], [248, 249], [248, 251], [251, 252], [251, 261], [261, -246], [261, 262], [272, 273], [272, 276], [283, -279], [283, 284], [319, 320], [319, 321], [327, 326], [327, 327], [327, 356], [336, 337], [336, 339], [349, 350], [349, 351], [357, 356], [357, 357], [357, 392], [366, 367], [366, 370], [385, 386], [385, 387], [393, 392], [393, 393], [393, 437], [401, 402], [401, 404], [404, 405], [404, 407], [411, 412], [411, 425], [427, 428], [427, 429], [438, 437], [438, 510], [464, 465], [464, 469], [469, 458], [469, 471], [490, 491], [490, 492], [505, -437], [505, 506], [511, -1], [511, 510]], "missing_branches": []}, "app/api/scenario_management.py": {"executed_lines": [1, 16, 17, 18, 19, 21, 22, 23, 25, 30, 39, 41, 46, 48, 49, 57, 58, 60, 61, 62, 63, 64, 65, 66, 67, 68, 71, 72, 74, 75, 76, 77, 78, 79, 80, 81, 82, 83, 84, 85, 86, 87, 88, 89, 90, 92, 93, 94, 95, 96, 97, 98, 100, 101, 102, 103, 104, 105, 106, 108, 109, 110, 111, 112, 113, 114, 117, 118, 120, 121, 122, 123, 124, 125, 126, 127, 128, 129, 130, 131, 132, 135, 136, 138, 139, 140, 141, 142, 143, 144, 145, 146, 147, 148, 149, 150, 151, 154, 155, 157, 158, 159, 160, 161, 162, 163, 164, 165, 166, 167, 170, 171, 173, 174, 182, 183, 192, 193, 194, 195, 198, 199, 200, 203, 204, 205, 206, 212, 219, 220, 221, 222, 223, 224, 225, 228, 230, 231, 232, 233, 234, 237, 239, 273, 274, 276, 277, 278, 280, 281, 287, 320, 322, 323, 324, 325, 326, 332, 333, 338, 339, 342, 345, 346, 347, 358, 361, 379, 380, 381, 384, 387, 420, 421, 423, 424, 425, 431, 432, 438, 439, 440, 441, 442, 443, 444, 445, 446, 447, 448, 449, 450, 451, 452, 458, 460, 461, 462, 466, 469, 471, 472, 473, 474, 475, 476, 478, 481, 483, 484, 486, 487, 500, 511, 512, 515, 517, 518, 519, 520, 521, 522, 525, 528, 529, 533, 534, 537, 538, 539, 545, 547, 548, 553, 554, 555, 556, 557, 568, 569, 571, 574, 576, 577, 579, 580, 581, 587, 588, 593, 597, 598, 600, 601, 602, 613, 614, 619, 620, 621, 623, 624, 625, 626, 627, 628, 629, 630, 633, 634, 635, 636, 638, 641, 642, 649, 650, 654, 657, 662, 663, 664, 675, 676, 678, 679, 717, 718, 720, 721, 722, 728, 729, 731, 733, 769, 770, 772, 773, 774], "summary": {"covered_lines": 293, "num_statements": 293, "percent_covered": 100.0, "percent_covered_display": "100.00", "missing_lines": 0, "excluded_lines": 0, "num_branches": 92, "num_partial_branches": 0, "covered_branches": 92, "missing_branches": 0}, "missing_lines": [], "excluded_lines": [], "executed_branches": [[92, 93], [92, 94], [93, 92], [93, 94], [94, 93], [94, 100], [96, 97], [96, 98], [100, 101], [100, 102], [101, 100], [101, 102], [102, 101], [102, 108], [104, 105], [104, 106], [108, 109], [108, 110], [109, 108], [109, 110], [110, -71], [110, 109], [112, 113], [112, 114], [183, 182], [183, 183], [183, 212], [219, 220], [219, 221], [221, 222], [221, 223], [223, 224], [223, 225], [231, 232], [231, 234], [274, 273], [274, 332], [280, 281], [280, 287], [322, 323], [322, 324], [333, 332], [333, 333], [333, 431], [346, 347], [346, 361], [432, 431], [432, 432], [432, 458], [448, 449], [448, 450], [461, 462], [461, 466], [471, -469], [471, 472], [472, 473], [472, 475], [475, 476], [475, 478], [484, 486], [484, 512], [486, 487], [486, 500], [517, 518], [517, 519], [519, 520], [519, 521], [521, 522], [521, 525], [529, 528], [529, 529], [529, 568], [538, 539], [538, 545], [553, 554], [553, 555], [569, 568], [569, 587], [588, 587], [588, 588], [588, 613], [614, 613], [614, 614], [614, 675], [623, 624], [623, 654], [625, 626], [625, 628], [628, 629], [628, 633], [633, 634], [633, 636], [636, 638], [636, 641], [676, 675], [676, 728], [729, -1], [729, 728]], "missing_branches": []}, "app/api/scenarios.py": {"executed_lines": [1, 16, 17, 18, 20, 21, 22, 24, 25, 26, 27, 28, 29, 38, 41, 45, 46, 48, 49, 50, 55, 56, 58, 59, 60, 65, 66, 68, 69, 70, 75, 76, 78, 79, 80, 81, 85, 86, 104, 105, 106, 109, 110, 111, 112, 113, 114, 115, 116, 121, 125, 126, 130, 131, 137, 139, 140, 143, 146, 148, 160, 161, 165, 167, 168, 169, 170, 171, 176, 178, 184, 185, 186, 187, 188, 194, 195, 202, 203, 212, 218, 219, 220, 227, 228, 241, 242, 244, 245, 249, 253, 259, 260, 261, 262, 263, 268, 269, 282, 284, 285, 286, 287, 293, 301, 302, 303, 304, 306, 310, 322, 323, 324, 325, 328, 333, 334, 347, 349, 350, 354, 355, 356, 361, 367, 371, 375, 376, 384, 385, 398, 400, 401, 405, 406, 407, 412, 413, 414, 417, 421, 427, 429, 433, 434, 442, 443, 456, 458, 459, 463, 464, 465, 470, 471, 472, 473, 478, 482, 488, 492, 498, 499, 507, 508, 512, 513, 515, 525, 526, 527, 532, 533, 535, 536, 538, 548, 549, 550, 555, 556, 558, 559, 562, 565, 568, 571, 572, 576, 578, 579, 580, 581, 587, 590, 591, 592, 593, 594, 600, 608, 609, 614, 616, 627, 628, 629, 630, 631, 636, 638, 650, 656, 658], "summary": {"covered_lines": 208, "num_statements": 219, "percent_covered": 94.3859649122807, "percent_covered_display": "94.39", "missing_lines": 11, "excluded_lines": 0, "num_branches": 66, "num_partial_branches": 5, "covered_branches": 61, "missing_branches": 5}, "missing_lines": [377, 378, 379, 435, 436, 437, 474, 475, 500, 501, 502], "excluded_lines": [], "executed_branches": [[86, 85], [86, 86], [86, 121], [112, 113], [112, 114], [125, 125], [125, 126], [125, 130], [130, -121], [130, 130], [130, 131], [139, 140], [139, 143], [161, 160], [161, 161], [161, 194], [184, 185], [184, 186], [195, 194], [195, 227], [228, 227], [228, 228], [228, 268], [244, 245], [244, 249], [259, 260], [259, 261], [269, 268], [269, 269], [269, 333], [303, 304], [303, 306], [322, 323], [322, 324], [334, 333], [334, 334], [334, 384], [349, 350], [349, 354], [355, 356], [355, 361], [375, 376], [385, 384], [385, 385], [385, 442], [400, 401], [400, 405], [406, 407], [406, 412], [413, 414], [433, 434], [443, 442], [443, 443], [443, 507], [458, 459], [458, 463], [464, 465], [464, 470], [471, 472], [498, 499], [508, 507], [508, 508], [508, 532], [533, 532], [533, 555], [572, 571], [572, 572], [572, 636], [608, 609], [608, 614], [627, 628], [627, 629]], "missing_branches": [[375, 377], [413, 417], [433, 435], [471, 478], [498, 500]]}, "app/api/tutor_modes.py": {"executed_lines": [1, 20, 21, 22, 24, 25, 27, 28, 29, 35, 38, 42, 43, 45, 48, 49, 50, 53, 54, 56, 57, 58, 59, 60, 61, 62, 63, 66, 67, 69, 70, 71, 76, 77, 79, 80, 81, 82, 83, 86, 87, 89, 90, 91, 92, 93, 96, 97, 99, 100, 101, 102, 103, 104, 105, 106, 109, 110, 118, 119, 120, 122, 123, 124, 129, 130, 139, 141, 142, 143, 144, 149, 150, 151, 152, 158, 167, 169, 171, 182, 183, 184, 185, 186, 187, 190, 191, 200, 202, 203, 204, 207, 213, 220, 221, 222, 223, 224, 227, 228, 236, 237, 238, 239, 241, 243, 244, 245, 246, 247, 252, 253, 261, 262, 264, 270, 271, 272, 273, 274, 275, 278, 279, 287, 289, 290, 291, 292, 294, 296, 311, 312, 313, 314, 315, 318, 319, 327, 328, 330, 336, 337, 338, 341, 342, 352, 354, 355, 357, 360, 367, 369, 375, 376, 377, 380, 386, 405, 406, 412, 413, 414, 416, 417, 418], "summary": {"covered_lines": 158, "num_statements": 158, "percent_covered": 100.0, "percent_covered_display": "100.00", "missing_lines": 0, "excluded_lines": 0, "num_branches": 34, "num_partial_branches": 0, "covered_branches": 34, "missing_branches": 0}, "missing_lines": [], "excluded_lines": [], "executed_branches": [[110, 109], [110, 110], [110, 129], [130, 129], [130, 130], [130, 190], [182, 183], [182, 185], [191, 190], [191, 191], [191, 227], [203, 204], [203, 207], [220, 221], [220, 222], [228, 227], [228, 228], [228, 252], [238, 239], [238, 241], [243, 244], [243, 245], [253, 252], [253, 253], [253, 278], [270, 271], [270, 273], [279, 278], [279, 279], [279, 318], [311, 312], [311, 313], [319, 318], [319, 319], [319, 341], [342, 341], [342, 342], [342, 380], [355, 357], [355, 360], [406, -1], [406, 405]], "missing_branches": []}, "app/api/visual_learning.py": {"executed_lines": [1, 14, 15, 16, 18, 25, 27, 33, 34, 36, 37, 38, 39, 40, 41, 44, 45, 47, 48, 49, 50, 51, 52, 53, 56, 57, 59, 60, 61, 64, 65, 67, 68, 69, 70, 71, 72, 73, 74, 79, 80, 82, 83, 84, 85, 86, 87, 88, 89, 92, 93, 95, 96, 97, 98, 99, 100, 101, 102, 108, 109, 119, 120, 121, 122, 127, 136, 143, 144, 154, 155, 165, 170, 171, 174, 175, 185, 186, 192, 198, 199, 202, 203, 208, 210, 211, 213, 240, 241, 251, 252, 253, 254, 255, 256, 261, 263, 269, 270, 280, 281, 282, 283, 288, 299, 306, 307, 318, 319, 320, 321, 322, 323, 328, 332, 355, 356, 366, 367, 368, 369, 374, 385, 392, 393, 403, 404, 405, 406, 407, 408, 413, 417, 441, 442, 452, 463, 470, 471, 481, 485, 506, 507, 511, 512, 514, 515, 517], "summary": {"covered_lines": 141, "num_statements": 141, "percent_covered": 100.0, "percent_covered_display": "100.00", "missing_lines": 0, "excluded_lines": 0, "num_branches": 38, "num_partial_branches": 0, "covered_branches": 38, "missing_branches": 0}, "missing_lines": [], "excluded_lines": [], "executed_branches": [[74, -74], [74, -64], [74, 74], [109, 108], [109, 109], [109, 143], [144, 143], [144, 144], [144, 174], [175, 174], [175, 175], [175, 202], [203, 202], [203, 203], [203, 240], [210, 211], [210, 213], [241, 240], [241, 241], [241, 269], [252, 253], [252, 261], [270, 269], [270, 270], [270, 306], [307, 306], [307, 307], [307, 355], [319, 320], [319, 328], [356, 355], [356, 356], [356, 392], [393, 392], [393, 393], [393, 441], [404, 405], [404, 413], [442, 441], [442, 442], [442, 470], [471, 470], [471, 471], [471, 506], [507, -1], [507, 506], [507, 507], [512, -512], [512, 512], [512, 514], [514, 515], [514, 517]], "missing_branches": []}, "app/core/__init__.py": {"executed_lines": [], "summary": {"covered_lines": 0, "num_statements": 0, "percent_covered": 100.0, "percent_covered_display": "100.00", "missing_lines": 0, "excluded_lines": 0, "num_branches": 0, "num_partial_branches": 0, "covered_branches": 0, "missing_branches": 0}, "missing_lines": [], "excluded_lines": [], "executed_branches": [], "missing_branches": []}, "app/core/config.py": {"executed_lines": [1, 6, 7, 8, 10, 11, 14, 15, 18, 19, 20, 21, 22, 28, 32, 35, 40, 43, 46, 51, 56, 59, 64, 67, 68, 73, 76, 78, 83, 84, 86, 90, 92, 93, 101, 102, 106], "summary": {"covered_lines": 35, "num_statements": 35, "percent_covered": 100.0, "percent_covered_display": "100.00", "missing_lines": 0, "excluded_lines": 0, "num_branches": 4, "num_partial_branches": 0, "covered_branches": 4, "missing_branches": 0}, "missing_lines": [], "excluded_lines": [], "executed_branches": [[84, 83], [84, 90], [101, -90], [101, 102]], "missing_branches": []}, "app/core/security.py": {"executed_lines": [1, 7, 8, 9, 10, 11, 12, 13, 15, 16, 17, 20, 23, 26, 27, 28, 31, 33, 34, 35, 37, 41, 42, 43, 46, 48, 49, 50, 51, 52, 55, 57, 58, 61, 62, 65, 67, 68, 69, 72, 74, 75, 76, 77, 79, 80, 81, 82, 85, 90, 91, 93, 94, 95, 96, 98, 99, 100, 102, 103, 106, 111, 112, 113, 118], "summary": {"covered_lines": 64, "num_statements": 64, "percent_covered": 100.0, "percent_covered_display": "100.00", "missing_lines": 0, "excluded_lines": 0, "num_branches": 16, "num_partial_branches": 0, "covered_branches": 16, "missing_branches": 0}, "missing_lines": [], "excluded_lines": [], "executed_branches": [[34, 35], [34, 37], [75, 76], [75, 77], [77, 79], [77, 80], [80, 81], [80, 82], [90, 91], [90, 93], [95, 96], [95, 98], [99, 100], [99, 102], [112, 113], [112, 118]], "missing_branches": []}, "app/database/__init__.py": {"executed_lines": [], "summary": {"covered_lines": 0, "num_statements": 0, "percent_covered": 100.0, "percent_covered_display": "100.00", "missing_lines": 0, "excluded_lines": 0, "num_branches": 0, "num_partial_branches": 0, "covered_branches": 0, "missing_branches": 0}, "missing_lines": [], "excluded_lines": [], "executed_branches": [], "missing_branches": []}, "app/database/chromadb_config.py": {"executed_lines": [1, 11, 12, 13, 14, 15, 16, 17, 18, 21, 24, 25, 27, 34, 35, 36, 37, 40, 42, 43, 45, 46, 53, 55, 56, 58, 60, 61, 63, 74, 75, 77, 78, 79, 80, 82, 86, 88, 89, 91, 93, 111, 112, 113, 115, 134, 137, 140, 143, 157, 158, 160, 179, 182, 185, 188, 202, 203, 205, 226, 229, 232, 233, 234, 235, 236, 239, 246, 247, 249, 260, 268, 281, 288, 290, 291, 292, 295, 297, 298, 299, 301, 302, 304, 306, 308, 309, 310, 311, 312, 313, 314, 315, 317, 319, 321, 322, 323, 325, 326, 327, 328, 330, 332, 333, 334, 337, 338, 342, 347, 349, 352, 354, 357, 359, 368, 370], "summary": {"covered_lines": 115, "num_statements": 115, "percent_covered": 100.0, "percent_covered_display": "100.00", "missing_lines": 0, "excluded_lines": 0, "num_branches": 26, "num_partial_branches": 0, "covered_branches": 26, "missing_branches": 0}, "missing_lines": [], "excluded_lines": [], "executed_branches": [[43, 42], [43, 55], [45, 46], [45, 53], [56, 55], [56, 63], [58, 60], [58, 61], [74, 75], [74, 77], [111, -91], [111, 112], [233, 234], [233, 235], [235, 236], [235, 239], [290, -281], [290, 291], [297, 290], [297, 298], [308, 309], [308, 317], [325, -319], [325, 326], [333, 334], [333, 337]], "missing_branches": []}, "app/database/config.py": {"executed_lines": [1, 17, 18, 19, 20, 21, 23, 24, 25, 26, 27, 28, 31, 33, 34, 35, 36, 37, 39, 42, 43, 46, 47, 48, 51, 52, 55, 56, 57, 59, 61, 62, 65, 67, 68, 69, 71, 74, 75, 77, 78, 79, 80, 81, 82, 83, 88, 89, 91, 93, 94, 96, 99, 100, 102, 104, 105, 107, 109, 110, 112, 114, 116, 117, 119, 120, 122, 125, 145, 147, 148, 150, 151, 158, 160, 161, 163, 164, 165, 167, 169, 172, 174, 176, 177, 178, 179, 180, 182, 188, 189, 190, 191, 192, 198, 200, 201, 202, 203, 206, 208, 210, 216, 217, 218, 219, 225, 227, 228, 229, 232, 233, 235, 241, 242, 243, 244, 245, 251, 253, 255, 257, 260, 261, 264, 265, 267, 269, 271, 272, 275, 276, 277, 283, 284, 290, 291, 296, 302, 304, 305, 307, 308, 311, 312, 314, 316, 318, 319, 324, 326, 328, 329, 330, 332, 333, 334, 340, 344, 347, 348, 349, 351, 352, 354, 357, 358, 360, 363, 364, 365, 366, 367, 368, 369, 371, 374, 376, 379, 381, 384, 386, 390, 392, 393, 394, 398, 399, 407, 408, 409, 410, 417, 419, 420, 421, 424, 426], "summary": {"covered_lines": 195, "num_statements": 195, "percent_covered": 100.0, "percent_covered_display": "100.00", "missing_lines": 0, "excluded_lines": 0, "num_branches": 44, "num_partial_branches": 0, "covered_branches": 44, "missing_branches": 0}, "missing_lines": [], "excluded_lines": [], "executed_branches": [[62, -42], [62, 61], [68, 69], [68, 71], [100, 99], [100, 104], [105, 104], [105, 109], [110, -96], [110, 109], [120, 119], [120, 147], [122, 125], [122, 145], [148, 147], [148, 160], [150, 151], [150, 158], [161, 160], [161, 167], [163, 164], [163, 165], [202, 203], [202, 208], [202, 216], [272, 275], [272, 296], [276, 277], [276, 283], [307, 308], [307, 311], [311, -311], [311, 311], [311, 312], [318, 319], [318, 324], [328, 329], [328, 332], [332, -326], [332, 333], [358, 357], [358, 374], [394, -394], [394, 394], [394, 398], [398, 399], [398, 407]], "missing_branches": []}, "app/database/local_config.py": {"executed_lines": [1, 10, 11, 12, 13, 14, 15, 16, 17, 18, 19, 22, 25, 26, 28, 35, 36, 39, 40, 43, 44, 45, 47, 48, 50, 51, 52, 53, 55, 56, 58, 59, 69, 71, 72, 74, 75, 80, 82, 84, 86, 87, 90, 91, 93, 94, 95, 97, 99, 100, 101, 103, 105, 201, 202, 203, 204, 205, 207, 209, 276, 277, 278, 279, 280, 281, 282, 284, 285, 287, 288, 289, 290, 291, 292, 293, 295, 297, 298, 300, 301, 302, 303, 304, 306, 308, 309, 310, 313, 325, 326, 327, 328, 329, 331, 333, 334, 335, 340, 341, 349, 350, 351, 352, 354, 358, 359, 360, 362, 375, 376, 377, 378, 380, 382, 383, 384, 392, 403, 404, 405, 407, 409, 410, 412, 424, 426, 427, 434, 435, 436, 437, 439, 441, 442, 449, 450, 453, 454, 457, 458, 459, 460, 462, 464, 466, 471, 472, 473, 477, 478, 482, 483, 484, 485, 486, 488, 489, 490, 491, 492, 494, 496, 498, 500, 501, 505, 506, 507, 508, 509, 511, 513, 514, 518, 519, 520, 521, 522, 523, 524, 525, 527, 529, 531, 532, 533, 535, 536, 537, 538, 542, 547, 549, 552, 554, 557, 559, 562, 564], "summary": {"covered_lines": 198, "num_statements": 198, "percent_covered": 100.0, "percent_covered_display": "100.00", "missing_lines": 0, "excluded_lines": 0, "num_branches": 60, "num_partial_branches": 0, "covered_branches": 60, "missing_branches": 0}, "missing_lines": [], "excluded_lines": [], "executed_branches": [[48, 47], [48, 55], [50, 51], [50, 53], [56, 55], [56, 71], [58, 59], [58, 69], [72, 71], [72, 82], [74, 75], [74, 80], [201, -103], [201, 202], [202, 203], [202, 205], [203, 202], [203, 204], [277, -207], [277, 278], [285, 284], [285, 297], [298, 297], [298, 306], [309, -306], [309, 310], [309, 327], [334, -331], [334, 335], [334, 350], [340, 341], [340, 349], [359, -354], [359, 360], [359, 376], [383, -380], [383, 384], [383, 403], [410, -407], [410, 412], [410, 435], [426, 427], [426, 434], [449, 450], [449, 457], [471, 472], [471, 477], [471, 490], [472, 471], [472, 473], [477, 478], [477, 488], [482, 477], [482, 483], [500, 501], [500, 508], [500, 511], [505, 500], [505, 506], [513, 514], [513, 524], [513, 527], [518, 513], [518, 519], [531, 532], [531, 535], [535, -529], [535, 536]], "missing_branches": []}, "app/database/migrations.py": {"executed_lines": [1, 12, 13, 14, 15, 16, 18, 19, 20, 21, 23, 24, 25, 26, 27, 29, 32, 33, 35, 36, 37, 38, 39, 40, 41, 43, 45, 46, 47, 49, 51, 53, 54, 57, 58, 60, 61, 62, 63, 64, 66, 68, 178, 179, 181, 183, 252, 253, 254, 257, 283, 284, 285, 287, 289, 290, 293, 299, 300, 301, 302, 303, 305, 307, 308, 309, 310, 311, 312, 313, 314, 316, 318, 319, 320, 321, 322, 323, 324, 325, 327, 329, 330, 331, 333, 334, 335, 336, 338, 340, 341, 342, 351, 352, 353, 354, 356, 358, 361, 362, 363, 364, 365, 366, 367, 370, 371, 372, 373, 374, 375, 376, 379, 380, 381, 382, 383, 384, 385, 387, 389, 391, 392, 393, 395, 396, 397, 400, 438, 439, 442, 451, 453, 454, 455, 456, 458, 460, 461, 462, 463, 464, 466, 468, 469, 470, 472, 474, 476, 477, 479, 480, 482, 483, 485, 486, 487, 488, 490, 491, 492, 493, 495, 497, 498, 499, 500, 501, 503, 505, 513, 514, 515, 517, 523, 524, 525, 528, 529, 530, 531, 532, 535, 536, 537, 538, 539, 541, 545, 549, 551, 554, 556, 559, 561, 564, 566], "summary": {"covered_lines": 195, "num_statements": 195, "percent_covered": 100.0, "percent_covered_display": "100.00", "missing_lines": 0, "excluded_lines": 0, "num_branches": 27, "num_partial_branches": 0, "covered_branches": 27, "missing_branches": 0}, "missing_lines": [], "excluded_lines": [], "executed_branches": [[53, 54], [53, 57], [57, 58], [57, 60], [178, -66], [178, 179], [253, -181], [253, 254], [253, 257], [284, -181], [284, 285], [341, 342], [341, 351], [395, 396], [395, 400], [438, 439], [438, 442], [458, -389], [458, 460], [458, 462], [468, 469], [468, 472], [482, 483], [482, 495], [485, 482], [485, 486], [490, 485], [490, 491]], "missing_branches": []}, "app/frontend/__init__.py": {"executed_lines": [1, 8, 9, 11], "summary": {"covered_lines": 3, "num_statements": 3, "percent_covered": 100.0, "percent_covered_display": "100.00", "missing_lines": 0, "excluded_lines": 0, "num_branches": 0, "num_partial_branches": 0, "covered_branches": 0, "missing_branches": 0}, "missing_lines": [], "excluded_lines": [], "executed_branches": [], "missing_branches": []}, "app/frontend/admin_ai_models.py": {"executed_lines": [1, 18, 20, 21, 24, 28, 456, 566, 569, 570, 572, 607, 611, 612, 620, 621, 623, 733, 736, 737, 747, 750, 753, 897, 900], "summary": {"covered_lines": 24, "num_statements": 24, "percent_covered": 100.0, "percent_covered_display": "100.00", "missing_lines": 0, "excluded_lines": 0, "num_branches": 2, "num_partial_branches": 0, "covered_branches": 2, "missing_branches": 0}, "missing_lines": [], "excluded_lines": [], "executed_branches": [[736, 737], [736, 747]], "missing_branches": []}, "app/frontend/admin_budget.py": {"executed_lines": [1, 12, 15, 74, 134, 171, 295, 408], "summary": {"covered_lines": 7, "num_statements": 36, "percent_covered": 14.0, "percent_covered_display": "14.00", "missing_lines": 29, "excluded_lines": 0, "num_branches": 14, "num_partial_branches": 0, "covered_branches": 0, "missing_branches": 14}, "missing_lines": [18, 20, 77, 78, 79, 80, 83, 84, 85, 86, 87, 88, 89, 90, 92, 95, 96, 97, 98, 99, 100, 101, 103, 137, 174, 298, 412, 421, 441], "excluded_lines": [], "executed_branches": [], "missing_branches": [[83, 84], [83, 85], [85, 86], [85, 87], [87, 88], [87, 89], [89, 90], [89, 92], [96, 97], [96, 98], [98, 99], [98, 100], [100, 101], [100, 103]]}, "app/frontend/admin_dashboard.py": {"executed_lines": [1, 9, 10, 11, 13, 14, 17, 19, 60, 62, 68, 69, 70, 73, 75, 76, 77, 78, 81, 89, 90, 92, 119, 121, 122, 123, 124, 127, 128, 131, 133, 157, 159, 160, 162, 185, 187, 188, 190, 198, 200, 320, 322, 323, 354, 375, 382], "summary": {"covered_lines": 46, "num_statements": 46, "percent_covered": 100.0, "percent_covered_display": "100.00", "missing_lines": 0, "excluded_lines": 0, "num_branches": 4, "num_partial_branches": 0, "covered_branches": 4, "missing_branches": 0}, "missing_lines": [], "excluded_lines": [], "executed_branches": [[121, 122], [121, 123], [322, 323], [322, 354]], "missing_branches": []}, "app/frontend/admin_feature_toggles.py": {"executed_lines": [1, 6, 9, 12, 95, 98, 177, 180, 451, 454, 498, 501, 540, 543, 582, 585, 1160, 1162], "summary": {"covered_lines": 17, "num_statements": 17, "percent_covered": 100.0, "percent_covered_display": "100.00", "missing_lines": 0, "excluded_lines": 0, "num_branches": 0, "num_partial_branches": 0, "covered_branches": 0, "missing_branches": 0}, "missing_lines": [], "excluded_lines": [], "executed_branches": [], "missing_branches": []}, "app/frontend/admin_language_config.py": {"executed_lines": [1, 10, 11, 12, 14, 17, 19, 61, 71, 72, 73, 77, 82, 83, 86, 95, 175, 178, 226, 229, 230, 231, 232, 233, 234, 237, 244, 291, 294, 295, 296, 297, 298, 299, 302, 311, 351, 354, 355, 359, 510, 513, 855], "summary": {"covered_lines": 42, "num_statements": 42, "percent_covered": 100.0, "percent_covered_display": "100.00", "missing_lines": 0, "excluded_lines": 0, "num_branches": 2, "num_partial_branches": 0, "covered_branches": 2, "missing_branches": 0}, "missing_lines": [], "excluded_lines": [], "executed_branches": [[72, 73], [72, 77]], "missing_branches": []}, "app/frontend/admin_learning_analytics.py": {"executed_lines": [1, 9, 10, 13, 15, 390, 396, 397, 417, 418, 428, 462, 465, 522, 525, 690, 693, 842, 845, 942, 945, 1050, 1052, 1142, 1146, 1153], "summary": {"covered_lines": 25, "num_statements": 25, "percent_covered": 100.0, "percent_covered_display": "100.00", "missing_lines": 0, "excluded_lines": 0, "num_branches": 4, "num_partial_branches": 0, "covered_branches": 4, "missing_branches": 0}, "missing_lines": [], "excluded_lines": [], "executed_branches": [[396, 397], [396, 417], [417, 418], [417, 428]], "missing_branches": []}, "app/frontend/admin_routes.py": {"executed_lines": [1, 9, 10, 12, 13, 15, 16, 17, 18, 19, 20, 24, 25, 29, 30, 34, 36, 39, 42, 43, 47, 49, 50, 55, 57, 58, 59, 64, 65, 69, 71, 72, 78, 79, 81, 82, 83, 106, 108, 110, 111, 112, 121, 123, 124, 125, 126, 127, 132, 133, 137, 139, 140, 146, 149, 155, 156, 158, 184, 185, 186, 187, 188, 193, 194, 198, 200, 201, 207, 210, 216, 217, 219, 248, 249, 250, 251, 252, 257, 258, 262, 264, 265, 271, 275, 281, 283, 300, 301, 302, 303, 304, 309, 310, 314, 316, 317, 323, 342, 343, 344, 345, 346, 351, 352, 356, 358, 359, 365, 368, 374, 375, 377, 408, 409, 410, 411, 412, 417, 418, 422, 424, 425, 431, 434, 440, 441, 444, 523, 556, 557, 558, 559, 560, 565, 566, 630, 634, 639], "summary": {"covered_lines": 138, "num_statements": 151, "percent_covered": 91.4027149321267, "percent_covered_display": "91.40", "missing_lines": 13, "excluded_lines": 0, "num_branches": 70, "num_partial_branches": 0, "covered_branches": 64, "missing_branches": 6}, "missing_lines": [570, 572, 573, 579, 582, 588, 589, 591, 620, 621, 622, 623, 624], "excluded_lines": [], "executed_branches": [[43, 42], [43, 43], [43, 64], [49, 50], [49, 55], [49, 57], [65, 64], [65, 65], [65, 132], [71, 72], [71, 78], [78, 79], [78, 106], [78, 123], [82, 78], [82, 83], [111, 112], [111, 121], [123, 124], [123, 125], [133, 132], [133, 133], [133, 193], [139, 140], [139, 146], [139, 184], [146, 146], [146, 149], [146, 155], [184, 185], [184, 186], [194, 193], [194, 194], [194, 257], [200, 201], [200, 207], [200, 248], [207, 207], [207, 210], [207, 216], [248, 249], [248, 250], [258, 257], [258, 258], [258, 309], [264, 265], [264, 271], [264, 300], [271, 271], [271, 275], [271, 281], [300, 301], [300, 302], [310, 309], [310, 310], [310, 351], [316, 317], [316, 323], [316, 342], [342, 343], [342, 344], [352, 351], [352, 352], [352, 417], [358, 359], [358, 365], [358, 408], [365, 365], [365, 368], [365, 374], [408, 409], [408, 410], [418, 417], [418, 418], [418, 565], [424, 425], [424, 431], [424, 556], [431, 431], [431, 434], [431, 440], [556, 557], [556, 558], [566, -39], [566, 565], [566, 566]], "missing_branches": [[572, 573], [572, 579], [579, 582], [579, 588], [620, 621], [620, 622]]}, "app/frontend/admin_scenario_management.py": {"executed_lines": [1, 16, 19, 21, 372, 374, 515, 517, 586, 588, 751, 753, 828, 830, 879, 881, 1018, 1020], "summary": {"covered_lines": 17, "num_statements": 17, "percent_covered": 100.0, "percent_covered_display": "100.00", "missing_lines": 0, "excluded_lines": 0, "num_branches": 0, "num_partial_branches": 0, "covered_branches": 0, "missing_branches": 0}, "missing_lines": [], "excluded_lines": [], "executed_branches": [], "missing_branches": []}, "app/frontend/chat.py": {"executed_lines": [1, 12, 14, 17, 20, 21, 23, 351, 353], "summary": {"covered_lines": 8, "num_statements": 8, "percent_covered": 100.0, "percent_covered_display": "100.00", "missing_lines": 0, "excluded_lines": 0, "num_branches": 2, "num_partial_branches": 0, "covered_branches": 2, "missing_branches": 0}, "missing_lines": [], "excluded_lines": [], "executed_branches": [[21, -17], [21, 20]], "missing_branches": []}, "app/frontend/content_view.py": {"executed_lines": [1, 12, 15, 18, 19, 21], "summary": {"covered_lines": 5, "num_statements": 5, "percent_covered": 100.0, "percent_covered_display": "100.00", "missing_lines": 0, "excluded_lines": 0, "num_branches": 2, "num_partial_branches": 0, "covered_branches": 2, "missing_branches": 0}, "missing_lines": [], "excluded_lines": [], "executed_branches": [[19, -15], [19, 18]], "missing_branches": []}, "app/frontend/diagnostic.py": {"executed_lines": [1, 12, 15, 18, 19, 21, 97, 99], "summary": {"covered_lines": 7, "num_statements": 7, "percent_covered": 100.0, "percent_covered_display": "100.00", "missing_lines": 0, "excluded_lines": 0, "num_branches": 2, "num_partial_branches": 0, "covered_branches": 2, "missing_branches": 0}, "missing_lines": [], "excluded_lines": [], "executed_branches": [[19, -15], [19, 18]], "missing_branches": []}, "app/frontend/home.py": {"executed_lines": [1, 12, 13, 16, 18, 41, 44, 46, 253, 255, 849, 851, 1012, 1014, 1191, 1194, 1195, 1197, 1377, 1378, 1380], "summary": {"covered_lines": 20, "num_statements": 20, "percent_covered": 100.0, "percent_covered_display": "100.00", "missing_lines": 0, "excluded_lines": 0, "num_branches": 4, "num_partial_branches": 0, "covered_branches": 4, "missing_branches": 0}, "missing_lines": [], "excluded_lines": [], "executed_branches": [[1195, 1194], [1195, 1377], [1378, -1191], [1378, 1377]], "missing_branches": []}, "app/frontend/layout.py": {"executed_lines": [1, 11, 13, 16, 18, 59, 61, 71, 75, 88, 90, 91, 92, 94, 95, 97, 99, 102, 104, 105, 108, 110, 112, 122, 123, 125, 128, 130, 132, 134, 135, 137, 140, 142, 144, 145, 149, 152, 156, 158, 160, 161, 163, 166, 170, 229, 280, 283, 286, 287, 289], "summary": {"covered_lines": 50, "num_statements": 50, "percent_covered": 100.0, "percent_covered_display": "100.00", "missing_lines": 0, "excluded_lines": 0, "num_branches": 10, "num_partial_branches": 0, "covered_branches": 10, "missing_branches": 0}, "missing_lines": [], "excluded_lines": [], "executed_branches": [[91, 92], [91, 94], [94, 95], [94, 97], [144, 145], [144, 149], [160, 161], [160, 163], [286, 287], [286, 289]], "missing_branches": []}, "app/frontend/learning_analytics_dashboard.py": {"executed_lines": [1, 9, 10, 11, 14, 16, 425, 429, 430, 437, 438, 494, 532, 535, 536, 537, 539, 622, 625, 626, 629, 630, 631, 632, 633, 634, 635, 636, 637, 639, 640, 642, 651, 654, 655, 656, 657, 660, 687, 731, 734, 736, 752, 755, 756, 765, 775, 779, 788, 790, 803, 806, 807, 816, 823, 826, 828, 850, 853, 854, 856, 874], "summary": {"covered_lines": 61, "num_statements": 61, "percent_covered": 100.0, "percent_covered_display": "100.00", "missing_lines": 0, "excluded_lines": 0, "num_branches": 16, "num_partial_branches": 0, "covered_branches": 16, "missing_branches": 0}, "missing_lines": [], "excluded_lines": [], "executed_branches": [[429, 430], [429, 437], [437, 438], [437, 494], [629, 630], [629, 632], [632, 633], [632, 635], [635, 636], [635, 639], [755, 756], [755, 765], [806, 807], [806, 816], [853, 854], [853, 856]], "missing_branches": []}, "app/frontend/main.py": {"executed_lines": [1, 12, 14, 17, 20, 22, 23, 24, 27, 28, 29, 30, 31, 32, 35, 37, 40, 47, 48, 49, 50, 51, 52, 53, 56, 59, 61, 65], "summary": {"covered_lines": 27, "num_statements": 27, "percent_covered": 100.0, "percent_covered_display": "100.00", "missing_lines": 0, "excluded_lines": 0, "num_branches": 0, "num_partial_branches": 0, "covered_branches": 0, "missing_branches": 0}, "missing_lines": [], "excluded_lines": [], "executed_branches": [], "missing_branches": []}, "app/frontend/profile.py": {"executed_lines": [1, 12, 13, 16, 19, 20, 22, 339, 341], "summary": {"covered_lines": 8, "num_statements": 8, "percent_covered": 100.0, "percent_covered_display": "100.00", "missing_lines": 0, "excluded_lines": 0, "num_branches": 2, "num_partial_branches": 0, "covered_branches": 2, "missing_branches": 0}, "missing_lines": [], "excluded_lines": [], "executed_branches": [[20, -16], [20, 19]], "missing_branches": []}, "app/frontend/progress.py": {"executed_lines": [1, 11, 12, 15, 18, 19, 21], "summary": {"covered_lines": 6, "num_statements": 6, "percent_covered": 100.0, "percent_covered_display": "100.00", "missing_lines": 0, "excluded_lines": 0, "num_branches": 2, "num_partial_branches": 0, "covered_branches": 2, "missing_branches": 0}, "missing_lines": [], "excluded_lines": [], "executed_branches": [[19, -15], [19, 18]], "missing_branches": []}, "app/frontend/progress_analytics_dashboard.py": {"executed_lines": [1, 18, 19, 20, 23, 25, 706, 712, 713, 720, 721, 729, 821, 823, 853, 855, 875, 877, 878, 879, 880, 882, 1006, 1009, 1017, 1019, 1046, 1048, 1049, 1068, 1101, 1103, 1118, 1120, 1175, 1177, 1178, 1180, 1223, 1225, 1237, 1239, 1240, 1242, 1331, 1333, 1345, 1347, 1348, 1350, 1418, 1420, 1432, 1434, 1435, 1437, 1439, 1466, 1468, 1498, 1500, 1512, 1514, 1566, 1568, 1585, 1587, 1599, 1601, 1644], "summary": {"covered_lines": 69, "num_statements": 69, "percent_covered": 100.0, "percent_covered_display": "100.00", "missing_lines": 0, "excluded_lines": 0, "num_branches": 14, "num_partial_branches": 0, "covered_branches": 14, "missing_branches": 0}, "missing_lines": [], "excluded_lines": [], "executed_branches": [[712, 713], [712, 720], [720, 721], [720, 729], [1048, 1049], [1048, 1068], [1177, 1178], [1177, 1180], [1239, 1240], [1239, 1242], [1347, 1348], [1347, 1350], [1434, 1435], [1434, 1437]], "missing_branches": []}, "app/frontend/server.py": {"executed_lines": [1, 8, 9, 12, 14, 19, 20], "summary": {"covered_lines": 6, "num_statements": 6, "percent_covered": 100.0, "percent_covered_display": "100.00", "missing_lines": 0, "excluded_lines": 0, "num_branches": 2, "num_partial_branches": 0, "covered_branches": 2, "missing_branches": 0}, "missing_lines": [], "excluded_lines": [], "executed_branches": [[19, -1], [19, 20]], "missing_branches": []}, "app/frontend/styles.py": {"executed_lines": [1, 12, 15, 17, 915, 917, 926, 929, 931, 937], "summary": {"covered_lines": 9, "num_statements": 9, "percent_covered": 100.0, "percent_covered_display": "100.00", "missing_lines": 0, "excluded_lines": 0, "num_branches": 0, "num_partial_branches": 0, "covered_branches": 0, "missing_branches": 0}, "missing_lines": [], "excluded_lines": [], "executed_branches": [], "missing_branches": []}, "app/frontend/user_budget.py": {"executed_lines": [1, 10, 11, 13, 16, 138, 286, 379, 435, 527], "summary": {"covered_lines": 9, "num_statements": 61, "percent_covered": 11.842105263157896, "percent_covered_display": "11.84", "missing_lines": 52, "excluded_lines": 0, "num_branches": 15, "num_partial_branches": 0, "covered_branches": 0, "missing_branches": 15}, "missing_lines": [29, 30, 31, 32, 33, 34, 35, 38, 39, 40, 41, 42, 43, 44, 45, 46, 47, 48, 49, 51, 52, 53, 55, 149, 150, 151, 152, 153, 155, 298, 299, 311, 312, 313, 314, 315, 316, 317, 319, 339, 388, 389, 391, 392, 395, 396, 398, 399, 402, 420, 437, 546], "excluded_lines": [], "executed_branches": [], "missing_branches": [[38, 39], [38, 42], [42, 43], [42, 46], [46, 47], [46, 51], [298, 299], [298, 311], [312, 313], [312, 339], [391, 392], [391, 395], [398, -398], [398, 399], [398, 420]]}, "app/frontend/user_budget_routes.py": {"executed_lines": [1, 9, 10, 12, 13, 14, 16, 17, 18, 19, 20, 21, 22, 24, 27, 30, 31, 244, 246, 247], "summary": {"covered_lines": 19, "num_statements": 58, "percent_covered": 27.63157894736842, "percent_covered_display": "27.63", "missing_lines": 39, "excluded_lines": 0, "num_branches": 18, "num_partial_branches": 0, "covered_branches": 2, "missing_branches": 16}, "missing_lines": [35, 36, 37, 38, 44, 45, 46, 52, 54, 62, 63, 64, 67, 68, 108, 119, 120, 125, 126, 127, 128, 129, 130, 132, 135, 149, 158, 166, 167, 168, 181, 194, 204, 232, 234, 235, 236, 237, 238], "excluded_lines": [], "executed_branches": [[31, -27], [31, 30], [31, 31]], "missing_branches": [[37, 38], [37, 44], [52, 54], [52, 67], [67, 68], [67, 108], [125, 126], [125, 127], [127, 128], [127, 129], [129, 130], [129, 132], [167, 168], [167, 181], [234, 235], [234, 236]]}, "app/frontend/user_ui.py": {"executed_lines": [1, 12, 13, 14, 16, 19, 21, 66, 68, 78, 80, 82, 105, 107, 120, 122, 132, 134, 213, 215, 257, 259, 284, 286, 364, 366, 414, 416, 423, 429, 431, 439, 441, 468, 470, 500, 502], "summary": {"covered_lines": 36, "num_statements": 36, "percent_covered": 100.0, "percent_covered_display": "100.00", "missing_lines": 0, "excluded_lines": 0, "num_branches": 0, "num_partial_branches": 0, "covered_branches": 0, "missing_branches": 0}, "missing_lines": [], "excluded_lines": [], "executed_branches": [], "missing_branches": []}, "app/frontend/visual_learning.py": {"executed_lines": [1, 14, 15, 18, 21, 22, 24, 154, 155, 157, 236, 237, 239, 414, 415, 417, 467, 468, 470, 512, 516, 517, 519, 543, 545, 561, 563, 565, 587, 596, 598, 641, 645, 647], "summary": {"covered_lines": 33, "num_statements": 33, "percent_covered": 100.0, "percent_covered_display": "100.00", "missing_lines": 0, "excluded_lines": 0, "num_branches": 10, "num_partial_branches": 0, "covered_branches": 10, "missing_branches": 0}, "missing_lines": [], "excluded_lines": [], "executed_branches": [[22, 21], [22, 154], [155, 154], [155, 236], [237, 236], [237, 414], [415, 414], [415, 467], [468, -18], [468, 467]], "missing_branches": []}, "app/frontend_main.py": {"executed_lines": [1, 20, 23, 27, 29, 31, 35, 38, 39, 40, 41, 42, 43, 44, 45, 46, 47, 48, 49, 50, 51], "summary": {"covered_lines": 20, "num_statements": 20, "percent_covered": 100.0, "percent_covered_display": "100.00", "missing_lines": 0, "excluded_lines": 0, "num_branches": 2, "num_partial_branches": 0, "covered_branches": 2, "missing_branches": 0}, "missing_lines": [], "excluded_lines": [], "executed_branches": [[38, -1], [38, 39]], "missing_branches": []}, "app/main.py": {"executed_lines": [1, 6, 8, 9, 10, 11, 13, 14, 15, 16, 17, 18, 19, 20, 21, 22, 23, 24, 27, 30, 32, 34, 43, 52, 53, 56, 57, 58, 59, 60, 61, 62, 63, 64, 65, 66, 67, 70, 71, 72, 75, 76, 77, 85, 89, 92, 94, 95, 104, 105], "summary": {"covered_lines": 49, "num_statements": 49, "percent_covered": 100.0, "percent_covered_display": "100.00", "missing_lines": 0, "excluded_lines": 0, "num_branches": 6, "num_partial_branches": 0, "covered_branches": 6, "missing_branches": 0}, "missing_lines": [], "excluded_lines": [], "executed_branches": [[71, 70], [71, 75], [76, 75], [76, 85], [104, -1], [104, 105]], "missing_branches": []}, "app/models/__init__.py": {"executed_lines": [], "summary": {"covered_lines": 0, "num_statements": 0, "percent_covered": 100.0, "percent_covered_display": "100.00", "missing_lines": 0, "excluded_lines": 0, "num_branches": 0, "num_partial_branches": 0, "covered_branches": 0, "missing_branches": 0}, "missing_lines": [], "excluded_lines": [], "executed_branches": [], "missing_branches": []}, "app/models/budget.py": {"executed_lines": [1, 7, 8, 10, 22, 23, 25, 28, 29, 31, 32, 33, 34, 37, 38, 40, 41, 42, 43, 46, 47, 54, 56, 57, 62, 63, 66, 69, 72, 73, 74, 77, 78, 79, 82, 83, 84, 87, 90, 93, 98, 99, 102, 103, 108, 113, 115, 147, 149, 150, 151, 153, 161, 198, 199, 205, 207, 208, 211, 212, 217, 218, 219, 222, 223, 224, 225, 228, 229, 232, 237], "summary": {"covered_lines": 66, "num_statements": 89, "percent_covered": 64.76190476190476, "percent_covered_display": "64.76", "missing_lines": 23, "excluded_lines": 0, "num_branches": 16, "num_partial_branches": 0, "covered_branches": 2, "missing_branches": 14}, "missing_lines": [155, 156, 158, 159, 163, 165, 167, 168, 170, 172, 174, 176, 178, 180, 182, 183, 185, 187, 189, 192, 193, 195, 239], "excluded_lines": [], "executed_branches": [[149, 150], [149, 151]], "missing_branches": [[155, 156], [155, 158], [165, 167], [165, 172], [167, 168], [167, 170], [172, 174], [172, 178], [178, 180], [178, 185], [185, 187], [185, 192], [192, 193], [192, 195]]}, "app/models/database.py": {"executed_lines": [1, 8, 10, 25, 26, 28, 32, 33, 35, 36, 37, 40, 41, 48, 49, 50, 51, 52, 53, 54, 55, 58, 59, 61, 62, 63, 66, 67, 69, 70, 71, 72, 73, 74, 77, 78, 80, 81, 82, 83, 86, 87, 89, 90, 91, 95, 106, 107, 109, 111, 112, 113, 114, 115, 116, 119, 120, 121, 122, 125, 126, 127, 130, 131, 134, 135, 136, 139, 140, 146, 160, 166, 167, 169, 170, 171, 173, 174, 176, 177, 178, 180, 182, 200, 202, 210, 223, 226, 227, 229, 237, 238, 241, 244, 247, 250, 251, 253, 255, 256, 257, 258, 259, 262, 263, 264, 267, 272, 273, 286, 287, 289, 291, 292, 293, 296, 297, 298, 301, 304, 305, 306, 307, 310, 311, 312, 315, 316, 323, 329, 330, 349, 350, 352, 355, 356, 358, 360, 361, 364, 365, 366, 369, 370, 371, 374, 375, 376, 379, 380, 381, 384, 387, 390, 395, 396, 415, 416, 418, 420, 421, 422, 425, 426, 427, 428, 429, 432, 433, 434, 437, 438, 441, 442, 443, 446, 447, 448, 449, 450, 453, 454, 458, 461, 467, 468, 493, 494, 495, 497, 500, 501, 503, 505, 506, 507, 510, 513, 514, 515, 518, 519, 520, 521, 524, 525, 526, 529, 530, 531, 534, 535, 536, 539, 544, 552, 553, 579, 580, 582, 584, 585, 586, 589, 590, 591, 592, 593, 596, 597, 598, 601, 602, 603, 604, 607, 608, 609, 612, 617, 618, 619, 622, 623, 624, 627, 632, 639, 640, 675, 676, 678, 680, 681, 684, 685, 688, 689, 690, 693, 694, 697, 698, 701, 702, 705, 708, 714, 734, 735, 737, 739, 740, 743, 746, 747, 750, 751, 752, 755, 756, 757, 758, 761, 764, 767, 774, 792, 793, 795, 797, 798, 801, 804, 805, 808, 809, 810, 813, 814, 817, 818, 821, 824, 830, 831, 848, 849, 851, 853, 854, 855, 858, 859, 862, 863, 866, 867, 870, 871, 872, 875, 876, 877, 880, 883, 884, 887, 888, 895, 902, 929, 930, 932, 934, 935, 936, 939, 942, 945, 946, 947, 948, 951, 954, 955, 958, 959, 964, 971, 989, 997, 999, 1000, 1002, 1003, 1004, 1005, 1006, 1007, 1009, 1010, 1014], "summary": {"covered_lines": 344, "num_statements": 352, "percent_covered": 97.31182795698925, "percent_covered_display": "97.31", "missing_lines": 8, "excluded_lines": 0, "num_branches": 20, "num_partial_branches": 0, "covered_branches": 18, "missing_branches": 2}, "missing_lines": [715, 775, 903, 922, 923, 924, 926, 972], "excluded_lines": [], "executed_branches": [[167, 166], [167, 173], [169, 170], [169, 171], [174, 173], [174, 180], [176, 177], [176, 178], [237, 238], [237, 241], [349, 350], [349, 352], [493, 494], [493, 497], [1005, 1006], [1005, 1007], [1009, -989], [1009, 1010]], "missing_branches": [[922, 923], [922, 926]]}, "app/models/feature_toggle.py": {"executed_lines": [1, 6, 7, 8, 9, 12, 13, 15, 16, 17, 18, 21, 22, 24, 25, 26, 27, 28, 31, 32, 34, 35, 36, 37, 38, 39, 40, 41, 44, 45, 47, 50, 53, 56, 61, 62, 64, 65, 66, 69, 72, 75, 80, 83, 86, 91, 94, 97, 98, 103, 106, 109, 110, 115, 118, 123, 129, 132, 136, 138, 139, 141, 144, 145, 147, 148, 149, 152, 155, 156, 161, 164, 165, 168, 170, 172, 173, 175, 178, 179, 181, 182, 183, 188, 191, 192, 195, 196, 199, 200, 203, 207, 209, 210, 212, 215, 216, 218, 219, 222, 223, 226, 230, 231, 232, 234, 237, 238, 239, 243, 244, 246, 251, 254, 255, 257, 260, 263, 266, 267, 269, 272, 275, 277, 280, 281, 282, 286, 287, 289, 292, 295, 296, 298, 299, 300, 301, 304, 305, 307, 308, 309, 310, 311, 314, 315, 317, 318, 319, 320, 321, 324, 325, 327, 328, 329, 330, 334, 337, 340, 344, 347], "summary": {"covered_lines": 148, "num_statements": 148, "percent_covered": 100.0, "percent_covered_display": "100.00", "missing_lines": 0, "excluded_lines": 0, "num_branches": 6, "num_partial_branches": 0, "covered_branches": 6, "missing_branches": 0}, "missing_lines": [], "excluded_lines": [], "executed_branches": [[139, -61], [139, 138], [173, -144], [173, 172], [210, -178], [210, 209]], "missing_branches": []}, "app/models/schemas.py": {"executed_lines": [1, 8, 9, 10, 12, 22, 23, 25, 26, 27, 30, 31, 38, 39, 40, 41, 42, 43, 44, 45, 48, 49, 51, 52, 53, 56, 57, 59, 60, 61, 62, 63, 64, 67, 68, 70, 71, 72, 73, 76, 77, 79, 80, 81, 82, 85, 86, 88, 89, 90, 94, 95, 97, 101, 102, 105, 106, 111, 114, 117, 125, 128, 133, 137, 142, 146, 150, 155, 156, 157, 159, 160, 161, 164, 165, 168, 169, 170, 173, 174, 179, 182, 185, 188, 190, 191, 198, 215, 216, 219, 224, 225, 226, 229, 232, 237, 238, 242, 243, 247, 248, 252, 253, 258, 264, 277, 278, 280, 281, 282, 283, 284, 285, 286, 289, 290, 292, 293, 294, 295, 297, 298, 299, 301, 302, 305, 308, 309, 311, 312, 313, 314, 315, 316, 317, 318, 319, 322, 323, 325, 326, 327, 328, 329, 330, 331, 332, 333, 336, 337, 339, 340, 341, 342, 346, 347, 349, 350, 351, 352, 353, 354, 357, 358, 360, 363, 364, 366, 367, 371, 372, 374, 375, 376, 379, 380, 382, 383, 386, 387, 389, 390, 391, 394, 395, 397, 398, 399, 400, 401, 402, 403, 404, 405, 406, 407, 411, 412, 414, 415, 416, 419, 420, 422, 423, 426, 427, 429, 430, 431, 432, 433, 434, 435, 436, 437, 438, 439, 440, 444, 445, 447, 448, 449, 452, 453, 455, 456, 457, 458, 461, 462, 464, 465, 466, 467, 468, 471, 472, 474, 475, 476, 477, 478, 479, 480, 481, 482, 483, 484, 485, 486, 487, 488, 489, 490, 493, 494, 496, 497, 501, 502, 504, 505, 506, 509, 510, 512, 513, 516, 517, 519, 520, 521, 522, 523, 524, 525, 526, 527, 530, 531, 533, 534, 535, 536, 537, 538, 539, 540, 541, 542, 543, 544, 545, 546, 547, 548, 549, 553, 554, 556, 557, 558, 559, 560, 563, 564, 566, 567, 568, 569, 570, 573, 574, 576, 577, 578, 579, 580, 581, 582, 583, 586, 587, 589, 590, 591, 592, 593, 594, 595, 596, 597, 598, 599, 600, 601, 602, 603, 604, 605, 606, 607, 611, 612, 614, 615, 616, 619, 620, 622, 623, 624, 625, 626, 627, 628, 631, 632, 634, 635, 636, 637, 638, 639, 640, 641, 642, 643, 647, 648, 650, 653, 654, 656, 657, 658, 661, 662, 664, 665, 666, 669, 670, 672, 673, 674, 675, 676, 677, 680, 681, 683, 684, 685, 686, 689, 690, 692, 693, 694, 695, 696, 697, 700, 701, 703, 704, 705, 706, 709, 710, 712, 713, 714, 718], "summary": {"covered_lines": 366, "num_statements": 366, "percent_covered": 100.0, "percent_covered_display": "100.00", "missing_lines": 0, "excluded_lines": 0, "num_branches": 24, "num_partial_branches": 0, "covered_branches": 24, "missing_branches": 0}, "missing_lines": [], "excluded_lines": [], "executed_branches": [[155, 156], [155, 157], [156, 155], [156, 157], [157, -101], [157, 156], [159, 160], [159, 161], [191, -164], [191, 190], [191, 191], [243, -215], [243, 242], [243, 243], [247, 248], [247, 252], [252, 253], [252, 258], [297, 298], [297, 299], [298, 297], [298, 299], [299, -289], [299, 298], [301, 302], [301, 305]], "missing_branches": []}, "app/models/simple_user.py": {"executed_lines": [1, 6, 7, 8, 9, 11, 14, 15, 17, 18, 19, 22, 23, 25, 27, 28, 29, 30, 31, 32, 35, 36, 39, 42, 43, 44, 47, 48, 52, 54], "summary": {"covered_lines": 27, "num_statements": 27, "percent_covered": 100.0, "percent_covered_display": "100.00", "missing_lines": 0, "excluded_lines": 0, "num_branches": 0, "num_partial_branches": 0, "covered_branches": 0, "missing_branches": 0}, "missing_lines": [], "excluded_lines": [], "executed_branches": [], "missing_branches": []}, "app/services/__init__.py": {"executed_lines": [], "summary": {"covered_lines": 0, "num_statements": 0, "percent_covered": 100.0, "percent_covered_display": "100.00", "missing_lines": 0, "excluded_lines": 0, "num_branches": 0, "num_partial_branches": 0, "covered_branches": 0, "missing_branches": 0}, "missing_lines": [], "excluded_lines": [], "executed_branches": [], "missing_branches": []}, "app/services/admin_auth.py": {"executed_lines": [1, 12, 13, 14, 15, 17, 19, 20, 21, 22, 24, 27, 28, 31, 32, 33, 34, 37, 38, 39, 40, 43, 44, 45, 48, 49, 50, 53, 54, 56, 57, 58, 59, 61, 63, 92, 95, 96, 98, 99, 101, 103, 104, 106, 108, 109, 111, 113, 115, 118, 119, 120, 122, 123, 124, 129, 130, 131, 136, 138, 140, 142, 144, 145, 146, 147, 148, 149, 151, 152, 155, 156, 158, 159, 160, 162, 166, 167, 169, 170, 172, 173, 174, 176, 177, 180, 182, 196, 198, 199, 201, 202, 203, 205, 207, 208, 210, 212, 213, 217, 221, 225, 226, 229, 232, 236, 237, 241, 244, 248, 249, 252, 256, 259, 262, 265, 266, 267, 271, 273, 277, 280, 281, 283, 284, 285, 288, 290, 293, 296, 297, 298, 299, 300, 304, 306, 310, 311, 313, 314, 315, 317, 321, 322, 323, 325, 326, 333, 334, 336, 338, 339, 341, 342, 343, 344, 345, 347, 349, 351, 353, 355, 356, 357, 361, 365, 367, 369, 371, 372, 374, 376, 379, 380, 381, 389, 394, 395, 396, 397, 398, 403, 406, 407, 408, 409, 410, 414, 416, 420, 422, 423, 424, 426, 430, 431, 433, 435, 438, 440, 441, 442, 448, 449, 458, 460, 461, 462, 466, 470, 471, 475, 476, 477, 483, 486, 489, 490, 491, 492, 493, 497, 498, 499, 504, 506, 508], "summary": {"covered_lines": 223, "num_statements": 223, "percent_covered": 100.0, "percent_covered_display": "100.00", "missing_lines": 0, "excluded_lines": 0, "num_branches": 68, "num_partial_branches": 0, "covered_branches": 68, "missing_branches": 0}, "missing_lines": [], "excluded_lines": [], "executed_branches": [[95, 96], [95, 98], [120, 119], [120, 138], [123, 124], [123, 129], [130, 131], [130, 136], [145, -142], [145, 146], [145, 158], [147, 148], [147, 151], [167, -162], [167, 169], [167, 201], [170, 172], [170, 180], [172, 173], [172, 177], [225, 226], [225, 229], [236, 237], [236, 241], [249, 249], [249, 252], [249, 256], [266, 267], [266, 271], [281, 280], [281, 290], [284, 285], [284, 288], [297, 296], [297, 306], [299, 300], [299, 304], [321, 322], [321, 325], [338, 339], [338, 341], [341, 342], [341, 347], [355, 356], [355, 357], [374, 376], [374, 379], [380, 381], [380, 389], [394, 395], [394, 396], [407, 406], [407, 416], [409, 410], [409, 414], [430, 431], [430, 433], [441, -438], [441, 442], [441, 460], [448, 449], [448, 458], [470, 471], [470, 475], [476, 477], [476, 483], [491, 490], [491, 506], [492, 493], [492, 497], [498, 499], [498, 504]], "missing_branches": []}, "app/services/ai_model_manager.py": {"executed_lines": [1, 18, 19, 20, 21, 22, 23, 24, 25, 28, 30, 32, 33, 34, 36, 39, 40, 42, 43, 44, 45, 46, 49, 50, 52, 53, 54, 55, 56, 57, 60, 61, 63, 64, 65, 66, 69, 70, 71, 73, 74, 75, 76, 77, 78, 81, 82, 83, 84, 87, 88, 91, 92, 93, 94, 97, 98, 99, 100, 103, 104, 105, 108, 109, 110, 112, 113, 114, 115, 116, 119, 120, 121, 123, 124, 125, 128, 129, 130, 131, 132, 135, 136, 137, 140, 141, 144, 145, 146, 148, 149, 152, 153, 154, 156, 157, 160, 161, 162, 165, 166, 167, 168, 171, 172, 175, 176, 179, 180, 182, 183, 184, 185, 186, 187, 188, 189, 190, 192, 194, 195, 228, 252, 268, 273, 278, 280, 399, 400, 401, 402, 405, 406, 412, 414, 416, 417, 455, 457, 458, 486, 490, 492, 493, 494, 495, 496, 499, 508, 551, 554, 555, 557, 559, 560, 562, 564, 565, 567, 570, 585, 586, 587, 588, 589, 590, 592, 593, 596, 598, 600, 602, 604, 606, 608, 610, 611, 612, 614, 624, 625, 627, 628, 631, 632, 633, 635, 637, 638, 639, 642, 643, 644, 645, 647, 651, 652, 655, 656, 657, 660, 665, 668, 672, 681, 682, 691, 695, 696, 699, 700, 701, 703, 704, 707, 708, 709, 710, 712, 728, 730, 731, 733, 734, 747, 749, 750, 751, 753, 757, 758, 759, 761, 762, 764, 766, 768, 770, 771, 772, 776, 779, 782, 785, 787, 794, 796, 798, 799, 800, 801, 802, 803, 804, 805, 806, 807, 809, 811, 813, 815, 816, 817, 818, 819, 820, 821, 822, 824, 826, 828, 830, 831, 832, 833, 834, 836, 844, 846, 847, 850, 851, 853, 861, 863, 864, 872, 874, 875, 876, 877, 878, 885, 886, 887, 888, 891, 893, 895, 899, 905, 916, 918, 923, 930, 932, 933, 935, 937, 941, 948, 949, 951, 953, 957, 958, 959, 961, 963, 967, 969, 970, 971, 972, 973, 974, 975, 977, 979, 981, 983, 985, 987, 989, 990, 991, 992, 993, 995, 997, 999, 1001, 1003, 1005, 1006, 1007, 1009, 1011, 1013, 1015, 1018, 1020, 1022, 1023, 1026, 1027, 1028, 1029, 1035, 1053], "summary": {"covered_lines": 352, "num_statements": 352, "percent_covered": 100.0, "percent_covered_display": "100.00", "missing_lines": 0, "excluded_lines": 0, "num_branches": 120, "num_partial_branches": 0, "covered_branches": 120, "missing_branches": 0}, "missing_lines": [], "excluded_lines": [], "executed_branches": [[69, 70], [69, 71], [113, 114], [113, 115], [115, -112], [115, 116], [119, 120], [119, 121], [152, 153], [152, 154], [194, -192], [194, 195], [399, -278], [399, 400], [405, 399], [405, 406], [416, -414], [416, 417], [457, -455], [457, 458], [492, 493], [492, 554], [493, 494], [493, 495], [495, 496], [495, 499], [554, -554], [554, 555], [560, -560], [560, -557], [560, 560], [564, 565], [564, 567], [585, 586], [585, 592], [586, 585], [586, 587], [587, 588], [587, 589], [589, 585], [589, 590], [610, 611], [610, 612], [624, 625], [624, 627], [627, -614], [627, 628], [632, 633], [632, 635], [642, 643], [642, 647], [655, 656], [655, 665], [656, 657], [656, 660], [681, -672], [681, 682], [695, 696], [695, 699], [700, 701], [700, 703], [733, 734], [733, 749], [749, 750], [749, 751], [770, -770], [770, 771], [771, -771], [771, 772], [772, -772], [772, 772], [772, 776], [776, -776], [776, 776], [776, 779], [779, -779], [779, 779], [779, 782], [782, -782], [782, 782], [782, 785], [798, 799], [798, 800], [800, 801], [800, 802], [802, 803], [802, 804], [804, 805], [804, 806], [806, 807], [806, 809], [815, 816], [815, 817], [817, 818], [817, 819], [819, 820], [819, 824], [821, 822], [821, 824], [850, -850], [850, 850], [850, 851], [851, -851], [851, 851], [851, 853], [875, 876], [875, 893], [877, 878], [877, 885], [886, 887], [886, 888], [899, -899], [899, 899], [899, 905], [948, 949], [948, 951], [957, 958], [957, 961], [989, 990], [989, 991], [991, 992], [991, 993], [1005, 1006], [1005, 1007], [1015, -1015], [1015, 1015], [1015, 1018], [1027, 1028], [1027, 1035]], "missing_branches": []}, "app/services/ai_router.py": {"executed_lines": [1, 20, 21, 22, 23, 24, 26, 32, 33, 34, 35, 36, 37, 39, 42, 43, 45, 46, 47, 48, 49, 52, 53, 55, 56, 57, 58, 59, 60, 61, 64, 65, 66, 68, 69, 70, 71, 72, 73, 74, 75, 76, 77, 80, 81, 83, 84, 85, 86, 87, 88, 89, 90, 92, 94, 117, 119, 120, 122, 124, 125, 127, 129, 130, 135, 138, 139, 140, 143, 145, 146, 148, 150, 151, 152, 153, 154, 156, 158, 160, 164, 165, 166, 167, 168, 170, 172, 174, 176, 179, 181, 185, 186, 188, 189, 191, 194, 196, 200, 201, 205, 207, 217, 218, 219, 221, 229, 230, 233, 234, 235, 237, 261, 262, 271, 272, 278, 281, 282, 285, 290, 291, 296, 299, 300, 303, 306, 310, 332, 333, 337, 345, 346, 349, 357, 360, 365, 367, 370, 378, 380, 382, 384, 387, 395, 397, 398, 403, 406, 410, 411, 414, 420, 422, 429, 435, 441, 442, 443, 445, 454, 458, 468, 495, 496, 498, 500, 501, 507, 508, 509, 512, 513, 514, 515, 520, 521, 522, 523, 524, 529, 530, 531, 532, 537, 538, 540, 541, 545, 548, 549, 552, 556, 567, 569, 578, 580, 586, 594, 602, 603, 606, 607, 611, 613, 635, 637, 639, 646, 651, 656, 657, 665, 666, 680,
[...]
36, 237], [236, 242], [249, 250], [249, 253], [265, 266], [265, 271], [278, 279], [278, 282], [369, 370], [369, 377], [385, 386], [385, 393], [481, 482], [481, 485], [485, 486], [485, 489], [489, 490], [489, 493], [493, 494], [493, 496], [508, 509], [508, 511], [536, 537], [536, 539], [560, 561], [560, 563], [625, -623], [625, 626], [632, 633], [632, 634], [647, 648], [647, 650], [653, 654], [653, 655], [661, 662], [661, 664], [683, 684], [683, 688], [688, 689], [688, 693], [704, 705], [704, 707], [768, 769], [768, 773], [852, 853], [852, 882], [858, 859], [858, 865], [872, 873], [872, 882], [910, 911], [910, 915], [933, 934], [933, 937], [940, 941], [940, 944], [947, 949], [947, 955], [955, 957], [955, 969], [961, 963], [961, 969], [990, 991], [990, 992], [992, 993], [992, 994], [994, 995], [994, 996], [996, 997], [996, 999], [1006, 1007], [1006, 1017], [1024, 1025], [1024, 1032], [1032, 1033], [1032, 1034], [1041, 1042], [1041, 1044], [1042, -1042], [1042, 1041], [1042, 1042], [1042, 1043], [1104, 1105], [1104, 1108], [1105, 1104], [1105, 1106], [1134, 1135], [1134, 1140], [1140, 1141], [1140, 1144], [1147, 1148], [1147, 1150], [1159, 1160], [1159, 1163], [1163, 1164], [1163, 1167], [1172, 1173], [1172, 1178], [1172, 1181], [1195, 1196], [1195, 1199], [1202, 1203], [1202, 1207], [1211, 1212], [1211, 1216], [1225, 1226], [1225, 1229], [1232, 1233], [1232, 1237], [1240, 1241], [1240, 1247], [1242, 1243], [1242, 1247], [1273, 1274], [1273, 1277], [1285, 1286], [1285, 1288], [1291, 1292], [1291, 1299], [1292, 1291], [1292, 1293], [1303, 1304], [1303, 1305], [1305, 1306], [1305, 1307], [1307, 1308], [1307, 1309], [1309, 1310], [1309, 1311], [1342, -1342], [1342, 1342], [1342, 1343], [1342, 1345], [1347, 1348], [1347, 1351], [1351, 1352], [1351, 1357], [1352, 1351], [1352, 1353], [1380, 1381], [1380, 1382], [1382, 1383], [1382, 1384], [1388, 1389], [1388, 1390], [1449, 1450], [1449, 1452], [1484, 1485], [1484, 1487]], "missing_branches": []}, "app/services/sr_algorithm.py": {"executed_lines": [1, 9, 10, 11, 12, 13, 15, 16, 22, 25, 26, 39, 46, 47, 49, 76, 77, 78, 79, 90, 91, 92, 95, 96, 115, 117, 118, 119, 138, 169, 170, 171, 174, 176, 180, 181, 182, 184, 188, 189, 190, 192, 193, 194, 195, 197, 198, 199, 201, 205, 206, 208, 209, 212, 215, 217, 219, 260, 261, 278, 280, 281, 282, 285, 293, 294, 295, 296, 299, 330, 331, 332, 334, 335, 336, 338, 365, 366, 367, 370, 377, 378, 379, 380, 383, 384, 385, 386, 388, 389, 392, 395, 400, 401, 406, 407, 409, 410, 413, 418, 421, 422, 423, 425, 430, 433, 434, 435, 436, 437, 438, 441, 442, 445, 475, 477, 480, 482, 483, 484, 486, 506, 507, 508, 510, 524, 525, 526, 527, 532, 537, 539, 541, 542, 543, 545, 561, 562, 563, 566, 567, 576, 579, 582, 583, 584, 585, 586, 589, 591, 592, 593, 595, 596, 598, 599, 600, 603], "summary": {"covered_lines": 156, "num_statements": 156, "percent_covered": 100.0, "percent_covered_display": "100.00", "missing_lines": 0, "excluded_lines": 0, "num_branches": 50, "num_partial_branches": 0, "covered_branches": 50, "missing_branches": 0}, "missing_lines": [], "excluded_lines": [], "executed_branches": [[77, -49], [77, 78], [77, 117], [91, 92], [91, 95], [95, 96], [95, 115], [174, 176], [174, 182], [182, 184], [182, 190], [190, 192], [190, 199], [192, 193], [192, 194], [194, 195], [194, 197], [199, 201], [199, 212], [205, 206], [205, 208], [281, -219], [281, 282], [281, 334], [294, 295], [294, 299], [366, -338], [366, 367], [366, 482], [378, 379], [378, 383], [401, 401], [401, 406], [401, 409], [421, 422], [421, 430], [422, 423], [422, 425], [441, 442], [441, 445], [507, -486], [507, 508], [507, 541], [525, 526], [525, 539], [562, -545], [562, 563], [562, 598], [566, 567], [566, 576], [583, 584], [583, 591], [585, 583], [585, 586], [591, 592], [591, 595]], "missing_branches": []}, "app/services/sr_analytics.py": {"executed_lines": [1, 9, 10, 11, 13, 15, 18, 19, 28, 35, 36, 38, 40, 42, 62, 63, 64, 67, 81, 84, 97, 100, 109, 110, 121, 131, 134, 143, 145, 156, 158, 159, 160, 162, 166, 174, 175, 176, 178, 182, 190, 191, 192, 193, 194, 195, 196, 197, 199, 203, 211, 212, 213, 214, 215, 218, 219, 223, 239, 241, 242, 243, 245, 246, 249, 253, 254, 256, 258, 272, 273, 274, 277, 287, 290, 298, 301, 309, 311, 318, 319, 320, 324], "summary": {"covered_lines": 81, "num_statements": 81, "percent_covered": 100.0, "percent_covered_display": "100.00", "missing_lines": 0, "excluded_lines": 0, "num_branches": 20, "num_partial_branches": 0, "covered_branches": 20, "missing_branches": 0}, "missing_lines": [], "excluded_lines": [], "executed_branches": [[63, -42], [63, 64], [63, 158], [175, -162], [175, 176], [191, -178], [191, 192], [194, 195], [194, 196], [196, -178], [196, 197], [212, -199], [212, 213], [214, 215], [214, 218], [218, -199], [218, 219], [242, 243], [242, 253], [242, 256], [273, -258], [273, 274], [273, 318]], "missing_branches": []}, "app/services/sr_database.py": {"executed_lines": [1, 6, 7, 8, 9, 10, 13, 15, 17, 20, 21, 23, 24, 26, 28, 29, 30, 32, 33, 35, 36, 37, 39, 40, 42, 43, 44, 45, 46, 48, 49, 51, 52, 53, 54, 55, 56, 58, 59, 61, 62, 63, 64, 65, 67, 68, 70, 71, 72, 73, 74, 75, 77, 78, 80, 81, 82, 84, 85, 87, 88, 89, 91, 95, 96, 97, 98, 100, 101, 102, 104, 105, 106, 107, 108, 110, 112, 113, 114, 115, 116, 117, 118, 119, 120, 122, 124, 125, 126, 127, 128, 129, 130, 131, 132, 136, 139, 142, 143, 144], "summary": {"covered_lines": 98, "num_statements": 98, "percent_covered": 100.0, "percent_covered_display": "100.00", "missing_lines": 0, "excluded_lines": 0, "num_branches": 42, "num_partial_branches": 0, "covered_branches": 42, "missing_branches": 0}, "missing_lines": [], "excluded_lines": [], "executed_branches": [[33, 32], [33, 39], [35, 36], [35, 37], [40, 39], [40, 48], [42, 43], [42, 44], [44, 45], [44, 46], [49, 48], [49, 58], [51, 52], [51, 53], [59, 58], [59, 67], [61, 62], [61, 63], [63, 64], [63, 65], [68, 67], [68, 77], [70, 71], [70, 72], [78, 77], [78, 84], [80, 81], [80, 82], [85, 84], [85, 91], [87, 88], [87, 89], [96, -91], [96, 97], [96, 106], [100, 101], [100, 104], [113, -110], [113, 114], [113, 118], [125, -122], [125, 126], [125, 130], [142, 143], [142, 144]], "missing_branches": []}, "app/services/sr_gamification.py": {"executed_lines": [1, 9, 10, 11, 12, 13, 15, 16, 19, 22, 23, 28, 36, 37, 39, 41, 47, 48, 50, 51, 52, 54, 56, 70, 73, 74, 75, 83, 84, 94, 95, 105, 106, 115, 150, 151, 152, 154, 157, 166, 167, 168, 170, 198, 199, 201, 202], "summary": {"covered_lines": 45, "num_statements": 45, "percent_covered": 100.0, "percent_covered_display": "100.00", "missing_lines": 0, "excluded_lines": 0, "num_branches": 16, "num_partial_branches": 0, "covered_branches": 16, "missing_branches": 0}, "missing_lines": [], "excluded_lines": [], "executed_branches": [[48, 47], [48, 56], [73, 74], [73, 94], [74, 75], [74, 83], [83, 84], [83, 94], [94, 95], [94, 105], [105, -56], [105, 106], [151, -115], [151, 152], [151, 201], [166, 167], [166, 170]], "missing_branches": []}, "app/services/sr_models.py": {"executed_lines": [1, 6, 7, 8, 9, 12, 13, 15, 16, 17, 18, 21, 22, 24, 25, 26, 27, 28, 31, 32, 34, 35, 36, 37, 40, 41, 43, 44, 45, 46, 47, 48, 51, 52, 53, 58, 59, 60, 61, 62, 63, 64, 65, 66, 67, 68, 69, 70, 71, 72, 73, 74, 75, 76, 77, 78, 79, 80, 81, 82, 83, 84, 85, 86, 87, 88, 90, 91, 92, 93, 94, 95, 96, 99, 100, 101, 103, 104, 105, 106, 107, 108, 109, 110, 111, 112, 113, 114, 115, 116, 117, 118, 119, 120, 121, 122, 123, 124, 125, 126, 128, 129, 130, 131, 132, 135, 136, 137, 139, 140, 141, 142, 143, 144, 145, 146, 147, 148, 149, 150, 151, 152, 153, 154, 155, 156, 157, 158, 159, 160, 161, 163, 164, 165, 166, 167], "summary": {"covered_lines": 128, "num_statements": 128, "percent_covered": 100.0, "percent_covered_display": "100.00", "missing_lines": 0, "excluded_lines": 0, "num_branches": 20, "num_partial_branches": 0, "covered_branches": 20, "missing_branches": 0}, "missing_lines": [], "excluded_lines": [], "executed_branches": [[51, 52], [51, 53], [91, 92], [91, 93], [93, 94], [93, 95], [95, -90], [95, 96], [99, 100], [99, 101], [129, 130], [129, 131], [131, -128], [131, 132], [135, 136], [135, 137], [164, 165], [164, 166], [166, -163], [166, 167]], "missing_branches": []}, "app/services/sr_sessions.py": {"executed_lines": [1, 6, 7, 8, 9, 10, 12, 13, 15, 18, 19, 29, 36, 38, 68, 69, 83, 84, 85, 87, 108, 109, 110, 112, 113, 114, 116, 152, 153, 154, 157, 164, 165, 166, 167, 169, 171, 172, 173, 174, 177, 178, 183, 208, 211, 219, 220, 221, 223, 226, 228, 229, 230, 232, 247, 248, 250, 251, 252, 254, 255, 256, 259, 267, 269, 271, 276, 278, 280, 281, 283, 284, 286, 289, 292, 293, 295, 315, 324, 326, 329, 331, 332, 334, 358, 368, 369, 371, 380, 403, 404, 405, 407, 410, 419, 420, 421, 424, 426, 451, 452, 454, 455, 458], "summary": {"covered_lines": 102, "num_statements": 102, "percent_covered": 100.0, "percent_covered_display": "100.00", "missing_lines": 0, "excluded_lines": 0, "num_branches": 28, "num_partial_branches": 0, "covered_branches": 28, "missing_branches": 0}, "missing_lines": [], "excluded_lines": [], "executed_branches": [[84, -38], [84, 85], [84, 112], [153, -116], [153, 154], [153, 228], [165, 166], [165, 169], [171, 172], [171, 173], [220, 221], [220, 223], [247, 248], [247, 250], [255, -232], [255, 256], [255, 331], [269, 271], [269, 315], [278, 280], [278, 281], [281, 283], [281, 284], [284, 286], [284, 289], [368, -334], [368, 369], [404, -380], [404, 405], [404, 454], [419, 420], [419, 424]], "missing_branches": []}, "app/services/sync.py": {"executed_lines": [1, 18, 19, 20, 21, 22, 23, 25, 27, 28, 29, 30, 37, 40, 41, 43, 44, 45, 48, 49, 51, 52, 53, 54, 55, 58, 59, 61, 62, 63, 64, 67, 68, 69, 71, 72, 73, 74, 75, 76, 77, 80, 81, 82, 84, 85, 86, 87, 88, 89, 90, 91, 94, 95, 97, 98, 99, 100, 101, 102, 103, 104, 107, 120, 121, 123, 124, 125, 137, 145, 146, 147, 148, 149, 150, 151, 152, 154, 158, 159, 160, 161, 164, 167, 169, 172, 174, 175, 176, 187, 189, 193, 195, 196, 198, 199, 200, 201, 202, 208, 209, 210, 212, 213, 215, 217, 219, 220, 222, 223, 224, 227, 229, 232, 234, 236, 239, 240, 241, 242, 243, 245, 251, 252, 254, 256, 257, 258, 259, 261, 263, 267, 269, 270, 272, 273, 275, 276, 278, 279, 280, 281, 283, 285, 287, 289, 293, 294, 295, 299, 300, 301, 303, 305, 307, 319, 321, 328, 332, 333, 346, 347, 348, 350, 352, 354, 357, 361, 362, 363, 364, 365, 366, 368, 371, 373, 375, 377, 378, 379, 380, 381, 382, 383, 385, 389, 390, 393, 395, 399, 405, 406, 414, 415, 417, 419, 423, 424, 425, 432, 433, 434, 436, 440, 452, 454, 458, 460, 461, 463, 464, 465, 468, 471, 472, 474, 476, 477, 478, 479, 481, 483, 487, 489, 491, 495, 497, 498, 500, 501, 502, 505, 506, 512, 513, 515, 516, 527, 528, 529, 530, 533, 535, 537, 538, 539, 540, 542, 545, 558, 559, 561, 562, 563, 564, 565, 566, 569, 572, 575, 582, 584, 588, 589, 590, 591, 594, 596, 597, 598, 601, 603, 605, 614, 616, 617, 618, 619, 620, 622, 626, 640, 644, 648, 651, 653, 656, 658], "summary": {"covered_lines": 281, "num_statements": 281, "percent_covered": 100.0, "percent_covered_display": "100.00", "missing_lines": 0, "excluded_lines": 0, "num_branches": 66, "num_partial_branches": 0, "covered_branches": 66, "missing_branches": 0}, "missing_lines": [], "excluded_lines": [], "executed_branches": [[67, 68], [67, 69], [80, 81], [80, 82], [145, 146], [145, 164], [196, 198], [196, 217], [201, 202], [201, 215], [209, 210], [209, 212], [217, 219], [217, 261], [220, 222], [220, 261], [227, 229], [227, 254], [234, 236], [234, 243], [243, 245], [243, 254], [272, 273], [272, 275], [275, 276], [275, 283], [299, 300], [299, 303], [332, -328], [332, 333], [347, 348], [347, 350], [364, 365], [364, 368], [378, 379], [378, 383], [380, 381], [380, 382], [389, -385], [389, 390], [405, 406], [405, 417], [423, -419], [423, 424], [424, 423], [424, 425], [461, 463], [461, 481], [468, 471], [468, 474], [498, 500], [498, 542], [505, 506], [505, 535], [512, 513], [512, 535], [513, 512], [513, 515], [561, 562], [561, 563], [563, 564], [563, 565], [565, 566], [565, 575], [590, 591], [590, 594]], "missing_branches": []}, "app/services/tutor_mode_manager.py": {"executed_lines": [1, 21, 22, 23, 24, 25, 26, 27, 29, 31, 34, 35, 37, 38, 39, 40, 41, 42, 45, 46, 48, 49, 50, 53, 54, 56, 57, 58, 59, 62, 63, 64, 66, 67, 68, 69, 70, 71, 72, 73, 74, 75, 76, 77, 78, 81, 82, 83, 85, 86, 87, 88, 89, 90, 91, 92, 93, 94, 95, 96, 97, 99, 100, 101, 102, 103, 104, 105, 106, 107, 108, 109, 110, 111, 114, 115, 122, 124, 125, 126, 127, 129, 132, 558, 560, 562, 573, 583, 586, 587, 588, 591, 600, 602, 603, 605, 608, 609, 610, 612, 615, 621, 623, 626, 627, 628, 630, 631, 634, 635, 640, 642, 650, 651, 652, 654, 657, 660, 661, 664, 665, 668, 671, 672, 679, 680, 682, 695, 696, 697, 699, 702, 703, 704, 707, 709, 721, 723, 724, 726, 729, 730, 731, 733, 744, 747, 755, 756, 757, 758, 759, 762, 763, 764, 768, 772], "summary": {"covered_lines": 149, "num_statements": 149, "percent_covered": 100.0, "percent_covered_display": "100.00", "missing_lines": 0, "excluded_lines": 0, "num_branches": 38, "num_partial_branches": 0, "covered_branches": 38, "missing_branches": 0}, "missing_lines": [], "excluded_lines": [], "executed_branches": [[62, 63], [62, 64], [81, 82], [81, 83], [100, 101], [100, 102], [102, 103], [102, 104], [104, 105], [104, 106], [106, 107], [106, 108], [108, 109], [108, 110], [110, -99], [110, 111], [587, 588], [587, 591], [609, 610], [609, 612], [627, 628], [627, 630], [634, 635], [634, 640], [651, 652], [651, 654], [664, 665], [664, 668], [703, 704], [703, 707], [730, 731], [730, 733], [755, 756], [755, 762], [757, 758], [757, 759], [762, 763], [762, 768]], "missing_branches": []}, "app/services/user_management.py": {"executed_lines": [1, 12, 13, 14, 16, 17, 19, 20, 21, 29, 39, 41, 44, 45, 47, 48, 50, 52, 55, 68, 69, 71, 74, 75, 78, 79, 82, 83, 86, 102, 103, 104, 106, 107, 108, 110, 111, 114, 121, 124, 141, 143, 144, 146, 147, 148, 149, 150, 151, 152, 153, 155, 157, 170, 171, 172, 173, 174, 176, 177, 179, 180, 181, 183, 185, 195, 196, 197, 198, 199, 202, 203, 208, 220, 226, 229, 230, 235, 236, 245, 247, 248, 249, 251, 253, 266, 267, 268, 269, 270, 273, 274, 275, 276, 278, 279, 282, 289, 290, 291, 293, 294, 295, 296, 298, 300, 311, 312, 313, 314, 315, 317, 319, 320, 321, 322, 325, 326, 329, 331, 333, 335, 336, 337, 338, 340, 342, 361, 362, 363, 366, 367, 368, 369, 372, 374, 376, 377, 378, 380, 383, 402, 403, 404, 405, 406, 409, 420, 422, 434, 444, 445, 456, 457, 458, 460, 461, 462, 463, 465, 467, 477, 478, 479, 480, 481, 483, 489, 501, 502, 503, 505, 507, 518, 519, 520, 521, 522, 524, 533, 534, 535, 537, 538, 539, 540, 542, 545, 558, 559, 560, 561, 562, 565, 577, 578, 582, 593, 594, 596, 598, 599, 600, 601, 603, 605, 624, 625, 626, 627, 628, 630, 642, 643, 646, 647, 648, 649, 651, 652, 654, 656, 658, 659, 660, 661, 663, 665, 678, 679, 680, 681, 682, 684, 688, 689, 691, 693, 698, 699, 700, 702, 705, 718, 719, 720, 721, 722, 725, 726, 728, 729, 731, 734, 741, 742, 744, 745, 746, 747, 749, 751, 761, 762, 763, 764, 765, 767, 769, 770, 771, 773, 776, 786, 787, 791, 792, 793, 798, 811, 813, 814, 815, 817, 820, 830, 831, 832, 833, 834, 837, 838, 839, 842, 848, 849, 852, 854, 863, 875, 876, 877, 879, 883, 887, 889, 892, 894, 897, 899, 902, 904], "summary": {"covered_lines": 310, "num_statements": 310, "percent_covered": 100.0, "percent_covered_display": "100.00", "missing_lines": 0, "excluded_lines": 0, "num_branches": 72, "num_partial_branches": 0, "covered_branches": 72, "missing_branches": 0}, "missing_lines": [], "excluded_lines": [], "executed_branches": [[74, 75], [74, 78], [78, 79], [78, 86], [82, 83], [82, 86], [102, 103], [102, 104], [104, 106], [104, 110], [146, 147], [146, 150], [173, 174], [173, 176], [198, 199], [198, 202], [203, 203], [203, 208], [203, 220], [203, 247], [230, -230], [230, 230], [230, 235], [269, 270], [269, 273], [274, 275], [274, 278], [275, 274], [275, 276], [314, 315], [314, 317], [317, 319], [317, 325], [366, 367], [366, 368], [368, 369], [368, 372], [405, 406], [405, 409], [420, 422], [420, 434], [444, 445], [444, 456], [480, 481], [480, 483], [521, 522], [521, 524], [561, 562], [561, 565], [577, 578], [577, 582], [627, 628], [627, 630], [642, 643], [642, 646], [647, 648], [647, 651], [647, 658], [648, 647], [648, 649], [681, 682], [681, 684], [688, 689], [688, 691], [721, 722], [721, 725], [764, 765], [764, 767], [792, 793], [792, 798], [833, 834], [833, 837], [848, -848], [848, 848], [848, 849], [849, -849], [849, 849], [849, 852]], "missing_branches": []}, "app/services/visual_learning_service.py": {"executed_lines": [1, 15, 16, 17, 18, 19, 20, 21, 23, 26, 27, 29, 30, 31, 32, 33, 34, 35, 36, 39, 40, 42, 43, 44, 45, 46, 47, 48, 49, 52, 53, 55, 56, 57, 58, 59, 60, 63, 64, 65, 67, 68, 69, 70, 71, 72, 73, 74, 75, 78, 79, 80, 82, 83, 84, 85, 86, 87, 88, 89, 90, 91, 92, 95, 96, 97, 99, 100, 101, 102, 103, 104, 105, 106, 107, 110, 111, 114, 115, 116, 118, 119, 120, 121, 122, 123, 124, 125, 126, 127, 128, 129, 130, 131, 134, 135, 136, 138, 139, 140, 141, 142, 143, 144, 145, 146, 147, 148, 149, 150, 153, 154, 164, 166, 167, 170, 171, 172, 173, 175, 181, 183, 187, 210, 212, 225, 226, 227, 229, 240, 241, 242, 244, 245, 255, 256, 257, 258, 260, 264, 265, 266, 269, 270, 271, 274, 275, 276, 277, 278, 280, 281, 282, 284, 286, 288, 289, 290, 292, 293, 294, 297, 311, 312, 313, 314, 316, 322, 324, 325, 326, 327, 330, 331, 332, 333, 335, 346, 347, 349, 353, 365, 367, 379, 380, 381, 383, 387, 389, 390, 391, 392, 394, 408, 412, 413, 414, 416, 420, 432, 434, 446, 447, 448, 450, 456, 458, 459, 460, 461, 463, 482, 486, 487, 488, 490, 494, 506, 508, 520, 521, 522, 524, 528, 530, 531, 532, 533, 535, 551, 555, 556, 557, 559, 563, 565, 566, 569, 583, 584, 586, 588, 589, 591, 605, 606, 608, 610, 611, 613, 630, 631, 633, 635, 636, 638, 654, 655, 659, 662, 665, 666, 667], "summary": {"covered_lines": 253, "num_statements": 253, "percent_covered": 100.0, "percent_covered_display": "100.00", "missing_lines": 0, "excluded_lines": 0, "num_branches": 66, "num_partial_branches": 0, "covered_branches": 66, "missing_branches": 0}, "missing_lines": [], "excluded_lines": [], "executed_branches": [[63, 64], [63, 65], [78, 79], [78, 80], [95, 96], [95, 97], [107, -107], [107, 107], [107, 110], [114, 115], [114, 116], [134, 135], [134, 136], [175, 175], [175, 181], [175, 183], [241, 242], [241, 244], [265, 266], [265, 269], [270, 271], [270, 284], [274, 275], [274, 280], [275, 274], [275, 276], [276, 277], [276, 278], [289, 290], [289, 292], [293, 294], [293, 297], [293, 312], [324, 325], [324, 349], [326, 327], [326, 330], [326, 346], [330, 331], [330, 332], [332, 333], [332, 335], [389, 390], [389, 416], [391, 392], [391, 394], [391, 413], [408, 389], [408, 408], [408, 412], [458, 459], [458, 490], [460, 461], [460, 463], [460, 487], [482, 458], [482, 482], [482, 486], [530, 531], [530, 559], [532, 533], [532, 535], [532, 556], [551, 530], [551, 551], [551, 555], [583, -563], [583, 584], [605, -586], [605, 606], [630, -608], [630, 631], [654, -633], [654, 655], [665, 666], [665, 667]], "missing_branches": []}, "app/utils/sqlite_adapters.py": {"executed_lines": [1, 12, 13, 14, 17, 28, 30, 31, 34, 44, 47, 57, 59, 63, 65, 66, 67, 68, 71, 74, 75, 76, 77, 80, 82, 83, 85, 87, 88, 91, 101, 102, 103, 104, 105, 107, 108, 111, 121, 122, 125, 126, 127, 131], "summary": {"covered_lines": 43, "num_statements": 43, "percent_covered": 100.0, "percent_covered_display": "100.00", "missing_lines": 0, "excluded_lines": 0, "num_branches": 12, "num_partial_branches": 0, "covered_branches": 12, "missing_branches": 0}, "missing_lines": [], "excluded_lines": [], "executed_branches": [[28, 30], [28, 31], [63, 65], [63, 74], [65, 66], [65, 67], [67, 68], [67, 71], [74, 75], [74, 76], [76, 77], [76, 80]], "missing_branches": []}}, "totals": {"covered_lines": 14093, "num_statements": 14411, "percent_covered": 97.38686369316021, "percent_covered_display": "97.39", "missing_lines": 318, "excluded_lines": 0, "num_branches": 3996, "num_partial_branches": 40, "covered_branches": 3833, "missing_branches": 163}}